Using pre-set license
Built from '2022.3/staging' branch; Version is '2022.3.22f1 (887be4894c44) revision 8944612'; Using compiler version '192829333'; Build Type 'Release'
OS: 'Windows 10  (10.0.19045) 64bit ProfessionalWorkstation' Language: 'zh' Physical Memory: 40680 MB
BatchMode: 1, IsHumanControllingUs: 0, StartBugReporterOnCrash: 0, Is64bit: 1, IsPro: 1

COMMAND LINE ARGUMENTS:
C:\Program Files\Unity Hub\Editor\2022.3.22f1\Editor\Unity.exe
-adb2
-batchMode
-noUpm
-name
AssetImportWorker1
-projectPath
D:/Studafe/Studafé
-logFile
Logs/AssetImportWorker1.log
-srvPort
4572
Successfully changed project path to: D:/Studafe/Studafé
D:/Studafe/Studafé
[UnityMemory] Configuration Parameters - Can be set up in boot.config
    "memorysetup-bucket-allocator-granularity=16"
    "memorysetup-bucket-allocator-bucket-count=8"
    "memorysetup-bucket-allocator-block-size=33554432"
    "memorysetup-bucket-allocator-block-count=8"
    "memorysetup-main-allocator-block-size=16777216"
    "memorysetup-thread-allocator-block-size=16777216"
    "memorysetup-gfx-main-allocator-block-size=16777216"
    "memorysetup-gfx-thread-allocator-block-size=16777216"
    "memorysetup-cache-allocator-block-size=4194304"
    "memorysetup-typetree-allocator-block-size=2097152"
    "memorysetup-profiler-bucket-allocator-granularity=16"
    "memorysetup-profiler-bucket-allocator-bucket-count=8"
    "memorysetup-profiler-bucket-allocator-block-size=33554432"
    "memorysetup-profiler-bucket-allocator-block-count=8"
    "memorysetup-profiler-allocator-block-size=16777216"
    "memorysetup-profiler-editor-allocator-block-size=1048576"
    "memorysetup-temp-allocator-size-main=16777216"
    "memorysetup-job-temp-allocator-block-size=2097152"
    "memorysetup-job-temp-allocator-block-size-background=1048576"
    "memorysetup-job-temp-allocator-reduction-small-platforms=262144"
    "memorysetup-allocator-temp-initial-block-size-main=262144"
    "memorysetup-allocator-temp-initial-block-size-worker=262144"
    "memorysetup-temp-allocator-size-background-worker=32768"
    "memorysetup-temp-allocator-size-job-worker=262144"
    "memorysetup-temp-allocator-size-preload-manager=33554432"
    "memorysetup-temp-allocator-size-nav-mesh-worker=65536"
    "memorysetup-temp-allocator-size-audio-worker=65536"
    "memorysetup-temp-allocator-size-cloud-worker=32768"
    "memorysetup-temp-allocator-size-gi-baking-worker=262144"
    "memorysetup-temp-allocator-size-gfx=262144"
Player connection [18972] Host "[IP] 192.168.1.139 [Port] 0 [Flags] 2 [Guid] 1293412455 [EditorId] 1293412455 [Version] 1048832 [Id] WindowsEditor(7,DESKTOP-114514AA) [Debug] 1 [PackageName] WindowsEditor [ProjectName] Editor" joined multi-casting on [225.0.0.222:54997]...

Player connection [18972] Host "[IP] 192.168.1.139 [Port] 0 [Flags] 2 [Guid] 1293412455 [EditorId] 1293412455 [Version] 1048832 [Id] WindowsEditor(7,DESKTOP-114514AA) [Debug] 1 [PackageName] WindowsEditor [ProjectName] Editor" joined alternative multi-casting on [225.0.0.222:34997]...

[Physics::Module] Initialized MultithreadedJobDispatcher with 15 workers.
Refreshing native plugins compatible for Editor in 106.58 ms, found 28 plugins.
Preloading 2 native plugins for Editor in 4.52 ms.
Initialize engine version: 2022.3.22f1 (887be4894c44)
[Subsystems] Discovering subsystems at path C:/Program Files/Unity Hub/Editor/2022.3.22f1/Editor/Data/Resources/UnitySubsystems
[Subsystems] Discovering subsystems at path D:/Studafe/Studafé/Assets
GfxDevice: creating device client; threaded=0; jobified=0
Direct3D:
    Version:  Direct3D 11.0 [level 11.1]
    Renderer: NVIDIA GeForce RTX 4060 Laptop GPU (ID=0x28a0)
    Vendor:   NVIDIA
    VRAM:     7957 MB
    Driver:   32.0.15.7270
Shader 'Leviant's Shaders/ScreenSpace Ubershader v2.8': fallback shader 'Particles/Multiply' not found
Initialize mono
Mono path[0] = 'C:/Program Files/Unity Hub/Editor/2022.3.22f1/Editor/Data/Managed'
Mono path[1] = 'C:/Program Files/Unity Hub/Editor/2022.3.22f1/Editor/Data/MonoBleedingEdge/lib/mono/unityjit-win32'
Mono config path = 'C:/Program Files/Unity Hub/Editor/2022.3.22f1/Editor/Data/MonoBleedingEdge/etc'
Using monoOptions --debugger-agent=transport=dt_socket,embedding=1,server=y,suspend=n,address=127.0.0.1:56004
Begin MonoManager ReloadAssembly
Registering precompiled unity dll's ...
Trying to register platform support module: C:/Program Files/Unity Hub/Editor/2022.3.22f1/Editor/Data/PlaybackEngines/AndroidPlayer/UnityEditor.Android.Extensions.dll (that doesn't exist). Retrying without overrides.
Platform support module is not available: C:/Program Files/Unity Hub/Editor/2022.3.22f1/Editor/Data/PlaybackEngines/AndroidPlayer/UnityEditor.Android.Extensions.dll
Register platform support module: C:/Program Files/Unity Hub/Editor/2022.3.22f1/Editor/Data/PlaybackEngines/WindowsStandaloneSupport/UnityEditor.WindowsStandalone.Extensions.dll
Registered in 0.084409 seconds.
- Loaded All Assemblies, in  1.163 seconds
Native extension for WindowsStandalone target not found
Mono: successfully reloaded assembly
- Finished resetting the current domain, in  0.742 seconds
Domain Reload Profiling: 1885ms
	BeginReloadAssembly (395ms)
		ExecutionOrderSort (0ms)
		DisableScriptedObjects (0ms)
		BackupInstance (0ms)
		ReleaseScriptingObjects (0ms)
		CreateAndSetChildDomain (2ms)
	RebuildCommonClasses (85ms)
	RebuildNativeTypeToScriptingClass (20ms)
	initialDomainReloadingComplete (271ms)
	LoadAllAssembliesAndSetupDomain (370ms)
		LoadAssemblies (379ms)
		RebuildTransferFunctionScriptingTraits (0ms)
		AnalyzeDomain (362ms)
			TypeCache.Refresh (359ms)
				TypeCache.ScanAssembly (318ms)
			ScanForSourceGeneratedMonoScriptInfo (1ms)
			ResolveRequiredComponents (1ms)
	FinalizeReload (743ms)
		ReleaseScriptCaches (0ms)
		RebuildScriptCaches (0ms)
		SetupLoadedEditorAssemblies (605ms)
			LogAssemblyErrors (0ms)
			InitializePlatformSupportModulesInManaged (48ms)
			SetLoadedEditorAssemblies (17ms)
			RefreshPlugins (0ms)
			BeforeProcessingInitializeOnLoad (5ms)
			ProcessInitializeOnLoadAttributes (378ms)
			ProcessInitializeOnLoadMethodAttributes (157ms)
			AfterProcessingInitializeOnLoad (0ms)
			EditorAssembliesLoaded (0ms)
		ExecutionOrderSort2 (0ms)
		AwakeInstancesAfterBackupRestoration (0ms)
========================================================================
Worker process is ready to serve import requests
Begin MonoManager ReloadAssembly
- Loaded All Assemblies, in  3.067 seconds
Refreshing native plugins compatible for Editor in 50.76 ms, found 28 plugins.
Type TLP.UdonVoiceUtils.Runtime.Examples.VoiceOverrideDoor already exists
UnityEngine.StackTraceUtility:ExtractStackTrace ()
UnityEngine.DebugLogHandler:LogFormat (UnityEngine.LogType,UnityEngine.Object,string,object[])
UnityEngine.Logger:Log (UnityEngine.LogType,object)
UnityEngine.Debug:LogWarning (object)
TlpDefaultExecutionOrder:.ctor (System.Type,int) (at ./Packages/tlp.udonutils/Runtime/Attributes/TlpDefaultExecutionOrder.cs:15)

(Filename: ./Packages/tlp.udonutils/Runtime/Attributes/TlpDefaultExecutionOrder.cs Line: 15)

Type TLP.UdonVoiceUtils.Runtime.Core.PlayerAudioController already exists
UnityEngine.StackTraceUtility:ExtractStackTrace ()
UnityEngine.DebugLogHandler:LogFormat (UnityEngine.LogType,UnityEngine.Object,string,object[])
UnityEngine.Logger:Log (UnityEngine.LogType,object)
UnityEngine.Debug:LogWarning (object)
TlpDefaultExecutionOrder:.ctor (System.Type,int) (at ./Packages/tlp.udonutils/Runtime/Attributes/TlpDefaultExecutionOrder.cs:15)

(Filename: ./Packages/tlp.udonutils/Runtime/Attributes/TlpDefaultExecutionOrder.cs Line: 15)

Type TLP.UdonUtils.Runtime.Sync.Experimental.NtpClient already exists
UnityEngine.StackTraceUtility:ExtractStackTrace ()
UnityEngine.DebugLogHandler:LogFormat (UnityEngine.LogType,UnityEngine.Object,string,object[])
UnityEngine.Logger:Log (UnityEngine.LogType,object)
UnityEngine.Debug:LogWarning (object)
TlpDefaultExecutionOrder:.ctor (System.Type,int) (at ./Packages/tlp.udonutils/Runtime/Attributes/TlpDefaultExecutionOrder.cs:15)

(Filename: ./Packages/tlp.udonutils/Runtime/Attributes/TlpDefaultExecutionOrder.cs Line: 15)

Native extension for WindowsStandalone target not found
Package Manager log level set to [2]
[Package Manager] Server::EnsureServerProcessIsRunning -- launch failed, reason: Unity was launched with the -noUpm command-line argument
[Package Manager] UpmClient::Send -- Unable to send message (not connected to UPM process).
[Package Manager] Cannot connect to Unity Package Manager local server
jp.ootr.ImageDeviceController.Editor.SetObjectReferences must be instantiated using the ScriptableObject.CreateInstance method instead of new SetObjectReferences.
UnityEngine.StackTraceUtility:ExtractStackTrace ()
UnityEngine.ScriptableObject:.ctor ()
UnityEditor.Editor:.ctor ()
jp.ootr.ImageDeviceController.Editor.SetObjectReferences:.ctor ()
System.Reflection.RuntimeConstructorInfo:InternalInvoke (object,object[],bool)
System.RuntimeType:CreateInstanceMono (bool,bool)
System.RuntimeType:CreateInstanceSlow (bool,bool,bool,bool)
System.RuntimeType:CreateInstanceDefaultCtor (bool,bool,bool,bool,System.Threading.StackCrawlMark&)
System.Activator:CreateInstance (System.Type,bool,bool)
System.Activator:CreateInstance (System.Type,bool)
System.Activator:CreateInstance (System.Type)
VRC.SDKBase.Editor.BuildPipeline.VRCBuildPipelineCallbacks:Initialize ()
System.Reflection.RuntimeMethodInfo:Invoke (object,System.Reflection.BindingFlags,System.Reflection.Binder,object[],System.Globalization.CultureInfo)
System.Reflection.MethodBase:Invoke (object,object[])
UnityEditor.EditorAssemblies:ProcessInitializeOnLoadMethodAttributes ()

[C:\build\output\unity\unity\Runtime\Scripting\Scripting.cpp line 763]

jp.ootr.ImageDeviceController.Editor.SetObjectReference__ImageDeviceController must be instantiated using the ScriptableObject.CreateInstance method instead of new SetObjectReference__ImageDeviceController.
UnityEngine.StackTraceUtility:ExtractStackTrace ()
UnityEngine.ScriptableObject:.ctor ()
UnityEditor.Editor:.ctor ()
jp.ootr.ImageDeviceController.Editor.SetObjectReference__ImageDeviceController:.ctor ()
System.Reflection.RuntimeConstructorInfo:InternalInvoke (object,object[],bool)
System.RuntimeType:CreateInstanceMono (bool,bool)
System.RuntimeType:CreateInstanceSlow (bool,bool,bool,bool)
System.RuntimeType:CreateInstanceDefaultCtor (bool,bool,bool,bool,System.Threading.StackCrawlMark&)
System.Activator:CreateInstance (System.Type,bool,bool)
System.Activator:CreateInstance (System.Type,bool)
System.Activator:CreateInstance (System.Type)
VRC.SDKBase.Editor.BuildPipeline.VRCBuildPipelineCallbacks:Initialize ()
System.Reflection.RuntimeMethodInfo:Invoke (object,System.Reflection.BindingFlags,System.Reflection.Binder,object[],System.Globalization.CultureInfo)
System.Reflection.MethodBase:Invoke (object,object[])
UnityEditor.EditorAssemblies:ProcessInitializeOnLoadMethodAttributes ()

[C:\build\output\unity\unity\Runtime\Scripting\Scripting.cpp line 763]

System.Reflection.TargetInvocationException: Exception has been thrown by the target of an invocation. ---> System.NullReferenceException: Object reference not set to an instance of an object
  at Unity.XR.Oculus.OculusLoader.AssetPathToAbsolutePath (System.String assetPath) [0x00040] in .\Library\PackageCache\com.unity.xr.oculus@4.2.0\Runtime\OculusLoader.cs:298 
  at Unity.XR.Oculus.OculusLoader.EditorLoadOVRPlugin () [0x0008c] in .\Library\PackageCache\com.unity.xr.oculus@4.2.0\Runtime\OculusLoader.cs:283 
  at (wrapper managed-to-native) System.Reflection.RuntimeMethodInfo.InternalInvoke(System.Reflection.RuntimeMethodInfo,object,object[],System.Exception&)
  at System.Reflection.RuntimeMethodInfo.Invoke (System.Object obj, System.Reflection.BindingFlags invokeAttr, System.Reflection.Binder binder, System.Object[] parameters, System.Globalization.CultureInfo culture) [0x0006a] in <27124aa0e30a41659b903b822b959bc7>:0 
   --- End of inner exception stack trace ---
  at System.Reflection.RuntimeMethodInfo.Invoke (System.Object obj, System.Reflection.BindingFlags invokeAttr, System.Reflection.Binder binder, System.Object[] parameters, System.Globalization.CultureInfo culture) [0x00083] in <27124aa0e30a41659b903b822b959bc7>:0 
  at System.Reflection.MethodBase.Invoke (System.Object obj, System.Object[] parameters) [0x00000] in <27124aa0e30a41659b903b822b959bc7>:0 
  at UnityEditor.EditorAssemblies.ProcessInitializeOnLoadMethodAttributes () [0x000a5] in <80a8ce1980c648dca8e68f0d8aa3b930>:0 
UnityEngine.StackTraceUtility:ExtractStackTrace ()
UnityEngine.DebugLogHandler:LogFormat (UnityEngine.LogType,UnityEngine.Object,string,object[])
UnityEngine.Logger:Log (UnityEngine.LogType,object)
UnityEngine.Debug:LogError (object)
UnityEditor.EditorAssemblies:ProcessInitializeOnLoadMethodAttributes ()

Mono: successfully reloaded assembly
[<color=#FF00FF>UdonSharp</color>] Assets/预制件/Yodokorochan/Yodo_HapticControllers/Scripts/HapticSwitchPersistenceManager.cs(27,40): System.InvalidOperationException: Sequence contains no matching element
  at System.Linq.Enumerable.First[TSource] (System.Collections.Generic.IEnumerable`1[T] source, System.Func`2[T,TResult] predicate) [0x00011] in <70471b9615aa4ecfa3ed1abb95b73832>:0 
  at UdonSharp.Compiler.Binder.BoundInvocationExpression.TryCreateGetComponentInvocation (UdonSharp.Compiler.AbstractPhaseContext context, Microsoft.CodeAnalysis.SyntaxNode node, UdonSharp.Compiler.Symbols.MethodSymbol symbol, UdonSharp.Compiler.Binder.BoundExpression instanceExpression, UdonSharp.Compiler.Binder.BoundExpression[] parameterExpressions, UdonSharp.Compiler.Binder.BoundInvocationExpression& createdInvocation) [0x00224] in .\Packages\com.vrchat.worlds\Integrations\UdonSharp\Editor\Compiler\Binder\BoundNodes\BoundInvocationExpression.cs:186 
  at UdonSharp.Compiler.Binder.BoundInvocationExpression.TryCreateShimInvocation (UdonSharp.Compiler.AbstractPhaseContext context, Microsoft.CodeAnalysis.SyntaxNode node, UdonSharp.Compiler.Symbols.MethodSymbol symbol, UdonSharp.Compiler.Binder.BoundExpression instanceExpression, UdonSharp.Compiler.Binder.BoundExpression[] parameterExpressions, UdonSharp.Compiler.Binder.BoundInvocationExpression& createdInvocation) [0x0000f] in .\Packages\com.vrchat.worlds\Integrations\UdonSharp\Editor\Compiler\Binder\BoundNodes\BoundInvocationExpression.cs:379 
  at UdonSharp.Compiler.Binder.BoundInvocationExpression.CreateBoundInvocation (UdonSharp.Compiler.AbstractPhaseContext context, Microsoft.CodeAnalysis.SyntaxNode node, UdonSharp.Compiler.Symbols.MethodSymbol symbol, UdonSharp.Compiler.Binder.BoundExpression instanceExpression, UdonSharp.Compiler.Binder.BoundExpression[] parameterExpressions) [0x00000] in .\Packages\com.vrchat.worlds\Integrations\UdonSharp\Editor\Compiler\Binder\BoundNodes\BoundInvocationExpression.cs:406 
  at UdonSharp.Compiler.Binder.BinderSyntaxVisitor.VisitInvocationExpression (Microsoft.CodeAnalysis.CSharp.Syntax.InvocationExpressionSyntax node) [0x0040b] in .\Packages\com.vrchat.worlds\Integrations\UdonSharp\Editor\Compiler\Binder\BinderSyntaxVisitor.cs:511 
  at Microsoft.CodeAnalysis.CSharp.Syntax.InvocationExpressionSyntax.Accept[TResult] (Microsoft.CodeAnalysis.CSharp.CSharpSyntaxVisitor`1[TResult] visitor) [0x00000] in <9c2eb1fd370b4c31a981729c5e257f1b>:0 
  at Microsoft.CodeAnalysis.CSharp.CSharpSyntaxVisitor`1[TResult].Visit (Microsoft.CodeAnalysis.SyntaxNode node) [0x00003] in <9c2eb1fd370b4c31a981729c5e257f1b>:0 
  at UdonSharp.Compiler.Binder.BinderSyntaxVisitor.Visit (Microsoft.CodeAnalysis.SyntaxNode node) [0x0004c] in .\Packages\com.vrchat.worlds\Integrations\UdonSharp\Editor\Compiler\Binder\BinderSyntaxVisitor.cs:51 
  at UdonSharp.Compiler.Binder.BinderSyntaxVisitor.VisitExpression (Microsoft.CodeAnalysis.SyntaxNode node) [0x0000d] in .\Packages\com.vrchat.worlds\Integrations\UdonSharp\Editor\Compiler\Binder\BinderSyntaxVisitor.cs:112 
  at UdonSharp.Compiler.Binder.BinderSyntaxVisitor.VisitExpression (Microsoft.CodeAnalysis.SyntaxNode node, UdonSharp.Compiler.Symbols.TypeSymbol expectedType, System.Boolean explicitCast) [0x00000] in .\Packages\com.vrchat.worlds\Integrations\UdonSharp\Editor\Compiler\Binder\BinderSyntaxVisitor.cs:156 
  at UdonSharp.Compiler.Binder.BinderSyntaxVisitor.VisitAssignmentExpression (Microsoft.CodeAnalysis.CSharp.Syntax.AssignmentExpressionSyntax node) [0x00174] in .\Packages\com.vrchat.worlds\Integrations\UdonSharp\Editor\Compiler\Binder\BinderSyntaxVisitor.cs:625 
  at Microsoft.CodeAnalysis.CSharp.Syntax.AssignmentExpressionSyntax.Accept[TResult] (Microsoft.CodeAnalysis.CSharp.CSharpSyntaxVisitor`1[TResult] visitor) [0x00000] in <9c2eb1fd370b4c31a981729c5e257f1b>:0 
  at Microsoft.CodeAnalysis.CSharp.CSharpSyntaxVisitor`1[TResult].Visit (Microsoft.CodeAnalysis.SyntaxNode node) [0x00003] in <9c2eb1fd370b4c31a981729c5e257f1b>:0 
  at UdonSharp.Compiler.Binder.BinderSyntaxVisitor.Visit (Microsoft.CodeAnalysis.SyntaxNode node) [0x0004c] in .\Packages\com.vrchat.worlds\Integrations\UdonSharp\Editor\Compiler\Binder\BinderSyntaxVisitor.cs:51 
  at UdonSharp.Compiler.Binder.BinderSyntaxVisitor.VisitExpressionStatement (Microsoft.CodeAnalysis.CSharp.Syntax.ExpressionStatementSyntax node) [0x00000] in .\Packages\com.vrchat.worlds\Integrations\UdonSharp\Editor\Compiler\Binder\BinderSyntaxVisitor.cs:270 
  at Microsoft.CodeAnalysis.CSharp.Syntax.ExpressionStatementSyntax.Accept[TResult] (Microsoft.CodeAnalysis.CSharp.CSharpSyntaxVisitor`1[TResult] visitor) [0x00000] in <9c2eb1fd370b4c31a981729c5e257f1b>:0 
  at Microsoft.CodeAnalysis.CSharp.CSharpSyntaxVisitor`1[TResult].Visit (Microsoft.CodeAnalysis.SyntaxNode node) [0x00003] in <9c2eb1fd370b4c31a981729c5e257f1b>:0 
  at UdonSharp.Compiler.Binder.BinderSyntaxVisitor.Visit (Microsoft.CodeAnalysis.SyntaxNode node) [0x0004c] in .\Packages\com.vrchat.worlds\Integrations\UdonSharp\Editor\Compiler\Binder\BinderSyntaxVisitor.cs:51 
  at UdonSharp.Compiler.Binder.BinderSyntaxVisitor.VisitBlock (Microsoft.CodeAnalysis.CSharp.Syntax.BlockSyntax node) [0x0003e] in .\Packages\com.vrchat.worlds\Integrations\UdonSharp\Editor\Compiler\Binder\BinderSyntaxVisitor.cs:261 
  at Microsoft.CodeAnalysis.CSharp.Syntax.BlockSyntax.Accept[TResult] (Microsoft.CodeAnalysis.CSharp.CSharpSyntaxVisitor`1[TResult] visitor) [0x00000] in <9c2eb1fd370b4c31a981729c5e257f1b>:0 
  at Microsoft.CodeAnalysis.CSharp.CSharpSyntaxVisitor`1[TResult].Visit (Microsoft.CodeAnalysis.SyntaxNode node) [0x00003] in <9c2eb1fd370b4c31a981729c5e257f1b>:0 
  at UdonSharp.Compiler.Binder.BinderSyntaxVisitor.Visit (Microsoft.CodeAnalysis.SyntaxNode node) [0x0004c] in .\Packages\com.vrchat.worlds\Integrations\UdonSharp\Editor\Compiler\Binder\BinderSyntaxVisitor.cs:51 
  at UdonSharp.Compiler.Binder.BinderSyntaxVisitor.VisitStatement (Microsoft.CodeAnalysis.SyntaxNode node) [0x00000] in .\Packages\com.vrchat.worlds\Integrations\UdonSharp\Editor\Compiler\Binder\BinderSyntaxVisitor.cs:182 
  at UdonSharp.Compiler.Binder.BinderSyntaxVisitor.VisitIfStatement (Microsoft.CodeAnalysis.CSharp.Syntax.IfStatementSyntax node) [0x0005b] in .\Packages\com.vrchat.worlds\Integrations\UdonSharp\Editor\Compiler\Binder\BinderSyntaxVisitor.cs:787 
  at Microsoft.CodeAnalysis.CSharp.Syntax.IfStatementSyntax.Accept[TResult] (Microsoft.CodeAnalysis.CSharp.CSharpSyntaxVisitor`1[TResult] visitor) [0x00000] in <9c2eb1fd370b4c31a981729c5e257f1b>:0 
  at Microsoft.CodeAnalysis.CSharp.CSharpSyntaxVisitor`1[TResult].Visit (Microsoft.CodeAnalysis.SyntaxNode node) [0x00003] in <9c2eb1fd370b4c31a981729c5e257f1b>:0 
  at UdonSharp.Compiler.Binder.BinderSyntaxVisitor.Visit (Microsoft.CodeAnalysis.SyntaxNode node) [0x0004c] in .\Packages\com.vrchat.worlds\Integrations\UdonSharp\Editor\Compiler\Binder\BinderSyntaxVisitor.cs:51 
  at UdonSharp.Compiler.Binder.BinderSyntaxVisitor.VisitBlock (Microsoft.CodeAnalysis.CSharp.Syntax.BlockSyntax node) [0x0003e] in .\Packages\com.vrchat.worlds\Integrations\UdonSharp\Editor\Compiler\Binder\BinderSyntaxVisitor.cs:261 
  at Microsoft.CodeAnalysis.CSharp.Syntax.BlockSyntax.Accept[TResult] (Microsoft.CodeAnalysis.CSharp.CSharpSyntaxVisitor`1[TResult] visitor) [0x00000] in <9c2eb1fd370b4c31a981729c5e257f1b>:0 
  at Microsoft.CodeAnalysis.CSharp.CSharpSyntaxVisitor`1[TResult].Visit (Microsoft.CodeAnalysis.SyntaxNode node) [0x00003] in <9c2eb1fd370b4c31a981729c5e257f1b>:0 
  at UdonSharp.Compiler.Binder.BinderSyntaxVisitor.Visit (Microsoft.CodeAnalysis.SyntaxNode node) [0x0004c] in .\Packages\com.vrchat.worlds\Integrations\UdonSharp\Editor\Compiler\Binder\BinderSyntaxVisitor.cs:51 
  at UdonSharp.Compiler.Binder.BinderSyntaxVisitor.VisitStatement (Microsoft.CodeAnalysis.SyntaxNode node) [0x00000] in .\Packages\com.vrchat.worlds\Integrations\UdonSharp\Editor\Compiler\Binder\BinderSyntaxVisitor.cs:182 
  at UdonSharp.Compiler.Binder.BinderSyntaxVisitor.VisitIfStatement (Microsoft.CodeAnalysis.CSharp.Syntax.IfStatementSyntax node) [0x0005b] in .\Packages\com.vrchat.worlds\Integrations\UdonSharp\Editor\Compiler\Binder\BinderSyntaxVisitor.cs:787 
  at Microsoft.CodeAnalysis.CSharp.Syntax.IfStatementSyntax.Accept[TResult] (Microsoft.CodeAnalysis.CSharp.CSharpSyntaxVisitor`1[TResult] visitor) [0x00000] in <9c2eb1fd370b4c31a981729c5e257f1b>:0 
  at Microsoft.CodeAnalysis.CSharp.CSharpSyntaxVisitor`1[TResult].Visit (Microsoft.CodeAnalysis.SyntaxNode node) [0x00003] in <9c2eb1fd370b4c31a981729c5e257f1b>:0 
  at UdonSharp.Compiler.Binder.BinderSyntaxVisitor.Visit (Microsoft.CodeAnalysis.SyntaxNode node) [0x0004c] in .\Packages\com.vrchat.worlds\Integrations\UdonSharp\Editor\Compiler\Binder\BinderSyntaxVisitor.cs:51 
  at UdonSharp.Compiler.Binder.BinderSyntaxVisitor.VisitBlock (Microsoft.CodeAnalysis.CSharp.Syntax.BlockSyntax node) [0x0003e] in .\Packages\com.vrchat.worlds\Integrations\UdonSharp\Editor\Compiler\Binder\BinderSyntaxVisitor.cs:261 
  at Microsoft.CodeAnalysis.CSharp.Syntax.BlockSyntax.Accept[TResult] (Microsoft.CodeAnalysis.CSharp.CSharpSyntaxVisitor`1[TResult] visitor) [0x00000] in <9c2eb1fd370b4c31a981729c5e257f1b>:0 
  at Microsoft.CodeAnalysis.CSharp.CSharpSyntaxVisitor`1[TResult].Visit (Microsoft.CodeAnalysis.SyntaxNode node) [0x00003] in <9c2eb1fd370b4c31a981729c5e257f1b>:0 
  at UdonSharp.Compiler.Binder.BinderSyntaxVisitor.Visit (Microsoft.CodeAnalysis.SyntaxNode node) [0x0004c] in .\Packages\com.vrchat.worlds\Integrations\UdonSharp\Editor\Compiler\Binder\BinderSyntaxVisitor.cs:51 
  at UdonSharp.Compiler.Binder.BinderSyntaxVisitor.VisitStatement (Microsoft.CodeAnalysis.SyntaxNode node) [0x00000] in .\Packages\com.vrchat.worlds\Integrations\UdonSharp\Editor\Compiler\Binder\BinderSyntaxVisitor.cs:182 
  at UdonSharp.Compiler.Binder.BinderSyntaxVisitor.VisitIfStatement (Microsoft.CodeAnalysis.CSharp.Syntax.IfStatementSyntax node) [0x0005b] in .\Packages\com.vrchat.worlds\Integrations\UdonSharp\Editor\Compiler\Binder\BinderSyntaxVisitor.cs:787 
  at Microsoft.CodeAnalysis.CSharp.Syntax.IfStatementSyntax.Accept[TResult] (Microsoft.CodeAnalysis.CSharp.CSharpSyntaxVisitor`1[TResult] visitor) [0x00000] in <9c2eb1fd370b4c31a981729c5e257f1b>:0 
  at Microsoft.CodeAnalysis.CSharp.CSharpSyntaxVisitor`1[TResult].Visit (Microsoft.CodeAnalysis.SyntaxNode node) [0x00003] in <9c2eb1fd370b4c31a981729c5e257f1b>:0 
  at UdonSharp.Compiler.Binder.BinderSyntaxVisitor.Visit (Microsoft.CodeAnalysis.SyntaxNode node) [0x0004c] in .\Packages\com.vrchat.worlds\Integrations\UdonSharp\Editor\Compiler\Binder\BinderSyntaxVisitor.cs:51 
  at UdonSharp.Compiler.Binder.BinderSyntaxVisitor.VisitBlock (Microsoft.CodeAnalysis.CSharp.Syntax.BlockSyntax node) [0x0003e] in .\Packages\com.vrchat.worlds\Integrations\UdonSharp\Editor\Compiler\Binder\BinderSyntaxVisitor.cs:261 
  at Microsoft.CodeAnalysis.CSharp.Syntax.BlockSyntax.Accept[TResult] (Microsoft.CodeAnalysis.CSharp.CSharpSyntaxVisitor`1[TResult] visitor) [0x00000] in <9c2eb1fd370b4c31a981729c5e257f1b>:0 
  at Microsoft.CodeAnalysis.CSharp.CSharpSyntaxVisitor`1[TResult].Visit (Microsoft.CodeAnalysis.SyntaxNode node) [0x00003] in <9c2eb1fd370b4c31a981729c5e257f1b>:0 
  at UdonSharp.Compiler.Binder.BinderSyntaxVisitor.Visit (Microsoft.CodeAnalysis.SyntaxNode node) [0x0004c] in .\Packages\com.vrchat.worlds\Integrations\UdonSharp\Editor\Compiler\Binder\BinderSyntaxVisitor.cs:51 
  at UdonSharp.Compiler.Symbols.MethodSymbol.Bind (UdonSharp.Compiler.Binder.BindContext context) [0x0012f] in .\Packages\com.vrchat.worlds\Integrations\UdonSharp\Editor\Compiler\Binder\Symbols\MethodSymbol.cs:162 
  at UdonSharp.Compiler.Symbols.UdonSharpBehaviourMethodSymbol.Bind (UdonSharp.Compiler.Binder.BindContext context) [0x000a4] in .\Packages\com.vrchat.worlds\Integrations\UdonSharp\Editor\Compiler\Binder\Symbols\UdonSharpBehaviourMethodSymbol.cs:52 
  at UdonSharp.Compiler.Symbols.TypeSymbol.Bind (UdonSharp.Compiler.Binder.BindContext context) [0x00140] in .\Packages\com.vrchat.worlds\Integrations\UdonSharp\Editor\Compiler\Binder\Symbols\TypeSymbol.cs:137 
  at UdonSharp.Compiler.Binder.BindContext.Bind () [0x00015] in .\Packages\com.vrchat.worlds\Integrations\UdonSharp\Editor\Compiler\Binder\BindContext.cs:35 
  at UdonSharp.Compiler.UdonSharpCompilerV1+<>c__DisplayClass22_0.<BindAllPrograms>b__0 (System.ValueTuple`2[T1,T2] rootTypeSymbol) [0x00026] in .\Packages\com.vrchat.worlds\Integrations\UdonSharp\Editor\Compiler\UdonSharpCompilerV1.cs:618 
[<color=#FF00FF>UdonSharp</color>] Assets/QvBoard/Scripts/QvBoard_ObjectPool.cs(125,34): System.InvalidOperationException: Sequence contains no matching element
  at System.Linq.Enumerable.First[TSource] (System.Collections.Generic.IEnumerable`1[T] source, System.Func`2[T,TResult] predicate) [0x00011] in <70471b9615aa4ecfa3ed1abb95b73832>:0 
  at UdonSharp.Compiler.Binder.BoundInvocationExpression.TryCreateGetComponentInvocation (UdonSharp.Compiler.AbstractPhaseContext context, Microsoft.CodeAnalysis.SyntaxNode node, UdonSharp.Compiler.Symbols.MethodSymbol symbol, UdonSharp.Compiler.Binder.BoundExpression instanceExpression, UdonSharp.Compiler.Binder.BoundExpression[] parameterExpressions, UdonSharp.Compiler.Binder.BoundInvocationExpression& createdInvocation) [0x00224] in .\Packages\com.vrchat.worlds\Integrations\UdonSharp\Editor\Compiler\Binder\BoundNodes\BoundInvocationExpression.cs:186 
  at UdonSharp.Compiler.Binder.BoundInvocationExpression.TryCreateShimInvocation (UdonSharp.Compiler.AbstractPhaseContext context, Microsoft.CodeAnalysis.SyntaxNode node, UdonSharp.Compiler.Symbols.MethodSymbol symbol, UdonSharp.Compiler.Binder.BoundExpression instanceExpression, UdonSharp.Compiler.Binder.BoundExpression[] parameterExpressions, UdonSharp.Compiler.Binder.BoundInvocationExpression& createdInvocation) [0x0000f] in .\Packages\com.vrchat.worlds\Integrations\UdonSharp\Editor\Compiler\Binder\BoundNodes\BoundInvocationExpression.cs:379 
  at UdonSharp.Compiler.Binder.BoundInvocationExpression.CreateBoundInvocation (UdonSharp.Compiler.AbstractPhaseContext context, Microsoft.CodeAnalysis.SyntaxNode node, UdonSharp.Compiler.Symbols.MethodSymbol symbol, UdonSharp.Compiler.Binder.BoundExpression instanceExpression, UdonSharp.Compiler.Binder.BoundExpression[] parameterExpressions) [0x00000] in .\Packages\com.vrchat.worlds\Integrations\UdonSharp\Editor\Compiler\Binder\BoundNodes\BoundInvocationExpression.cs:406 
  at UdonSharp.Compiler.Binder.BinderSyntaxVisitor.VisitInvocationExpression (Microsoft.CodeAnalysis.CSharp.Syntax.InvocationExpressionSyntax node) [0x0040b] in .\Packages\com.vrchat.worlds\Integrations\UdonSharp\Editor\Compiler\Binder\BinderSyntaxVisitor.cs:511 
  at Microsoft.CodeAnalysis.CSharp.Syntax.InvocationExpressionSyntax.Accept[TResult] (Microsoft.CodeAnalysis.CSharp.CSharpSyntaxVisitor`1[TResult] visitor) [0x00000] in <9c2eb1fd370b4c31a981729c5e257f1b>:0 
  at Microsoft.CodeAnalysis.CSharp.CSharpSyntaxVisitor`1[TResult].Visit (Microsoft.CodeAnalysis.SyntaxNode node) [0x00003] in <9c2eb1fd370b4c31a981729c5e257f1b>:0 
  at UdonSharp.Compiler.Binder.BinderSyntaxVisitor.Visit (Microsoft.CodeAnalysis.SyntaxNode node) [0x0004c] in .\Packages\com.vrchat.worlds\Integrations\UdonSharp\Editor\Compiler\Binder\BinderSyntaxVisitor.cs:51 
  at UdonSharp.Compiler.Binder.BinderSyntaxVisitor.VisitExpression (Microsoft.CodeAnalysis.SyntaxNode node) [0x0000d] in .\Packages\com.vrchat.worlds\Integrations\UdonSharp\Editor\Compiler\Binder\BinderSyntaxVisitor.cs:112 
  at UdonSharp.Compiler.Binder.BinderSyntaxVisitor.VisitExpression (Microsoft.CodeAnalysis.SyntaxNode node, UdonSharp.Compiler.Symbols.TypeSymbol expectedType, System.Boolean explicitCast) [0x00000] in .\Packages\com.vrchat.worlds\Integrations\UdonSharp\Editor\Compiler\Binder\BinderSyntaxVisitor.cs:156 
  at UdonSharp.Compiler.Binder.BinderSyntaxVisitor.VisitAssignmentExpression (Microsoft.CodeAnalysis.CSharp.Syntax.AssignmentExpressionSyntax node) [0x00174] in .\Packages\com.vrchat.worlds\Integrations\UdonSharp\Editor\Compiler\Binder\BinderSyntaxVisitor.cs:625 
  at Microsoft.CodeAnalysis.CSharp.Syntax.AssignmentExpressionSyntax.Accept[TResult] (Microsoft.CodeAnalysis.CSharp.CSharpSyntaxVisitor`1[TResult] visitor) [0x00000] in <9c2eb1fd370b4c31a981729c5e257f1b>:0 
  at Microsoft.CodeAnalysis.CSharp.CSharpSyntaxVisitor`1[TResult].Visit (Microsoft.CodeAnalysis.SyntaxNode node) [0x00003] in <9c2eb1fd370b4c31a981729c5e257f1b>:0 
  at UdonSharp.Compiler.Binder.BinderSyntaxVisitor.Visit (Microsoft.CodeAnalysis.SyntaxNode node) [0x0004c] in .\Packages\com.vrchat.worlds\Integrations\UdonSharp\Editor\Compiler\Binder\BinderSyntaxVisitor.cs:51 
  at UdonSharp.Compiler.Binder.BinderSyntaxVisitor.VisitExpressionStatement (Microsoft.CodeAnalysis.CSharp.Syntax.ExpressionStatementSyntax node) [0x00000] in .\Packages\com.vrchat.worlds\Integrations\UdonSharp\Editor\Compiler\Binder\BinderSyntaxVisitor.cs:270 
  at Microsoft.CodeAnalysis.CSharp.Syntax.ExpressionStatementSyntax.Accept[TResult] (Microsoft.CodeAnalysis.CSharp.CSharpSyntaxVisitor`1[TResult] visitor) [0x00000] in <9c2eb1fd370b4c31a981729c5e257f1b>:0 
  at Microsoft.CodeAnalysis.CSharp.CSharpSyntaxVisitor`1[TResult].Visit (Microsoft.CodeAnalysis.SyntaxNode node) [0x00003] in <9c2eb1fd370b4c31a981729c5e257f1b>:0 
  at UdonSharp.Compiler.Binder.BinderSyntaxVisitor.Visit (Microsoft.CodeAnalysis.SyntaxNode node) [0x0004c] in .\Packages\com.vrchat.worlds\Integrations\UdonSharp\Editor\Compiler\Binder\BinderSyntaxVisitor.cs:51 
  at UdonSharp.Compiler.Binder.BinderSyntaxVisitor.VisitBlock (Microsoft.CodeAnalysis.CSharp.Syntax.BlockSyntax node) [0x0003e] in .\Packages\com.vrchat.worlds\Integrations\UdonSharp\Editor\Compiler\Binder\BinderSyntaxVisitor.cs:261 
  at Microsoft.CodeAnalysis.CSharp.Syntax.BlockSyntax.Accept[TResult] (Microsoft.CodeAnalysis.CSharp.CSharpSyntaxVisitor`1[TResult] visitor) [0x00000] in <9c2eb1fd370b4c31a981729c5e257f1b>:0 
  at Microsoft.CodeAnalysis.CSharp.CSharpSyntaxVisitor`1[TResult].Visit (Microsoft.CodeAnalysis.SyntaxNode node) [0x00003] in <9c2eb1fd370b4c31a981729c5e257f1b>:0 
  at UdonSharp.Compiler.Binder.BinderSyntaxVisitor.Visit (Microsoft.CodeAnalysis.SyntaxNode node) [0x0004c] in .\Packages\com.vrchat.worlds\Integrations\UdonSharp\Editor\Compiler\Binder\BinderSyntaxVisitor.cs:51 
  at UdonSharp.Compiler.Binder.BinderSyntaxVisitor.VisitStatement (Microsoft.CodeAnalysis.SyntaxNode node) [0x00000] in .\Packages\com.vrchat.worlds\Integrations\UdonSharp\Editor\Compiler\Binder\BinderSyntaxVisitor.cs:182 
  at UdonSharp.Compiler.Binder.BinderSyntaxVisitor.VisitForStatement (Microsoft.CodeAnalysis.CSharp.Syntax.ForStatementSyntax node) [0x000c2] in .\Packages\com.vrchat.worlds\Integrations\UdonSharp\Editor\Compiler\Binder\BinderSyntaxVisitor.cs:875 
  at Microsoft.CodeAnalysis.CSharp.Syntax.ForStatementSyntax.Accept[TResult] (Microsoft.CodeAnalysis.CSharp.CSharpSyntaxVisitor`1[TResult] visitor) [0x00000] in <9c2eb1fd370b4c31a981729c5e257f1b>:0 
  at Microsoft.CodeAnalysis.CSharp.CSharpSyntaxVisitor`1[TResult].Visit (Microsoft.CodeAnalysis.SyntaxNode node) [0x00003] in <9c2eb1fd370b4c31a981729c5e257f1b>:0 
  at UdonSharp.Compiler.Binder.BinderSyntaxVisitor.Visit (Microsoft.CodeAnalysis.SyntaxNode node) [0x0004c] in .\Packages\com.vrchat.worlds\Integrations\UdonSharp\Editor\Compiler\Binder\BinderSyntaxVisitor.cs:51 
  at UdonSharp.Compiler.Binder.BinderSyntaxVisitor.VisitBlock (Microsoft.CodeAnalysis.CSharp.Syntax.BlockSyntax node) [0x0003e] in .\Packages\com.vrchat.worlds\Integrations\UdonSharp\Editor\Compiler\Binder\BinderSyntaxVisitor.cs:261 
  at Microsoft.CodeAnalysis.CSharp.Syntax.BlockSyntax.Accept[TResult] (Microsoft.CodeAnalysis.CSharp.CSharpSyntaxVisitor`1[TResult] visitor) [0x00000] in <9c2eb1fd370b4c31a981729c5e257f1b>:0 
  at Microsoft.CodeAnalysis.CSharp.CSharpSyntaxVisitor`1[TResult].Visit (Microsoft.CodeAnalysis.SyntaxNode node) [0x00003] in <9c2eb1fd370b4c31a981729c5e257f1b>:0 
  at UdonSharp.Compiler.Binder.BinderSyntaxVisitor.Visit (Microsoft.CodeAnalysis.SyntaxNode node) [0x0004c] in .\Packages\com.vrchat.worlds\Integrations\UdonSharp\Editor\Compiler\Binder\BinderSyntaxVisitor.cs:51 
  at UdonSharp.Compiler.Symbols.MethodSymbol.Bind (UdonSharp.Compiler.Binder.BindContext context) [0x0012f] in .\Packages\com.vrchat.worlds\Integrations\UdonSharp\Editor\Compiler\Binder\Symbols\MethodSymbol.cs:162 
  at UdonSharp.Compiler.Symbols.UdonSharpBehaviourMethodSymbol.Bind (UdonSharp.Compiler.Binder.BindContext context) [0x000a4] in .\Packages\com.vrchat.worlds\Integrations\UdonSharp\Editor\Compiler\Binder\Symbols\UdonSharpBehaviourMethodSymbol.cs:52 
  at UdonSharp.Compiler.Symbols.TypeSymbol.Bind (UdonSharp.Compiler.Binder.BindContext context) [0x00140] in .\Packages\com.vrchat.worlds\Integrations\UdonSharp\Editor\Compiler\Binder\Symbols\TypeSymbol.cs:137 
  at UdonSharp.Compiler.Binder.BindContext.Bind () [0x00015] in .\Packages\com.vrchat.worlds\Integrations\UdonSharp\Editor\Compiler\Binder\BindContext.cs:35 
  at UdonSharp.Compiler.UdonSharpCompilerV1+<>c__DisplayClass22_0.<BindAllPrograms>b__0 (System.ValueTuple`2[T1,T2] rootTypeSymbol) [0x00026] in .\Packages\com.vrchat.worlds\Integrations\UdonSharp\Editor\Compiler\UdonSharpCompilerV1.cs:618 
[<color=#FF00FF>UdonSharp</color>] Assets/CoffeeSet_MiniGreen/Assets/Scripts/Machine_Component.cs(20,52): System.InvalidOperationException: Sequence contains no matching element
  at System.Linq.Enumerable.First[TSource] (System.Collections.Generic.IEnumerable`1[T] source, System.Func`2[T,TResult] predicate) [0x00011] in <70471b9615aa4ecfa3ed1abb95b73832>:0 
  at UdonSharp.Compiler.Binder.BoundInvocationExpression.TryCreateGetComponentInvocation (UdonSharp.Compiler.AbstractPhaseContext context, Microsoft.CodeAnalysis.SyntaxNode node, UdonSharp.Compiler.Symbols.MethodSymbol symbol, UdonSharp.Compiler.Binder.BoundExpression instanceExpression, UdonSharp.Compiler.Binder.BoundExpression[] parameterExpressions, UdonSharp.Compiler.Binder.BoundInvocationExpression& createdInvocation) [0x00224] in .\Packages\com.vrchat.worlds\Integrations\UdonSharp\Editor\Compiler\Binder\BoundNodes\BoundInvocationExpression.cs:186 
  at UdonSharp.Compiler.Binder.BoundInvocationExpression.TryCreateShimInvocation (UdonSharp.Compiler.AbstractPhaseContext context, Microsoft.CodeAnalysis.SyntaxNode node, UdonSharp.Compiler.Symbols.MethodSymbol symbol, UdonSharp.Compiler.Binder.BoundExpression instanceExpression, UdonSharp.Compiler.Binder.BoundExpression[] parameterExpressions, UdonSharp.Compiler.Binder.BoundInvocationExpression& createdInvocation) [0x0000f] in .\Packages\com.vrchat.worlds\Integrations\UdonSharp\Editor\Compiler\Binder\BoundNodes\BoundInvocationExpression.cs:379 
  at UdonSharp.Compiler.Binder.BoundInvocationExpression.CreateBoundInvocation (UdonSharp.Compiler.AbstractPhaseContext context, Microsoft.CodeAnalysis.SyntaxNode node, UdonSharp.Compiler.Symbols.MethodSymbol symbol, UdonSharp.Compiler.Binder.BoundExpression instanceExpression, UdonSharp.Compiler.Binder.BoundExpression[] parameterExpressions) [0x00000] in .\Packages\com.vrchat.worlds\Integrations\UdonSharp\Editor\Compiler\Binder\BoundNodes\BoundInvocationExpression.cs:406 
  at UdonSharp.Compiler.Binder.BinderSyntaxVisitor.VisitInvocationExpression (Microsoft.CodeAnalysis.CSharp.Syntax.InvocationExpressionSyntax node) [0x0040b] in .\Packages\com.vrchat.worlds\Integrations\UdonSharp\Editor\Compiler\Binder\BinderSyntaxVisitor.cs:511 
  at Microsoft.CodeAnalysis.CSharp.Syntax.InvocationExpressionSyntax.Accept[TResult] (Microsoft.CodeAnalysis.CSharp.CSharpSyntaxVisitor`1[TResult] visitor) [0x00000] in <9c2eb1fd370b4c31a981729c5e257f1b>:0 
  at Microsoft.CodeAnalysis.CSharp.CSharpSyntaxVisitor`1[TResult].Visit (Microsoft.CodeAnalysis.SyntaxNode node) [0x00003] in <9c2eb1fd370b4c31a981729c5e257f1b>:0 
  at UdonSharp.Compiler.Binder.BinderSyntaxVisitor.Visit (Microsoft.CodeAnalysis.SyntaxNode node) [0x0004c] in .\Packages\com.vrchat.worlds\Integrations\UdonSharp\Editor\Compiler\Binder\BinderSyntaxVisitor.cs:51 
  at UdonSharp.Compiler.Binder.BinderSyntaxVisitor.VisitExpression (Microsoft.CodeAnalysis.SyntaxNode node) [0x0000d] in .\Packages\com.vrchat.worlds\Integrations\UdonSharp\Editor\Compiler\Binder\BinderSyntaxVisitor.cs:112 
  at UdonSharp.Compiler.Binder.BinderSyntaxVisitor.VisitExpression (Microsoft.CodeAnalysis.SyntaxNode node, UdonSharp.Compiler.Symbols.TypeSymbol expectedType, System.Boolean explicitCast) [0x00000] in .\Packages\com.vrchat.worlds\Integrations\UdonSharp\Editor\Compiler\Binder\BinderSyntaxVisitor.cs:156 
  at UdonSharp.Compiler.Binder.BinderSyntaxVisitor.VisitReturnStatement (Microsoft.CodeAnalysis.CSharp.Syntax.ReturnStatementSyntax node) [0x00000] in .\Packages\com.vrchat.worlds\Integrations\UdonSharp\Editor\Compiler\Binder\BinderSyntaxVisitor.cs:768 
  at Microsoft.CodeAnalysis.CSharp.Syntax.ReturnStatementSyntax.Accept[TResult] (Microsoft.CodeAnalysis.CSharp.CSharpSyntaxVisitor`1[TResult] visitor) [0x00000] in <9c2eb1fd370b4c31a981729c5e257f1b>:0 
  at Microsoft.CodeAnalysis.CSharp.CSharpSyntaxVisitor`1[TResult].Visit (Microsoft.CodeAnalysis.SyntaxNode node) [0x00003] in <9c2eb1fd370b4c31a981729c5e257f1b>:0 
  at UdonSharp.Compiler.Binder.BinderSyntaxVisitor.Visit (Microsoft.CodeAnalysis.SyntaxNode node) [0x0004c] in .\Packages\com.vrchat.worlds\Integrations\UdonSharp\Editor\Compiler\Binder\BinderSyntaxVisitor.cs:51 
  at UdonSharp.Compiler.Binder.BinderSyntaxVisitor.VisitBlock (Microsoft.CodeAnalysis.CSharp.Syntax.BlockSyntax node) [0x0003e] in .\Packages\com.vrchat.worlds\Integrations\UdonSharp\Editor\Compiler\Binder\BinderSyntaxVisitor.cs:261 
  at Microsoft.CodeAnalysis.CSharp.Syntax.BlockSyntax.Accept[TResult] (Microsoft.CodeAnalysis.CSharp.CSharpSyntaxVisitor`1[TResult] visitor) [0x00000] in <9c2eb1fd370b4c31a981729c5e257f1b>:0 
  at Microsoft.CodeAnalysis.CSharp.CSharpSyntaxVisitor`1[TResult].Visit (Microsoft.CodeAnalysis.SyntaxNode node) [0x00003] in <9c2eb1fd370b4c31a981729c5e257f1b>:0 
  at UdonSharp.Compiler.Binder.BinderSyntaxVisitor.Visit (Microsoft.CodeAnalysis.SyntaxNode node) [0x0004c] in .\Packages\com.vrchat.worlds\Integrations\UdonSharp\Editor\Compiler\Binder\BinderSyntaxVisitor.cs:51 
  at UdonSharp.Compiler.Symbols.MethodSymbol.Bind (UdonSharp.Compiler.Binder.BindContext context) [0x00195] in .\Packages\com.vrchat.worlds\Integrations\UdonSharp\Editor\Compiler\Binder\Symbols\MethodSymbol.cs:171 
  at UdonSharp.Compiler.Symbols.UdonSharpBehaviourMethodSymbol.Bind (UdonSharp.Compiler.Binder.BindContext context) [0x000a4] in .\Packages\com.vrchat.worlds\Integrations\UdonSharp\Editor\Compiler\Binder\Symbols\UdonSharpBehaviourMethodSymbol.cs:52 
  at UdonSharp.Compiler.Symbols.TypeSymbol.Bind (UdonSharp.Compiler.Binder.BindContext context) [0x00140] in .\Packages\com.vrchat.worlds\Integrations\UdonSharp\Editor\Compiler\Binder\Symbols\TypeSymbol.cs:137 
  at UdonSharp.Compiler.Binder.BindContext.Bind () [0x00015] in .\Packages\com.vrchat.worlds\Integrations\UdonSharp\Editor\Compiler\Binder\BindContext.cs:35 
  at UdonSharp.Compiler.UdonSharpCompilerV1+<>c__DisplayClass22_0.<BindAllPrograms>b__0 (System.ValueTuple`2[T1,T2] rootTypeSymbol) [0x00026] in .\Packages\com.vrchat.worlds\Integrations\UdonSharp\Editor\Compiler\UdonSharpCompilerV1.cs:618 
[<color=#FF00FF>UdonSharp</color>] U# scripts have compile errors, prefab upgrade deferred until script errors are resolved.
UnityEngine.StackTraceUtility:ExtractStackTrace ()
UnityEngine.DebugLogHandler:LogFormat (UnityEngine.LogType,UnityEngine.Object,string,object[])
UnityEngine.Logger:Log (UnityEngine.LogType,object)
UnityEngine.Debug:LogWarning (object)
UdonSharp.UdonSharpUtils:LogWarning (object) (at ./Packages/com.vrchat.worlds/Integrations/UdonSharp/Editor/UdonSharpUtils.cs:314)
UdonSharpEditor.UdonSharpEditorManager:UpgradeAssetsIfNeeded () (at ./Packages/com.vrchat.worlds/Integrations/UdonSharp/Editor/UdonSharpEditorManager.cs:878)
UdonSharpEditor.UdonSharpEditorManager:RunAllUpgrades () (at ./Packages/com.vrchat.worlds/Integrations/UdonSharp/Editor/UdonSharpEditorManager.cs:1689)
UdonSharpEditor.UdonSharpEditorManager:RunPostAssemblyBuildRefresh () (at ./Packages/com.vrchat.worlds/Integrations/UdonSharp/Editor/UdonSharpEditorManager.cs:132)
UnityEditor.AssemblyReloadEvents:OnAfterAssemblyReload ()

(Filename: ./Packages/com.vrchat.worlds/Integrations/UdonSharp/Editor/UdonSharpUtils.cs Line: 314)

[<color=#FF00FF>UdonSharp</color>] Assets/QvBoard/Scripts/QvBoard_LateSync.cs(172,35): System.InvalidOperationException: Sequence contains no matching element
  at System.Linq.Enumerable.First[TSource] (System.Collections.Generic.IEnumerable`1[T] source, System.Func`2[T,TResult] predicate) [0x00011] in <70471b9615aa4ecfa3ed1abb95b73832>:0 
  at UdonSharp.Compiler.Binder.BoundInvocationExpression.TryCreateGetComponentInvocation (UdonSharp.Compiler.AbstractPhaseContext context, Microsoft.CodeAnalysis.SyntaxNode node, UdonSharp.Compiler.Symbols.MethodSymbol symbol, UdonSharp.Compiler.Binder.BoundExpression instanceExpression, UdonSharp.Compiler.Binder.BoundExpression[] parameterExpressions, UdonSharp.Compiler.Binder.BoundInvocationExpression& createdInvocation) [0x00224] in .\Packages\com.vrchat.worlds\Integrations\UdonSharp\Editor\Compiler\Binder\BoundNodes\BoundInvocationExpression.cs:186 
  at UdonSharp.Compiler.Binder.BoundInvocationExpression.TryCreateShimInvocation (UdonSharp.Compiler.AbstractPhaseContext context, Microsoft.CodeAnalysis.SyntaxNode node, UdonSharp.Compiler.Symbols.MethodSymbol symbol, UdonSharp.Compiler.Binder.BoundExpression instanceExpression, UdonSharp.Compiler.Binder.BoundExpression[] parameterExpressions, UdonSharp.Compiler.Binder.BoundInvocationExpression& createdInvocation) [0x0000f] in .\Packages\com.vrchat.worlds\Integrations\UdonSharp\Editor\Compiler\Binder\BoundNodes\BoundInvocationExpression.cs:379 
  at UdonSharp.Compiler.Binder.BoundInvocationExpression.CreateBoundInvocation (UdonSharp.Compiler.AbstractPhaseContext context, Microsoft.CodeAnalysis.SyntaxNode node, UdonSharp.Compiler.Symbols.MethodSymbol symbol, UdonSharp.Compiler.Binder.BoundExpression instanceExpression, UdonSharp.Compiler.Binder.BoundExpression[] parameterExpressions) [0x00000] in .\Packages\com.vrchat.worlds\Integrations\UdonSharp\Editor\Compiler\Binder\BoundNodes\BoundInvocationExpression.cs:406 
  at UdonSharp.Compiler.Binder.BinderSyntaxVisitor.VisitInvocationExpression (Microsoft.CodeAnalysis.CSharp.Syntax.InvocationExpressionSyntax node) [0x0040b] in .\Packages\com.vrchat.worlds\Integrations\UdonSharp\Editor\Compiler\Binder\BinderSyntaxVisitor.cs:511 
  at Microsoft.CodeAnalysis.CSharp.Syntax.InvocationExpressionSyntax.Accept[TResult] (Microsoft.CodeAnalysis.CSharp.CSharpSyntaxVisitor`1[TResult] visitor) [0x00000] in <9c2eb1fd370b4c31a981729c5e257f1b>:0 
  at Microsoft.CodeAnalysis.CSharp.CSharpSyntaxVisitor`1[TResult].Visit (Microsoft.CodeAnalysis.SyntaxNode node) [0x00003] in <9c2eb1fd370b4c31a981729c5e257f1b>:0 
  at UdonSharp.Compiler.Binder.BinderSyntaxVisitor.Visit (Microsoft.CodeAnalysis.SyntaxNode node) [0x0004c] in .\Packages\com.vrchat.worlds\Integrations\UdonSharp\Editor\Compiler\Binder\BinderSyntaxVisitor.cs:51 
  at UdonSharp.Compiler.Binder.BinderSyntaxVisitor.VisitExpression (Microsoft.CodeAnalysis.SyntaxNode node) [0x0000d] in .\Packages\com.vrchat.worlds\Integrations\UdonSharp\Editor\Compiler\Binder\BinderSyntaxVisitor.cs:112 
  at UdonSharp.Compiler.Binder.BinderSyntaxVisitor.VisitExpression (Microsoft.CodeAnalysis.SyntaxNode node, UdonSharp.Compiler.Symbols.TypeSymbol expectedType, System.Boolean explicitCast) [0x00000] in .\Packages\com.vrchat.worlds\Integrations\UdonSharp\Editor\Compiler\Binder\BinderSyntaxVisitor.cs:156 
  at UdonSharp.Compiler.Binder.BinderSyntaxVisitor.VisitAssignmentExpression (Microsoft.CodeAnalysis.CSharp.Syntax.AssignmentExpressionSyntax node) [0x00174] in .\Packages\com.vrchat.worlds\Integrations\UdonSharp\Editor\Compiler\Binder\BinderSyntaxVisitor.cs:625 
  at Microsoft.CodeAnalysis.CSharp.Syntax.AssignmentExpressionSyntax.Accept[TResult] (Microsoft.CodeAnalysis.CSharp.CSharpSyntaxVisitor`1[TResult] visitor) [0x00000] in <9c2eb1fd370b4c31a981729c5e257f1b>:0 
  at Microsoft.CodeAnalysis.CSharp.CSharpSyntaxVisitor`1[TResult].Visit (Microsoft.CodeAnalysis.SyntaxNode node) [0x00003] in <9c2eb1fd370b4c31a981729c5e257f1b>:0 
  at UdonSharp.Compiler.Binder.BinderSyntaxVisitor.Visit (Microsoft.CodeAnalysis.SyntaxNode node) [0x0004c] in .\Packages\com.vrchat.worlds\Integrations\UdonSharp\Editor\Compiler\Binder\BinderSyntaxVisitor.cs:51 
  at UdonSharp.Compiler.Binder.BinderSyntaxVisitor.VisitExpressionStatement (Microsoft.CodeAnalysis.CSharp.Syntax.ExpressionStatementSyntax node) [0x00000] in .\Packages\com.vrchat.worlds\Integrations\UdonSharp\Editor\Compiler\Binder\BinderSyntaxVisitor.cs:270 
  at Microsoft.CodeAnalysis.CSharp.Syntax.ExpressionStatementSyntax.Accept[TResult] (Microsoft.CodeAnalysis.CSharp.CSharpSyntaxVisitor`1[TResult] visitor) [0x00000] in <9c2eb1fd370b4c31a981729c5e257f1b>:0 
  at Microsoft.CodeAnalysis.CSharp.CSharpSyntaxVisitor`1[TResult].Visit (Microsoft.CodeAnalysis.SyntaxNode node) [0x00003] in <9c2eb1fd370b4c31a981729c5e257f1b>:0 
  at UdonSharp.Compiler.Binder.BinderSyntaxVisitor.Visit (Microsoft.CodeAnalysis.SyntaxNode node) [0x0004c] in .\Packages\com.vrchat.worlds\Integrations\UdonSharp\Editor\Compiler\Binder\BinderSyntaxVisitor.cs:51 
  at UdonSharp.Compiler.Binder.BinderSyntaxVisitor.VisitBlock (Microsoft.CodeAnalysis.CSharp.Syntax.BlockSyntax node) [0x0003e] in .\Packages\com.vrchat.worlds\Integrations\UdonSharp\Editor\Compiler\Binder\BinderSyntaxVisitor.cs:261 
  at Microsoft.CodeAnalysis.CSharp.Syntax.BlockSyntax.Accept[TResult] (Microsoft.CodeAnalysis.CSharp.CSharpSyntaxVisitor`1[TResult] visitor) [0x00000] in <9c2eb1fd370b4c31a981729c5e257f1b>:0 
  at Microsoft.CodeAnalysis.CSharp.CSharpSyntaxVisitor`1[TResult].Visit (Microsoft.CodeAnalysis.SyntaxNode node) [0x00003] in <9c2eb1fd370b4c31a981729c5e257f1b>:0 
  at UdonSharp.Compiler.Binder.BinderSyntaxVisitor.Visit (Microsoft.CodeAnalysis.SyntaxNode node) [0x0004c] in .\Packages\com.vrchat.worlds\Integrations\UdonSharp\Editor\Compiler\Binder\BinderSyntaxVisitor.cs:51 
  at UdonSharp.Compiler.Binder.BinderSyntaxVisitor.VisitStatement (Microsoft.CodeAnalysis.SyntaxNode node) [0x00000] in .\Packages\com.vrchat.worlds\Integrations\UdonSharp\Editor\Compiler\Binder\BinderSyntaxVisitor.cs:182 
  at UdonSharp.Compiler.Binder.BinderSyntaxVisitor.VisitIfStatement (Microsoft.CodeAnalysis.CSharp.Syntax.IfStatementSyntax node) [0x0005b] in .\Packages\com.vrchat.worlds\Integrations\UdonSharp\Editor\Compiler\Binder\BinderSyntaxVisitor.cs:787 
  at Microsoft.CodeAnalysis.CSharp.Syntax.IfStatementSyntax.Accept[TResult] (Microsoft.CodeAnalysis.CSharp.CSharpSyntaxVisitor`1[TResult] visitor) [0x00000] in <9c2eb1fd370b4c31a981729c5e257f1b>:0 
  at Microsoft.CodeAnalysis.CSharp.CSharpSyntaxVisitor`1[TResult].Visit (Microsoft.CodeAnalysis.SyntaxNode node) [0x00003] in <9c2eb1fd370b4c31a981729c5e257f1b>:0 
  at UdonSharp.Compiler.Binder.BinderSyntaxVisitor.Visit (Microsoft.CodeAnalysis.SyntaxNode node) [0x0004c] in .\Packages\com.vrchat.worlds\Integrations\UdonSharp\Editor\Compiler\Binder\BinderSyntaxVisitor.cs:51 
  at UdonSharp.Compiler.Binder.BinderSyntaxVisitor.VisitElseClause (Microsoft.CodeAnalysis.CSharp.Syntax.ElseClauseSyntax node) [0x00000] in .\Packages\com.vrchat.worlds\Integrations\UdonSharp\Editor\Compiler\Binder\BinderSyntaxVisitor.cs:807 
  at Microsoft.CodeAnalysis.CSharp.Syntax.ElseClauseSyntax.Accept[TResult] (Microsoft.CodeAnalysis.CSharp.CSharpSyntaxVisitor`1[TResult] visitor) [0x00000] in <9c2eb1fd370b4c31a981729c5e257f1b>:0 
  at Microsoft.CodeAnalysis.CSharp.CSharpSyntaxVisitor`1[TResult].Visit (Microsoft.CodeAnalysis.SyntaxNode node) [0x00003] in <9c2eb1fd370b4c31a981729c5e257f1b>:0 
  at UdonSharp.Compiler.Binder.BinderSyntaxVisitor.Visit (Microsoft.CodeAnalysis.SyntaxNode node) [0x0004c] in .\Packages\com.vrchat.worlds\Integrations\UdonSharp\Editor\Compiler\Binder\BinderSyntaxVisitor.cs:51 
  at UdonSharp.Compiler.Binder.BinderSyntaxVisitor.VisitStatement (Microsoft.CodeAnalysis.SyntaxNode node) [0x00000] in .\Packages\com.vrchat.worlds\Integrations\UdonSharp\Editor\Compiler\Binder\BinderSyntaxVisitor.cs:182 
  at UdonSharp.Compiler.Binder.BinderSyntaxVisitor.VisitIfStatement (Microsoft.CodeAnalysis.CSharp.Syntax.IfStatementSyntax node) [0x00068] in .\Packages\com.vrchat.worlds\Integrations\UdonSharp\Editor\Compiler\Binder\BinderSyntaxVisitor.cs:788 
  at Microsoft.CodeAnalysis.CSharp.Syntax.IfStatementSyntax.Accept[TResult] (Microsoft.CodeAnalysis.CSharp.CSharpSyntaxVisitor`1[TResult] visitor) [0x00000] in <9c2eb1fd370b4c31a981729c5e257f1b>:0 
  at Microsoft.CodeAnalysis.CSharp.CSharpSyntaxVisitor`1[TResult].Visit (Microsoft.CodeAnalysis.SyntaxNode node) [0x00003] in <9c2eb1fd370b4c31a981729c5e257f1b>:0 
  at UdonSharp.Compiler.Binder.BinderSyntaxVisitor.Visit (Microsoft.CodeAnalysis.SyntaxNode node) [0x0004c] in .\Packages\com.vrchat.worlds\Integrations\UdonSharp\Editor\Compiler\Binder\BinderSyntaxVisitor.cs:51 
  at UdonSharp.Compiler.Binder.BinderSyntaxVisitor.VisitBlock (Microsoft.CodeAnalysis.CSharp.Syntax.BlockSyntax node) [0x0003e] in .\Packages\com.vrchat.worlds\Integrations\UdonSharp\Editor\Compiler\Binder\BinderSyntaxVisitor.cs:261 
  at Microsoft.CodeAnalysis.CSharp.Syntax.BlockSyntax.Accept[TResult] (Microsoft.CodeAnalysis.CSharp.CSharpSyntaxVisitor`1[TResult] visitor) [0x00000] in <9c2eb1fd370b4c31a981729c5e257f1b>:0 
  at Microsoft.CodeAnalysis.CSharp.CSharpSyntaxVisitor`1[TResult].Visit (Microsoft.CodeAnalysis.SyntaxNode node) [0x00003] in <9c2eb1fd370b4c31a981729c5e257f1b>:0 
  at UdonSharp.Compiler.Binder.BinderSyntaxVisitor.Visit (Microsoft.CodeAnalysis.SyntaxNode node) [0x0004c] in .\Packages\com.vrchat.worlds\Integrations\UdonSharp\Editor\Compiler\Binder\BinderSyntaxVisitor.cs:51 
  at UdonSharp.Compiler.Binder.BinderSyntaxVisitor.VisitElseClause (Microsoft.CodeAnalysis.CSharp.Syntax.ElseClauseSyntax node) [0x00000] in .\Packages\com.vrchat.worlds\Integrations\UdonSharp\Editor\Compiler\Binder\BinderSyntaxVisitor.cs:807 
  at Microsoft.CodeAnalysis.CSharp.Syntax.ElseClauseSyntax.Accept[TResult] (Microsoft.CodeAnalysis.CSharp.CSharpSyntaxVisitor`1[TResult] visitor) [0x00000] in <9c2eb1fd370b4c31a981729c5e257f1b>:0 
  at Microsoft.CodeAnalysis.CSharp.CSharpSyntaxVisitor`1[TResult].Visit (Microsoft.CodeAnalysis.SyntaxNode node) [0x00003] in <9c2eb1fd370b4c31a981729c5e257f1b>:0 
  at UdonSharp.Compiler.Binder.BinderSyntaxVisitor.Visit (Microsoft.CodeAnalysis.SyntaxNode node) [0x0004c] in .\Packages\com.vrchat.worlds\Integrations\UdonSharp\Editor\Compiler\Binder\BinderSyntaxVisitor.cs:51 
  at UdonSharp.Compiler.Binder.BinderSyntaxVisitor.VisitStatement (Microsoft.CodeAnalysis.SyntaxNode node) [0x00000] in .\Packages\com.vrchat.worlds\Integrations\UdonSharp\Editor\Compiler\Binder\BinderSyntaxVisitor.cs:182 
  at UdonSharp.Compiler.Binder.BinderSyntaxVisitor.VisitIfStatement (Microsoft.CodeAnalysis.CSharp.Syntax.IfStatementSyntax node) [0x00068] in .\Packages\com.vrchat.worlds\Integrations\UdonSharp\Editor\Compiler\Binder\BinderSyntaxVisitor.cs:788 
  at Microsoft.CodeAnalysis.CSharp.Syntax.IfStatementSyntax.Accept[TResult] (Microsoft.CodeAnalysis.CSharp.CSharpSyntaxVisitor`1[TResult] visitor) [0x00000] in <9c2eb1fd370b4c31a981729c5e257f1b>:0 
  at Microsoft.CodeAnalysis.CSharp.CSharpSyntaxVisitor`1[TResult].Visit (Microsoft.CodeAnalysis.SyntaxNode node) [0x00003] in <9c2eb1fd370b4c31a981729c5e257f1b>:0 
  at UdonSharp.Compiler.Binder.BinderSyntaxVisitor.Visit (Microsoft.CodeAnalysis.SyntaxNode node) [0x0004c] in .\Packages\com.vrchat.worlds\Integrations\UdonSharp\Editor\Compiler\Binder\BinderSyntaxVisitor.cs:51 
  at UdonSharp.Compiler.Binder.BinderSyntaxVisitor.VisitBlock (Microsoft.CodeAnalysis.CSharp.Syntax.BlockSyntax node) [0x0003e] in .\Packages\com.vrchat.worlds\Integrations\UdonSharp\Editor\Compiler\Binder\BinderSyntaxVisitor.cs:261 
  at Microsoft.CodeAnalysis.CSharp.Syntax.BlockSyntax.Accept[TResult] (Microsoft.CodeAnalysis.CSharp.CSharpSyntaxVisitor`1[TResult] visitor) [0x00000] in <9c2eb1fd370b4c31a981729c5e257f1b>:0 
  at Microsoft.CodeAnalysis.CSharp.CSharpSyntaxVisitor`1[TResult].Visit (Microsoft.CodeAnalysis.SyntaxNode node) [0x00003] in <9c2eb1fd370b4c31a981729c5e257f1b>:0 
  at UdonSharp.Compiler.Binder.BinderSyntaxVisitor.Visit (Microsoft.CodeAnalysis.SyntaxNode node) [0x0004c] in .\Packages\com.vrchat.worlds\Integrations\UdonSharp\Editor\Compiler\Binder\BinderSyntaxVisitor.cs:51 
  at UdonSharp.Compiler.Symbols.MethodSymbol.Bind (UdonSharp.Compiler.Binder.BindContext context) [0x0012f] in .\Packages\com.vrchat.worlds\Integrations\UdonSharp\Editor\Compiler\Binder\Symbols\MethodSymbol.cs:162 
  at UdonSharp.Compiler.Symbols.UdonSharpBehaviourMethodSymbol.Bind (UdonSharp.Compiler.Binder.BindContext context) [0x000a4] in .\Packages\com.vrchat.worlds\Integrations\UdonSharp\Editor\Compiler\Binder\Symbols\UdonSharpBehaviourMethodSymbol.cs:52 
  at UdonSharp.Compiler.Symbols.TypeSymbol.Bind (UdonSharp.Compiler.Binder.BindContext context) [0x00140] in .\Packages\com.vrchat.worlds\Integrations\UdonSharp\Editor\Compiler\Binder\Symbols\TypeSymbol.cs:137 
  at UdonSharp.Compiler.Binder.BindContext.Bind () [0x00015] in .\Packages\com.vrchat.worlds\Integrations\UdonSharp\Editor\Compiler\Binder\BindContext.cs:35 
  at UdonSharp.Compiler.UdonSharpCompilerV1+<>c__DisplayClass22_0.<BindAllPrograms>b__0 (System.ValueTuple`2[T1,T2] rootTypeSymbol) [0x00026] in .\Packages\com.vrchat.worlds\Integrations\UdonSharp\Editor\Compiler\UdonSharpCompilerV1.cs:618 
[<color=#FF00FF>UdonSharp</color>] Assets/预制件/Yodokorochan/Yodo_HapticControllers/Scripts/HapticSwitchPersistenceManager.cs(27,40): System.InvalidOperationException: Sequence contains no matching element
  at System.Linq.Enumerable.First[TSource] (System.Collections.Generic.IEnumerable`1[T] source, System.Func`2[T,TResult] predicate) [0x00011] in <70471b9615aa4ecfa3ed1abb95b73832>:0 
  at UdonSharp.Compiler.Binder.BoundInvocationExpression.TryCreateGetComponentInvocation (UdonSharp.Compiler.AbstractPhaseContext context, Microsoft.CodeAnalysis.SyntaxNode node, UdonSharp.Compiler.Symbols.MethodSymbol symbol, UdonSharp.Compiler.Binder.BoundExpression instanceExpression, UdonSharp.Compiler.Binder.BoundExpression[] parameterExpressions, UdonSharp.Compiler.Binder.BoundInvocationExpression& createdInvocation) [0x00224] in .\Packages\com.vrchat.worlds\Integrations\UdonSharp\Editor\Compiler\Binder\BoundNodes\BoundInvocationExpression.cs:186 
  at UdonSharp.Compiler.Binder.BoundInvocationExpression.TryCreateShimInvocation (UdonSharp.Compiler.AbstractPhaseContext context, Microsoft.CodeAnalysis.SyntaxNode node, UdonSharp.Compiler.Symbols.MethodSymbol symbol, UdonSharp.Compiler.Binder.BoundExpression instanceExpression, UdonSharp.Compiler.Binder.BoundExpression[] parameterExpressions, UdonSharp.Compiler.Binder.BoundInvocationExpression& createdInvocation) [0x0000f] in .\Packages\com.vrchat.worlds\Integrations\UdonSharp\Editor\Compiler\Binder\BoundNodes\BoundInvocationExpression.cs:379 
  at UdonSharp.Compiler.Binder.BoundInvocationExpression.CreateBoundInvocation (UdonSharp.Compiler.AbstractPhaseContext context, Microsoft.CodeAnalysis.SyntaxNode node, UdonSharp.Compiler.Symbols.MethodSymbol symbol, UdonSharp.Compiler.Binder.BoundExpression instanceExpression, UdonSharp.Compiler.Binder.BoundExpression[] parameterExpressions) [0x00000] in .\Packages\com.vrchat.worlds\Integrations\UdonSharp\Editor\Compiler\Binder\BoundNodes\BoundInvocationExpression.cs:406 
  at UdonSharp.Compiler.Binder.BinderSyntaxVisitor.VisitInvocationExpression (Microsoft.CodeAnalysis.CSharp.Syntax.InvocationExpressionSyntax node) [0x0040b] in .\Packages\com.vrchat.worlds\Integrations\UdonSharp\Editor\Compiler\Binder\BinderSyntaxVisitor.cs:511 
  at Microsoft.CodeAnalysis.CSharp.Syntax.InvocationExpressionSyntax.Accept[TResult] (Microsoft.CodeAnalysis.CSharp.CSharpSyntaxVisitor`1[TResult] visitor) [0x00000] in <9c2eb1fd370b4c31a981729c5e257f1b>:0 
  at Microsoft.CodeAnalysis.CSharp.CSharpSyntaxVisitor`1[TResult].Visit (Microsoft.CodeAnalysis.SyntaxNode node) [0x00003] in <9c2eb1fd370b4c31a981729c5e257f1b>:0 
  at UdonSharp.Compiler.Binder.BinderSyntaxVisitor.Visit (Microsoft.CodeAnalysis.SyntaxNode node) [0x0004c] in .\Packages\com.vrchat.worlds\Integrations\UdonSharp\Editor\Compiler\Binder\BinderSyntaxVisitor.cs:51 
  at UdonSharp.Compiler.Binder.BinderSyntaxVisitor.VisitExpression (Microsoft.CodeAnalysis.SyntaxNode node) [0x0000d] in .\Packages\com.vrchat.worlds\Integrations\UdonSharp\Editor\Compiler\Binder\BinderSyntaxVisitor.cs:112 
  at UdonSharp.Compiler.Binder.BinderSyntaxVisitor.VisitExpression (Microsoft.CodeAnalysis.SyntaxNode node, UdonSharp.Compiler.Symbols.TypeSymbol expectedType, System.Boolean explicitCast) [0x00000] in .\Packages\com.vrchat.worlds\Integrations\UdonSharp\Editor\Compiler\Binder\BinderSyntaxVisitor.cs:156 
  at UdonSharp.Compiler.Binder.BinderSyntaxVisitor.VisitAssignmentExpression (Microsoft.CodeAnalysis.CSharp.Syntax.AssignmentExpressionSyntax node) [0x00174] in .\Packages\com.vrchat.worlds\Integrations\UdonSharp\Editor\Compiler\Binder\BinderSyntaxVisitor.cs:625 
  at Microsoft.CodeAnalysis.CSharp.Syntax.AssignmentExpressionSyntax.Accept[TResult] (Microsoft.CodeAnalysis.CSharp.CSharpSyntaxVisitor`1[TResult] visitor) [0x00000] in <9c2eb1fd370b4c31a981729c5e257f1b>:0 
  at Microsoft.CodeAnalysis.CSharp.CSharpSyntaxVisitor`1[TResult].Visit (Microsoft.CodeAnalysis.SyntaxNode node) [0x00003] in <9c2eb1fd370b4c31a981729c5e257f1b>:0 
  at UdonSharp.Compiler.Binder.BinderSyntaxVisitor.Visit (Microsoft.CodeAnalysis.SyntaxNode node) [0x0004c] in .\Packages\com.vrchat.worlds\Integrations\UdonSharp\Editor\Compiler\Binder\BinderSyntaxVisitor.cs:51 
  at UdonSharp.Compiler.Binder.BinderSyntaxVisitor.VisitExpressionStatement (Microsoft.CodeAnalysis.CSharp.Syntax.ExpressionStatementSyntax node) [0x00000] in .\Packages\com.vrchat.worlds\Integrations\UdonSharp\Editor\Compiler\Binder\BinderSyntaxVisitor.cs:270 
  at Microsoft.CodeAnalysis.CSharp.Syntax.ExpressionStatementSyntax.Accept[TResult] (Microsoft.CodeAnalysis.CSharp.CSharpSyntaxVisitor`1[TResult] visitor) [0x00000] in <9c2eb1fd370b4c31a981729c5e257f1b>:0 
  at Microsoft.CodeAnalysis.CSharp.CSharpSyntaxVisitor`1[TResult].Visit (Microsoft.CodeAnalysis.SyntaxNode node) [0x00003] in <9c2eb1fd370b4c31a981729c5e257f1b>:0 
  at UdonSharp.Compiler.Binder.BinderSyntaxVisitor.Visit (Microsoft.CodeAnalysis.SyntaxNode node) [0x0004c] in .\Packages\com.vrchat.worlds\Integrations\UdonSharp\Editor\Compiler\Binder\BinderSyntaxVisitor.cs:51 
  at UdonSharp.Compiler.Binder.BinderSyntaxVisitor.VisitBlock (Microsoft.CodeAnalysis.CSharp.Syntax.BlockSyntax node) [0x0003e] in .\Packages\com.vrchat.worlds\Integrations\UdonSharp\Editor\Compiler\Binder\BinderSyntaxVisitor.cs:261 
  at Microsoft.CodeAnalysis.CSharp.Syntax.BlockSyntax.Accept[TResult] (Microsoft.CodeAnalysis.CSharp.CSharpSyntaxVisitor`1[TResult] visitor) [0x00000] in <9c2eb1fd370b4c31a981729c5e257f1b>:0 
  at Microsoft.CodeAnalysis.CSharp.CSharpSyntaxVisitor`1[TResult].Visit (Microsoft.CodeAnalysis.SyntaxNode node) [0x00003] in <9c2eb1fd370b4c31a981729c5e257f1b>:0 
  at UdonSharp.Compiler.Binder.BinderSyntaxVisitor.Visit (Microsoft.CodeAnalysis.SyntaxNode node) [0x0004c] in .\Packages\com.vrchat.worlds\Integrations\UdonSharp\Editor\Compiler\Binder\BinderSyntaxVisitor.cs:51 
  at UdonSharp.Compiler.Binder.BinderSyntaxVisitor.VisitStatement (Microsoft.CodeAnalysis.SyntaxNode node) [0x00000] in .\Packages\com.vrchat.worlds\Integrations\UdonSharp\Editor\Compiler\Binder\BinderSyntaxVisitor.cs:182 
  at UdonSharp.Compiler.Binder.BinderSyntaxVisitor.VisitIfStatement (Microsoft.CodeAnalysis.CSharp.Syntax.IfStatementSyntax node) [0x0005b] in .\Packages\com.vrchat.worlds\Integrations\UdonSharp\Editor\Compiler\Binder\BinderSyntaxVisitor.cs:787 
  at Microsoft.CodeAnalysis.CSharp.Syntax.IfStatementSyntax.Accept[TResult] (Microsoft.CodeAnalysis.CSharp.CSharpSyntaxVisitor`1[TResult] visitor) [0x00000] in <9c2eb1fd370b4c31a981729c5e257f1b>:0 
  at Microsoft.CodeAnalysis.CSharp.CSharpSyntaxVisitor`1[TResult].Visit (Microsoft.CodeAnalysis.SyntaxNode node) [0x00003] in <9c2eb1fd370b4c31a981729c5e257f1b>:0 
  at UdonSharp.Compiler.Binder.BinderSyntaxVisitor.Visit (Microsoft.CodeAnalysis.SyntaxNode node) [0x0004c] in .\Packages\com.vrchat.worlds\Integrations\UdonSharp\Editor\Compiler\Binder\BinderSyntaxVisitor.cs:51 
  at UdonSharp.Compiler.Binder.BinderSyntaxVisitor.VisitBlock (Microsoft.CodeAnalysis.CSharp.Syntax.BlockSyntax node) [0x0003e] in .\Packages\com.vrchat.worlds\Integrations\UdonSharp\Editor\Compiler\Binder\BinderSyntaxVisitor.cs:261 
  at Microsoft.CodeAnalysis.CSharp.Syntax.BlockSyntax.Accept[TResult] (Microsoft.CodeAnalysis.CSharp.CSharpSyntaxVisitor`1[TResult] visitor) [0x00000] in <9c2eb1fd370b4c31a981729c5e257f1b>:0 
  at Microsoft.CodeAnalysis.CSharp.CSharpSyntaxVisitor`1[TResult].Visit (Microsoft.CodeAnalysis.SyntaxNode node) [0x00003] in <9c2eb1fd370b4c31a981729c5e257f1b>:0 
  at UdonSharp.Compiler.Binder.BinderSyntaxVisitor.Visit (Microsoft.CodeAnalysis.SyntaxNode node) [0x0004c] in .\Packages\com.vrchat.worlds\Integrations\UdonSharp\Editor\Compiler\Binder\BinderSyntaxVisitor.cs:51 
  at UdonSharp.Compiler.Binder.BinderSyntaxVisitor.VisitStatement (Microsoft.CodeAnalysis.SyntaxNode node) [0x00000] in .\Packages\com.vrchat.worlds\Integrations\UdonSharp\Editor\Compiler\Binder\BinderSyntaxVisitor.cs:182 
  at UdonSharp.Compiler.Binder.BinderSyntaxVisitor.VisitIfStatement (Microsoft.CodeAnalysis.CSharp.Syntax.IfStatementSyntax node) [0x0005b] in .\Packages\com.vrchat.worlds\Integrations\UdonSharp\Editor\Compiler\Binder\BinderSyntaxVisitor.cs:787 
  at Microsoft.CodeAnalysis.CSharp.Syntax.IfStatementSyntax.Accept[TResult] (Microsoft.CodeAnalysis.CSharp.CSharpSyntaxVisitor`1[TResult] visitor) [0x00000] in <9c2eb1fd370b4c31a981729c5e257f1b>:0 
  at Microsoft.CodeAnalysis.CSharp.CSharpSyntaxVisitor`1[TResult].Visit (Microsoft.CodeAnalysis.SyntaxNode node) [0x00003] in <9c2eb1fd370b4c31a981729c5e257f1b>:0 
  at UdonSharp.Compiler.Binder.BinderSyntaxVisitor.Visit (Microsoft.CodeAnalysis.SyntaxNode node) [0x0004c] in .\Packages\com.vrchat.worlds\Integrations\UdonSharp\Editor\Compiler\Binder\BinderSyntaxVisitor.cs:51 
  at UdonSharp.Compiler.Binder.BinderSyntaxVisitor.VisitBlock (Microsoft.CodeAnalysis.CSharp.Syntax.BlockSyntax node) [0x0003e] in .\Packages\com.vrchat.worlds\Integrations\UdonSharp\Editor\Compiler\Binder\BinderSyntaxVisitor.cs:261 
  at Microsoft.CodeAnalysis.CSharp.Syntax.BlockSyntax.Accept[TResult] (Microsoft.CodeAnalysis.CSharp.CSharpSyntaxVisitor`1[TResult] visitor) [0x00000] in <9c2eb1fd370b4c31a981729c5e257f1b>:0 
  at Microsoft.CodeAnalysis.CSharp.CSharpSyntaxVisitor`1[TResult].Visit (Microsoft.CodeAnalysis.SyntaxNode node) [0x00003] in <9c2eb1fd370b4c31a981729c5e257f1b>:0 
  at UdonSharp.Compiler.Binder.BinderSyntaxVisitor.Visit (Microsoft.CodeAnalysis.SyntaxNode node) [0x0004c] in .\Packages\com.vrchat.worlds\Integrations\UdonSharp\Editor\Compiler\Binder\BinderSyntaxVisitor.cs:51 
  at UdonSharp.Compiler.Binder.BinderSyntaxVisitor.VisitStatement (Microsoft.CodeAnalysis.SyntaxNode node) [0x00000] in .\Packages\com.vrchat.worlds\Integrations\UdonSharp\Editor\Compiler\Binder\BinderSyntaxVisitor.cs:182 
  at UdonSharp.Compiler.Binder.BinderSyntaxVisitor.VisitIfStatement (Microsoft.CodeAnalysis.CSharp.Syntax.IfStatementSyntax node) [0x0005b] in .\Packages\com.vrchat.worlds\Integrations\UdonSharp\Editor\Compiler\Binder\BinderSyntaxVisitor.cs:787 
  at Microsoft.CodeAnalysis.CSharp.Syntax.IfStatementSyntax.Accept[TResult] (Microsoft.CodeAnalysis.CSharp.CSharpSyntaxVisitor`1[TResult] visitor) [0x00000] in <9c2eb1fd370b4c31a981729c5e257f1b>:0 
  at Microsoft.CodeAnalysis.CSharp.CSharpSyntaxVisitor`1[TResult].Visit (Microsoft.CodeAnalysis.SyntaxNode node) [0x00003] in <9c2eb1fd370b4c31a981729c5e257f1b>:0 
  at UdonSharp.Compiler.Binder.BinderSyntaxVisitor.Visit (Microsoft.CodeAnalysis.SyntaxNode node) [0x0004c] in .\Packages\com.vrchat.worlds\Integrations\UdonSharp\Editor\Compiler\Binder\BinderSyntaxVisitor.cs:51 
  at UdonSharp.Compiler.Binder.BinderSyntaxVisitor.VisitBlock (Microsoft.CodeAnalysis.CSharp.Syntax.BlockSyntax node) [0x0003e] in .\Packages\com.vrchat.worlds\Integrations\UdonSharp\Editor\Compiler\Binder\BinderSyntaxVisitor.cs:261 
  at Microsoft.CodeAnalysis.CSharp.Syntax.BlockSyntax.Accept[TResult] (Microsoft.CodeAnalysis.CSharp.CSharpSyntaxVisitor`1[TResult] visitor) [0x00000] in <9c2eb1fd370b4c31a981729c5e257f1b>:0 
  at Microsoft.CodeAnalysis.CSharp.CSharpSyntaxVisitor`1[TResult].Visit (Microsoft.CodeAnalysis.SyntaxNode node) [0x00003] in <9c2eb1fd370b4c31a981729c5e257f1b>:0 
  at UdonSharp.Compiler.Binder.BinderSyntaxVisitor.Visit (Microsoft.CodeAnalysis.SyntaxNode node) [0x0004c] in .\Packages\com.vrchat.worlds\Integrations\UdonSharp\Editor\Compiler\Binder\BinderSyntaxVisitor.cs:51 
  at UdonSharp.Compiler.Symbols.MethodSymbol.Bind (UdonSharp.Compiler.Binder.BindContext context) [0x0012f] in .\Packages\com.vrchat.worlds\Integrations\UdonSharp\Editor\Compiler\Binder\Symbols\MethodSymbol.cs:162 
  at UdonSharp.Compiler.Symbols.UdonSharpBehaviourMethodSymbol.Bind (UdonSharp.Compiler.Binder.BindContext context) [0x000a4] in .\Packages\com.vrchat.worlds\Integrations\UdonSharp\Editor\Compiler\Binder\Symbols\UdonSharpBehaviourMethodSymbol.cs:52 
  at UdonSharp.Compiler.Symbols.TypeSymbol.Bind (UdonSharp.Compiler.Binder.BindContext context) [0x00140] in .\Packages\com.vrchat.worlds\Integrations\UdonSharp\Editor\Compiler\Binder\Symbols\TypeSymbol.cs:137 
  at UdonSharp.Compiler.Binder.BindContext.Bind () [0x00015] in .\Packages\com.vrchat.worlds\Integrations\UdonSharp\Editor\Compiler\Binder\BindContext.cs:35 
  at UdonSharp.Compiler.UdonSharpCompilerV1+<>c__DisplayClass22_0.<BindAllPrograms>b__0 (System.ValueTuple`2[T1,T2] rootTypeSymbol) [0x00026] in .\Packages\com.vrchat.worlds\Integrations\UdonSharp\Editor\Compiler\UdonSharpCompilerV1.cs:618 
[<color=#FF00FF>UdonSharp</color>] Assets/预制件/Yodokorochan/Yodo_HapticControllers/Scripts/HapticSwitchPersistenceManager.cs(27,40): System.InvalidOperationException: Sequence contains no matching element
  at System.Linq.Enumerable.First[TSource] (System.Collections.Generic.IEnumerable`1[T] source, System.Func`2[T,TResult] predicate) [0x00011] in <70471b9615aa4ecfa3ed1abb95b73832>:0 
  at UdonSharp.Compiler.Binder.BoundInvocationExpression.TryCreateGetComponentInvocation (UdonSharp.Compiler.AbstractPhaseContext context, Microsoft.CodeAnalysis.SyntaxNode node, UdonSharp.Compiler.Symbols.MethodSymbol symbol, UdonSharp.Compiler.Binder.BoundExpression instanceExpression, UdonSharp.Compiler.Binder.BoundExpression[] parameterExpressions, UdonSharp.Compiler.Binder.BoundInvocationExpression& createdInvocation) [0x00224] in .\Packages\com.vrchat.worlds\Integrations\UdonSharp\Editor\Compiler\Binder\BoundNodes\BoundInvocationExpression.cs:186 
  at UdonSharp.Compiler.Binder.BoundInvocationExpression.TryCreateShimInvocation (UdonSharp.Compiler.AbstractPhaseContext context, Microsoft.CodeAnalysis.SyntaxNode node, UdonSharp.Compiler.Symbols.MethodSymbol symbol, UdonSharp.Compiler.Binder.BoundExpression instanceExpression, UdonSharp.Compiler.Binder.BoundExpression[] parameterExpressions, UdonSharp.Compiler.Binder.BoundInvocationExpression& createdInvocation) [0x0000f] in .\Packages\com.vrchat.worlds\Integrations\UdonSharp\Editor\Compiler\Binder\BoundNodes\BoundInvocationExpression.cs:379 
  at UdonSharp.Compiler.Binder.BoundInvocationExpression.CreateBoundInvocation (UdonSharp.Compiler.AbstractPhaseContext context, Microsoft.CodeAnalysis.SyntaxNode node, UdonSharp.Compiler.Symbols.MethodSymbol symbol, UdonSharp.Compiler.Binder.BoundExpression instanceExpression, UdonSharp.Compiler.Binder.BoundExpression[] parameterExpressions) [0x00000] in .\Packages\com.vrchat.worlds\Integrations\UdonSharp\Editor\Compiler\Binder\BoundNodes\BoundInvocationExpression.cs:406 
  at UdonSharp.Compiler.Binder.BinderSyntaxVisitor.VisitInvocationExpression (Microsoft.CodeAnalysis.CSharp.Syntax.InvocationExpressionSyntax node) [0x0040b] in .\Packages\com.vrchat.worlds\Integrations\UdonSharp\Editor\Compiler\Binder\BinderSyntaxVisitor.cs:511 
  at Microsoft.CodeAnalysis.CSharp.Syntax.InvocationExpressionSyntax.Accept[TResult] (Microsoft.CodeAnalysis.CSharp.CSharpSyntaxVisitor`1[TResult] visitor) [0x00000] in <9c2eb1fd370b4c31a981729c5e257f1b>:0 
  at Microsoft.CodeAnalysis.CSharp.CSharpSyntaxVisitor`1[TResult].Visit (Microsoft.CodeAnalysis.SyntaxNode node) [0x00003] in <9c2eb1fd370b4c31a981729c5e257f1b>:0 
  at UdonSharp.Compiler.Binder.BinderSyntaxVisitor.Visit (Microsoft.CodeAnalysis.SyntaxNode node) [0x0004c] in .\Packages\com.vrchat.worlds\Integrations\UdonSharp\Editor\Compiler\Binder\BinderSyntaxVisitor.cs:51 
  at UdonSharp.Compiler.Binder.BinderSyntaxVisitor.VisitExpression (Microsoft.CodeAnalysis.SyntaxNode node) [0x0000d] in .\Packages\com.vrchat.worlds\Integrations\UdonSharp\Editor\Compiler\Binder\BinderSyntaxVisitor.cs:112 
  at UdonSharp.Compiler.Binder.BinderSyntaxVisitor.VisitExpression (Microsoft.CodeAnalysis.SyntaxNode node, UdonSharp.Compiler.Symbols.TypeSymbol expectedType, System.Boolean explicitCast) [0x00000] in .\Packages\com.vrchat.worlds\Integrations\UdonSharp\Editor\Compiler\Binder\BinderSyntaxVisitor.cs:156 
  at UdonSharp.Compiler.Binder.BinderSyntaxVisitor.VisitAssignmentExpression (Microsoft.CodeAnalysis.CSharp.Syntax.AssignmentExpressionSyntax node) [0x00174] in .\Packages\com.vrchat.worlds\Integrations\UdonSharp\Editor\Compiler\Binder\BinderSyntaxVisitor.cs:625 
  at Microsoft.CodeAnalysis.CSharp.Syntax.AssignmentExpressionSyntax.Accept[TResult] (Microsoft.CodeAnalysis.CSharp.CSharpSyntaxVisitor`1[TResult] visitor) [0x00000] in <9c2eb1fd370b4c31a981729c5e257f1b>:0 
  at Microsoft.CodeAnalysis.CSharp.CSharpSyntaxVisitor`1[TResult].Visit (Microsoft.CodeAnalysis.SyntaxNode node) [0x00003] in <9c2eb1fd370b4c31a981729c5e257f1b>:0 
  at UdonSharp.Compiler.Binder.BinderSyntaxVisitor.Visit (Microsoft.CodeAnalysis.SyntaxNode node) [0x0004c] in .\Packages\com.vrchat.worlds\Integrations\UdonSharp\Editor\Compiler\Binder\BinderSyntaxVisitor.cs:51 
  at UdonSharp.Compiler.Binder.BinderSyntaxVisitor.VisitExpressionStatement (Microsoft.CodeAnalysis.CSharp.Syntax.ExpressionStatementSyntax node) [0x00000] in .\Packages\com.vrchat.worlds\Integrations\UdonSharp\Editor\Compiler\Binder\BinderSyntaxVisitor.cs:270 
  at Microsoft.CodeAnalysis.CSharp.Syntax.ExpressionStatementSyntax.Accept[TResult] (Microsoft.CodeAnalysis.CSharp.CSharpSyntaxVisitor`1[TResult] visitor) [0x00000] in <9c2eb1fd370b4c31a981729c5e257f1b>:0 
  at Microsoft.CodeAnalysis.CSharp.CSharpSyntaxVisitor`1[TResult].Visit (Microsoft.CodeAnalysis.SyntaxNode node) [0x00003] in <9c2eb1fd370b4c31a981729c5e257f1b>:0 
  at UdonSharp.Compiler.Binder.BinderSyntaxVisitor.Visit (Microsoft.CodeAnalysis.SyntaxNode node) [0x0004c] in .\Packages\com.vrchat.worlds\Integrations\UdonSharp\Editor\Compiler\Binder\BinderSyntaxVisitor.cs:51 
  at UdonSharp.Compiler.Binder.BinderSyntaxVisitor.VisitBlock (Microsoft.CodeAnalysis.CSharp.Syntax.BlockSyntax node) [0x0003e] in .\Packages\com.vrchat.worlds\Integrations\UdonSharp\Editor\Compiler\Binder\BinderSyntaxVisitor.cs:261 
  at Microsoft.CodeAnalysis.CSharp.Syntax.BlockSyntax.Accept[TResult] (Microsoft.CodeAnalysis.CSharp.CSharpSyntaxVisitor`1[TResult] visitor) [0x00000] in <9c2eb1fd370b4c31a981729c5e257f1b>:0 
  at Microsoft.CodeAnalysis.CSharp.CSharpSyntaxVisitor`1[TResult].Visit (Microsoft.CodeAnalysis.SyntaxNode node) [0x00003] in <9c2eb1fd370b4c31a981729c5e257f1b>:0 
  at UdonSharp.Compiler.Binder.BinderSyntaxVisitor.Visit (Microsoft.CodeAnalysis.SyntaxNode node) [0x0004c] in .\Packages\com.vrchat.worlds\Integrations\UdonSharp\Editor\Compiler\Binder\BinderSyntaxVisitor.cs:51 
  at UdonSharp.Compiler.Binder.BinderSyntaxVisitor.VisitStatement (Microsoft.CodeAnalysis.SyntaxNode node) [0x00000] in .\Packages\com.vrchat.worlds\Integrations\UdonSharp\Editor\Compiler\Binder\BinderSyntaxVisitor.cs:182 
  at UdonSharp.Compiler.Binder.BinderSyntaxVisitor.VisitIfStatement (Microsoft.CodeAnalysis.CSharp.Syntax.IfStatementSyntax node) [0x0005b] in .\Packages\com.vrchat.worlds\Integrations\UdonSharp\Editor\Compiler\Binder\BinderSyntaxVisitor.cs:787 
  at Microsoft.CodeAnalysis.CSharp.Syntax.IfStatementSyntax.Accept[TResult] (Microsoft.CodeAnalysis.CSharp.CSharpSyntaxVisitor`1[TResult] visitor) [0x00000] in <9c2eb1fd370b4c31a981729c5e257f1b>:0 
  at Microsoft.CodeAnalysis.CSharp.CSharpSyntaxVisitor`1[TResult].Visit (Microsoft.CodeAnalysis.SyntaxNode node) [0x00003] in <9c2eb1fd370b4c31a981729c5e257f1b>:0 
  at UdonSharp.Compiler.Binder.BinderSyntaxVisitor.Visit (Microsoft.CodeAnalysis.SyntaxNode node) [0x0004c] in .\Packages\com.vrchat.worlds\Integrations\UdonSharp\Editor\Compiler\Binder\BinderSyntaxVisitor.cs:51 
  at UdonSharp.Compiler.Binder.BinderSyntaxVisitor.VisitBlock (Microsoft.CodeAnalysis.CSharp.Syntax.BlockSyntax node) [0x0003e] in .\Packages\com.vrchat.worlds\Integrations\UdonSharp\Editor\Compiler\Binder\BinderSyntaxVisitor.cs:261 
  at Microsoft.CodeAnalysis.CSharp.Syntax.BlockSyntax.Accept[TResult] (Microsoft.CodeAnalysis.CSharp.CSharpSyntaxVisitor`1[TResult] visitor) [0x00000] in <9c2eb1fd370b4c31a981729c5e257f1b>:0 
  at Microsoft.CodeAnalysis.CSharp.CSharpSyntaxVisitor`1[TResult].Visit (Microsoft.CodeAnalysis.SyntaxNode node) [0x00003] in <9c2eb1fd370b4c31a981729c5e257f1b>:0 
  at UdonSharp.Compiler.Binder.BinderSyntaxVisitor.Visit (Microsoft.CodeAnalysis.SyntaxNode node) [0x0004c] in .\Packages\com.vrchat.worlds\Integrations\UdonSharp\Editor\Compiler\Binder\BinderSyntaxVisitor.cs:51 
  at UdonSharp.Compiler.Binder.BinderSyntaxVisitor.VisitStatement (Microsoft.CodeAnalysis.SyntaxNode node) [0x00000] in .\Packages\com.vrchat.worlds\Integrations\UdonSharp\Editor\Compiler\Binder\BinderSyntaxVisitor.cs:182 
  at UdonSharp.Compiler.Binder.BinderSyntaxVisitor.VisitIfStatement (Microsoft.CodeAnalysis.CSharp.Syntax.IfStatementSyntax node) [0x0005b] in .\Packages\com.vrchat.worlds\Integrations\UdonSharp\Editor\Compiler\Binder\BinderSyntaxVisitor.cs:787 
  at Microsoft.CodeAnalysis.CSharp.Syntax.IfStatementSyntax.Accept[TResult] (Microsoft.CodeAnalysis.CSharp.CSharpSyntaxVisitor`1[TResult] visitor) [0x00000] in <9c2eb1fd370b4c31a981729c5e257f1b>:0 
  at Microsoft.CodeAnalysis.CSharp.CSharpSyntaxVisitor`1[TResult].Visit (Microsoft.CodeAnalysis.SyntaxNode node) [0x00003] in <9c2eb1fd370b4c31a981729c5e257f1b>:0 
  at UdonSharp.Compiler.Binder.BinderSyntaxVisitor.Visit (Microsoft.CodeAnalysis.SyntaxNode node) [0x0004c] in .\Packages\com.vrchat.worlds\Integrations\UdonSharp\Editor\Compiler\Binder\BinderSyntaxVisitor.cs:51 
  at UdonSharp.Compiler.Binder.BinderSyntaxVisitor.VisitBlock (Microsoft.CodeAnalysis.CSharp.Syntax.BlockSyntax node) [0x0003e] in .\Packages\com.vrchat.worlds\Integrations\UdonSharp\Editor\Compiler\Binder\BinderSyntaxVisitor.cs:261 
  at Microsoft.CodeAnalysis.CSharp.Syntax.BlockSyntax.Accept[TResult] (Microsoft.CodeAnalysis.CSharp.CSharpSyntaxVisitor`1[TResult] visitor) [0x00000] in <9c2eb1fd370b4c31a981729c5e257f1b>:0 
  at Microsoft.CodeAnalysis.CSharp.CSharpSyntaxVisitor`1[TResult].Visit (Microsoft.CodeAnalysis.SyntaxNode node) [0x00003] in <9c2eb1fd370b4c31a981729c5e257f1b>:0 
  at UdonSharp.Compiler.Binder.BinderSyntaxVisitor.Visit (Microsoft.CodeAnalysis.SyntaxNode node) [0x0004c] in .\Packages\com.vrchat.worlds\Integrations\UdonSharp\Editor\Compiler\Binder\BinderSyntaxVisitor.cs:51 
  at UdonSharp.Compiler.Binder.BinderSyntaxVisitor.VisitStatement (Microsoft.CodeAnalysis.SyntaxNode node) [0x00000] in .\Packages\com.vrchat.worlds\Integrations\UdonSharp\Editor\Compiler\Binder\BinderSyntaxVisitor.cs:182 
  at UdonSharp.Compiler.Binder.BinderSyntaxVisitor.VisitIfStatement (Microsoft.CodeAnalysis.CSharp.Syntax.IfStatementSyntax node) [0x0005b] in .\Packages\com.vrchat.worlds\Integrations\UdonSharp\Editor\Compiler\Binder\BinderSyntaxVisitor.cs:787 
  at Microsoft.CodeAnalysis.CSharp.Syntax.IfStatementSyntax.Accept[TResult] (Microsoft.CodeAnalysis.CSharp.CSharpSyntaxVisitor`1[TResult] visitor) [0x00000] in <9c2eb1fd370b4c31a981729c5e257f1b>:0 
  at Microsoft.CodeAnalysis.CSharp.CSharpSyntaxVisitor`1[TResult].Visit (Microsoft.CodeAnalysis.SyntaxNode node) [0x00003] in <9c2eb1fd370b4c31a981729c5e257f1b>:0 
  at UdonSharp.Compiler.Binder.BinderSyntaxVisitor.Visit (Microsoft.CodeAnalysis.SyntaxNode node) [0x0004c] in .\Packages\com.vrchat.worlds\Integrations\UdonSharp\Editor\Compiler\Binder\BinderSyntaxVisitor.cs:51 
  at UdonSharp.Compiler.Binder.BinderSyntaxVisitor.VisitBlock (Microsoft.CodeAnalysis.CSharp.Syntax.BlockSyntax node) [0x0003e] in .\Packages\com.vrchat.worlds\Integrations\UdonSharp\Editor\Compiler\Binder\BinderSyntaxVisitor.cs:261 
  at Microsoft.CodeAnalysis.CSharp.Syntax.BlockSyntax.Accept[TResult] (Microsoft.CodeAnalysis.CSharp.CSharpSyntaxVisitor`1[TResult] visitor) [0x00000] in <9c2eb1fd370b4c31a981729c5e257f1b>:0 
  at Microsoft.CodeAnalysis.CSharp.CSharpSyntaxVisitor`1[TResult].Visit (Microsoft.CodeAnalysis.SyntaxNode node) [0x00003] in <9c2eb1fd370b4c31a981729c5e257f1b>:0 
  at UdonSharp.Compiler.Binder.BinderSyntaxVisitor.Visit (Microsoft.CodeAnalysis.SyntaxNode node) [0x0004c] in .\Packages\com.vrchat.worlds\Integrations\UdonSharp\Editor\Compiler\Binder\BinderSyntaxVisitor.cs:51 
  at UdonSharp.Compiler.Symbols.MethodSymbol.Bind (UdonSharp.Compiler.Binder.BindContext context) [0x0012f] in .\Packages\com.vrchat.worlds\Integrations\UdonSharp\Editor\Compiler\Binder\Symbols\MethodSymbol.cs:162 
  at UdonSharp.Compiler.Symbols.UdonSharpBehaviourMethodSymbol.Bind (UdonSharp.Compiler.Binder.BindContext context) [0x000a4] in .\Packages\com.vrchat.worlds\Integrations\UdonSharp\Editor\Compiler\Binder\Symbols\UdonSharpBehaviourMethodSymbol.cs:52 
  at UdonSharp.Compiler.Symbols.TypeSymbol.Bind (UdonSharp.Compiler.Binder.BindContext context) [0x00140] in .\Packages\com.vrchat.worlds\Integrations\UdonSharp\Editor\Compiler\Binder\Symbols\TypeSymbol.cs:137 
  at UdonSharp.Compiler.Binder.BindContext.Bind () [0x00015] in .\Packages\com.vrchat.worlds\Integrations\UdonSharp\Editor\Compiler\Binder\BindContext.cs:35 
  at UdonSharp.Compiler.UdonSharpCompilerV1+<>c__DisplayClass22_0.<BindAllPrograms>b__0 (System.ValueTuple`2[T1,T2] rootTypeSymbol) [0x00026] in .\Packages\com.vrchat.worlds\Integrations\UdonSharp\Editor\Compiler\UdonSharpCompilerV1.cs:618 
[<color=#FF00FF>UdonSharp</color>] Assets/HoshinoLabs/iwaSync3/Udon/VideoCore.cs(131,67): System.InvalidOperationException: Sequence contains no matching element
  at System.Linq.Enumerable.First[TSource] (System.Collections.Generic.IEnumerable`1[T] source, System.Func`2[T,TResult] predicate) [0x00011] in <70471b9615aa4ecfa3ed1abb95b73832>:0 
  at UdonSharp.Compiler.Binder.BoundInvocationExpression.TryCreateGetComponentInvocation (UdonSharp.Compiler.AbstractPhaseContext context, Microsoft.CodeAnalysis.SyntaxNode node, UdonSharp.Compiler.Symbols.MethodSymbol symbol, UdonSharp.Compiler.Binder.BoundExpression instanceExpression, UdonSharp.Compiler.Binder.BoundExpression[] parameterExpressions, UdonSharp.Compiler.Binder.BoundInvocationExpression& createdInvocation) [0x00224] in .\Packages\com.vrchat.worlds\Integrations\UdonSharp\Editor\Compiler\Binder\BoundNodes\BoundInvocationExpression.cs:186 
  at UdonSharp.Compiler.Binder.BoundInvocationExpression.TryCreateShimInvocation (UdonSharp.Compiler.AbstractPhaseContext context, Microsoft.CodeAnalysis.SyntaxNode node, UdonSharp.Compiler.Symbols.MethodSymbol symbol, UdonSharp.Compiler.Binder.BoundExpression instanceExpression, UdonSharp.Compiler.Binder.BoundExpression[] parameterExpressions, UdonSharp.Compiler.Binder.BoundInvocationExpression& createdInvocation) [0x0000f] in .\Packages\com.vrchat.worlds\Integrations\UdonSharp\Editor\Compiler\Binder\BoundNodes\BoundInvocationExpression.cs:379 
  at UdonSharp.Compiler.Binder.BoundInvocationExpression.CreateBoundInvocation (UdonSharp.Compiler.AbstractPhaseContext context, Microsoft.CodeAnalysis.SyntaxNode node, UdonSharp.Compiler.Symbols.MethodSymbol symbol, UdonSharp.Compiler.Binder.BoundExpression instanceExpression, UdonSharp.Compiler.Binder.BoundExpression[] parameterExpressions) [0x00000] in .\Packages\com.vrchat.worlds\Integrations\UdonSharp\Editor\Compiler\Binder\BoundNodes\BoundInvocationExpression.cs:406 
  at UdonSharp.Compiler.Binder.BinderSyntaxVisitor.VisitInvocationExpression (Microsoft.CodeAnalysis.CSharp.Syntax.InvocationExpressionSyntax node) [0x0040b] in .\Packages\com.vrchat.worlds\Integrations\UdonSharp\Editor\Compiler\Binder\BinderSyntaxVisitor.cs:511 
  at Microsoft.CodeAnalysis.CSharp.Syntax.InvocationExpressionSyntax.Accept[TResult] (Microsoft.CodeAnalysis.CSharp.CSharpSyntaxVisitor`1[TResult] visitor) [0x00000] in <9c2eb1fd370b4c31a981729c5e257f1b>:0 
  at Microsoft.CodeAnalysis.CSharp.CSharpSyntaxVisitor`1[TResult].Visit (Microsoft.CodeAnalysis.SyntaxNode node) [0x00003] in <9c2eb1fd370b4c31a981729c5e257f1b>:0 
  at UdonSharp.Compiler.Binder.BinderSyntaxVisitor.Visit (Microsoft.CodeAnalysis.SyntaxNode node) [0x0004c] in .\Packages\com.vrchat.worlds\Integrations\UdonSharp\Editor\Compiler\Binder\BinderSyntaxVisitor.cs:51 
  at UdonSharp.Compiler.Binder.BinderSyntaxVisitor.VisitExpression (Microsoft.CodeAnalysis.SyntaxNode node) [0x0000d] in .\Packages\com.vrchat.worlds\Integrations\UdonSharp\Editor\Compiler\Binder\BinderSyntaxVisitor.cs:112 
  at UdonSharp.Compiler.Binder.BinderSyntaxVisitor.VisitExpression (Microsoft.CodeAnalysis.SyntaxNode node, UdonSharp.Compiler.Symbols.TypeSymbol expectedType, System.Boolean explicitCast) [0x00000] in .\Packages\com.vrchat.worlds\Integrations\UdonSharp\Editor\Compiler\Binder\BinderSyntaxVisitor.cs:156 
  at UdonSharp.Compiler.Binder.BinderSyntaxVisitor.VisitAssignmentExpression (Microsoft.CodeAnalysis.CSharp.Syntax.AssignmentExpressionSyntax node) [0x00174] in .\Packages\com.vrchat.worlds\Integrations\UdonSharp\Editor\Compiler\Binder\BinderSyntaxVisitor.cs:625 
  at Microsoft.CodeAnalysis.CSharp.Syntax.AssignmentExpressionSyntax.Accept[TResult] (Microsoft.CodeAnalysis.CSharp.CSharpSyntaxVisitor`1[TResult] visitor) [0x00000] in <9c2eb1fd370b4c31a981729c5e257f1b>:0 
  at Microsoft.CodeAnalysis.CSharp.CSharpSyntaxVisitor`1[TResult].Visit (Microsoft.CodeAnalysis.SyntaxNode node) [0x00003] in <9c2eb1fd370b4c31a981729c5e257f1b>:0 
  at UdonSharp.Compiler.Binder.BinderSyntaxVisitor.Visit (Microsoft.CodeAnalysis.SyntaxNode node) [0x0004c] in .\Packages\com.vrchat.worlds\Integrations\UdonSharp\Editor\Compiler\Binder\BinderSyntaxVisitor.cs:51 
  at UdonSharp.Compiler.Binder.BinderSyntaxVisitor.VisitExpressionStatement (Microsoft.CodeAnalysis.CSharp.Syntax.ExpressionStatementSyntax node) [0x00000] in .\Packages\com.vrchat.worlds\Integrations\UdonSharp\Editor\Compiler\Binder\BinderSyntaxVisitor.cs:270 
  at Microsoft.CodeAnalysis.CSharp.Syntax.ExpressionStatementSyntax.Accept[TResult] (Microsoft.CodeAnalysis.CSharp.CSharpSyntaxVisitor`1[TResult] visitor) [0x00000] in <9c2eb1fd370b4c31a981729c5e257f1b>:0 
  at Microsoft.CodeAnalysis.CSharp.CSharpSyntaxVisitor`1[TResult].Visit (Microsoft.CodeAnalysis.SyntaxNode node) [0x00003] in <9c2eb1fd370b4c31a981729c5e257f1b>:0 
  at UdonSharp.Compiler.Binder.BinderSyntaxVisitor.Visit (Microsoft.CodeAnalysis.SyntaxNode node) [0x0004c] in .\Packages\com.vrchat.worlds\Integrations\UdonSharp\Editor\Compiler\Binder\BinderSyntaxVisitor.cs:51 
  at UdonSharp.Compiler.Binder.BinderSyntaxVisitor.VisitBlock (Microsoft.CodeAnalysis.CSharp.Syntax.BlockSyntax node) [0x0003e] in .\Packages\com.vrchat.worlds\Integrations\UdonSharp\Editor\Compiler\Binder\BinderSyntaxVisitor.cs:261 
  at Microsoft.CodeAnalysis.CSharp.Syntax.BlockSyntax.Accept[TResult] (Microsoft.CodeAnalysis.CSharp.CSharpSyntaxVisitor`1[TResult] visitor) [0x00000] in <9c2eb1fd370b4c31a981729c5e257f1b>:0 
  at Microsoft.CodeAnalysis.CSharp.CSharpSyntaxVisitor`1[TResult].Visit (Microsoft.CodeAnalysis.SyntaxNode node) [0x00003] in <9c2eb1fd370b4c31a981729c5e257f1b>:0 
  at UdonSharp.Compiler.Binder.BinderSyntaxVisitor.Visit (Microsoft.CodeAnalysis.SyntaxNode node) [0x0004c] in .\Packages\com.vrchat.worlds\Integrations\UdonSharp\Editor\Compiler\Binder\BinderSyntaxVisitor.cs:51 
  at UdonSharp.Compiler.Symbols.MethodSymbol.Bind (UdonSharp.Compiler.Binder.BindContext context) [0x0012f] in .\Packages\com.vrchat.worlds\Integrations\UdonSharp\Editor\Compiler\Binder\Symbols\MethodSymbol.cs:162 
  at UdonSharp.Compiler.Symbols.UdonSharpBehaviourMethodSymbol.Bind (UdonSharp.Compiler.Binder.BindContext context) [0x000a4] in .\Packages\com.vrchat.worlds\Integrations\UdonSharp\Editor\Compiler\Binder\Symbols\UdonSharpBehaviourMethodSymbol.cs:52 
  at UdonSharp.Compiler.Symbols.TypeSymbol.Bind (UdonSharp.Compiler.Binder.BindContext context) [0x00140] in .\Packages\com.vrchat.worlds\Integrations\UdonSharp\Editor\Compiler\Binder\Symbols\TypeSymbol.cs:137 
  at UdonSharp.Compiler.Binder.BindContext.Bind () [0x00015] in .\Packages\com.vrchat.worlds\Integrations\UdonSharp\Editor\Compiler\Binder\BindContext.cs:35 
  at UdonSharp.Compiler.UdonSharpCompilerV1+<>c__DisplayClass22_0.<BindAllPrograms>b__0 (System.ValueTuple`2[T1,T2] rootTypeSymbol) [0x00026] in .\Packages\com.vrchat.worlds\Integrations\UdonSharp\Editor\Compiler\UdonSharpCompilerV1.cs:618 
[<color=#FF00FF>UdonSharp</color>] U# scripts have compile errors, scene upgrade deferred until script errors are resolved.
UnityEngine.StackTraceUtility:ExtractStackTrace ()
UnityEngine.DebugLogHandler:LogFormat (UnityEngine.LogType,UnityEngine.Object,string,object[])
UnityEngine.Logger:Log (UnityEngine.LogType,object)
UnityEngine.Debug:LogError (object)
UdonSharp.UdonSharpUtils:LogError (object) (at ./Packages/com.vrchat.worlds/Integrations/UdonSharp/Editor/UdonSharpUtils.cs:324)
UdonSharpEditor.UdonSharpEditorUtility:UpgradeSceneBehaviours (System.Collections.Generic.IEnumerable`1<VRC.Udon.UdonBehaviour>) (at ./Packages/com.vrchat.worlds/Integrations/UdonSharp/Editor/UdonSharpEditorUtility.cs:660)
UdonSharpEditor.UdonSharpEditorManager:RunAllUpgrades () (at ./Packages/com.vrchat.worlds/Integrations/UdonSharp/Editor/UdonSharpEditorManager.cs:1694)
UdonSharpEditor.UdonSharpEditorManager:RunPostAssemblyBuildRefresh () (at ./Packages/com.vrchat.worlds/Integrations/UdonSharp/Editor/UdonSharpEditorManager.cs:132)
UnityEditor.AssemblyReloadEvents:OnAfterAssemblyReload ()

(Filename: ./Packages/com.vrchat.worlds/Integrations/UdonSharp/Editor/UdonSharpUtils.cs Line: 324)

[Package Manager] Server::EnsureServerProcessIsRunning -- launch failed, reason: Unity was launched with the -noUpm command-line argument
[Package Manager] UpmClient::Send -- Unable to send message (not connected to UPM process).
[Package Manager] Cannot connect to Unity Package Manager local server
[Package Manager] Server::EnsureServerProcessIsRunning -- launch failed, reason: Unity was launched with the -noUpm command-line argument
[Package Manager] UpmClient::Send -- Unable to send message (not connected to UPM process).
[Package Manager] Cannot connect to Unity Package Manager local server
- Finished resetting the current domain, in 27.851 seconds
Domain Reload Profiling: 30888ms
	BeginReloadAssembly (520ms)
		ExecutionOrderSort (0ms)
		DisableScriptedObjects (15ms)
		BackupInstance (0ms)
		ReleaseScriptingObjects (0ms)
		CreateAndSetChildDomain (54ms)
	RebuildCommonClasses (147ms)
	RebuildNativeTypeToScriptingClass (39ms)
	initialDomainReloadingComplete (208ms)
	LoadAllAssembliesAndSetupDomain (2121ms)
		LoadAssemblies (1669ms)
		RebuildTransferFunctionScriptingTraits (0ms)
		AnalyzeDomain (791ms)
			TypeCache.Refresh (684ms)
				TypeCache.ScanAssembly (624ms)
			ScanForSourceGeneratedMonoScriptInfo (63ms)
			ResolveRequiredComponents (36ms)
	FinalizeReload (27852ms)
		ReleaseScriptCaches (0ms)
		RebuildScriptCaches (0ms)
		SetupLoadedEditorAssemblies (4059ms)
			LogAssemblyErrors (0ms)
			InitializePlatformSupportModulesInManaged (50ms)
			SetLoadedEditorAssemblies (17ms)
			RefreshPlugins (0ms)
			BeforeProcessingInitializeOnLoad (246ms)
			ProcessInitializeOnLoadAttributes (1855ms)
			ProcessInitializeOnLoadMethodAttributes (1677ms)
			AfterProcessingInitializeOnLoad (213ms)
			EditorAssembliesLoaded (2ms)
		ExecutionOrderSort2 (0ms)
		AwakeInstancesAfterBackupRestoration (77ms)
Shader 'Leviant's Shaders/ScreenSpace Ubershader v2.8': fallback shader 'Particles/Multiply' not found
Launched and connected shader compiler UnityShaderCompiler.exe after 1.20 seconds
Refreshing native plugins compatible for Editor in 289.61 ms, found 28 plugins.
Preloading 2 native plugins for Editor in 0.15 ms.
Unloading 4496 Unused Serialized files (Serialized files now loaded: 0)
Unloading 247 unused Assets / (7.2 MB). Loaded Objects now: 4952.
Memory consumption went from 287.3 MB to 280.1 MB.
Total: 1277.576500 ms (FindLiveObjects: 1.188500 ms CreateObjectMapping: 2.029100 ms MarkObjects: 1265.394900 ms  DeleteObjects: 8.961200 ms)

AssetImportParameters requested are different than current active one (requested -> active):
  custom:container-demuxer-ogg: 62fdf1f143b41e24485cea50d1cbac27 -> 
  custom:video-decoder-ogg-theora: a1e56fd34408186e4bbccfd4996cb3dc -> 
  custom:framework-win-MediaFoundation: 216162199b28c13a410421893ffa2e32 -> 
  custom:CustomObjectIndexerAttribute: 9a22284fe3817be447336de3de66b15e -> 
  custom:container-demuxer-webm: 4f35f7cbe854078d1ac9338744f61a02 -> 
  custom:container-muxer-webm: aa71ff27fc2769a1b78a27578f13a17b -> 
  custom:video-decoder-webm-vp8: 9c59270c3fd7afecdb556c50c9e8de78 -> 
  custom:SearchIndexIgnoredProperties: e643bd26f0fe6173181afceb89e7c659 -> 
  custom:AudioImporter_EditorPlatform: d09bf68614088b80899f8185d706f6e7 -> 
  custom:video-encoder-webm-vp8: eb34c28f22e8b96e1ab97ce403110664 -> 
  custom:audio-decoder-ogg-vorbis: bf7c407c2cedff20999df2af8eb42d56 -> 
  custom:audio-encoder-webm-vorbis: bf7c407c2cedff20999df2af8eb42d56 -> 
========================================================================
Received Import Request.
  Time since last request: 189616.457504 seconds.
  path: Assets/VowganVR/DeckOfCards/Reset Button.prefab
  artifactKey: Guid(be69230508a3d414b8822874bf4ba3c9) Importer(815301076,1909f56bfc062723c751e8b465ee728b)
Start importing Assets/VowganVR/DeckOfCards/Reset Button.prefab using Guid(be69230508a3d414b8822874bf4ba3c9) Importer(815301076,1909f56bfc062723c751e8b465ee728b)  -> (artifact id: '13ce4911b4dee7ed1462e70455ed6003') in 0.400821 seconds
Number of updated asset objects reloaded before import = 0
Number of asset objects unloaded after import = 26
