Using pre-set license
Built from '2022.3/staging' branch; Version is '2022.3.22f1 (887be4894c44) revision 8944612'; Using compiler version '192829333'; Build Type 'Release'
OS: 'Windows 10  (10.0.19045) 64bit ProfessionalWorkstation' Language: 'zh' Physical Memory: 40680 MB
BatchMode: 1, IsHumanControllingUs: 0, StartBugReporterOnCrash: 0, Is64bit: 1, IsPro: 1

COMMAND LINE ARGUMENTS:
C:\Program Files\Unity Hub\Editor\2022.3.22f1\Editor\Unity.exe
-adb2
-batchMode
-noUpm
-name
AssetImportWorker6
-projectPath
D:/Studafe/Studafé
-logFile
Logs/AssetImportWorker6.log
-srvPort
14611
Successfully changed project path to: D:/Studafe/Studafé
D:/Studafe/Studafé
[UnityMemory] Configuration Parameters - Can be set up in boot.config
    "memorysetup-bucket-allocator-granularity=16"
    "memorysetup-bucket-allocator-bucket-count=8"
    "memorysetup-bucket-allocator-block-size=33554432"
    "memorysetup-bucket-allocator-block-count=8"
    "memorysetup-main-allocator-block-size=16777216"
    "memorysetup-thread-allocator-block-size=16777216"
    "memorysetup-gfx-main-allocator-block-size=16777216"
    "memorysetup-gfx-thread-allocator-block-size=16777216"
    "memorysetup-cache-allocator-block-size=4194304"
    "memorysetup-typetree-allocator-block-size=2097152"
    "memorysetup-profiler-bucket-allocator-granularity=16"
    "memorysetup-profiler-bucket-allocator-bucket-count=8"
    "memorysetup-profiler-bucket-allocator-block-size=33554432"
    "memorysetup-profiler-bucket-allocator-block-count=8"
    "memorysetup-profiler-allocator-block-size=16777216"
    "memorysetup-profiler-editor-allocator-block-size=1048576"
    "memorysetup-temp-allocator-size-main=16777216"
    "memorysetup-job-temp-allocator-block-size=2097152"
    "memorysetup-job-temp-allocator-block-size-background=1048576"
    "memorysetup-job-temp-allocator-reduction-small-platforms=262144"
    "memorysetup-allocator-temp-initial-block-size-main=262144"
    "memorysetup-allocator-temp-initial-block-size-worker=262144"
    "memorysetup-temp-allocator-size-background-worker=32768"
    "memorysetup-temp-allocator-size-job-worker=262144"
    "memorysetup-temp-allocator-size-preload-manager=33554432"
    "memorysetup-temp-allocator-size-nav-mesh-worker=65536"
    "memorysetup-temp-allocator-size-audio-worker=65536"
    "memorysetup-temp-allocator-size-cloud-worker=32768"
    "memorysetup-temp-allocator-size-gi-baking-worker=262144"
    "memorysetup-temp-allocator-size-gfx=262144"
Player connection [7904] Host "[IP] 192.168.1.139 [Port] 0 [Flags] 2 [Guid] 4229022516 [EditorId] 4229022516 [Version] 1048832 [Id] WindowsEditor(7,DESKTOP-114514AA) [Debug] 1 [PackageName] WindowsEditor [ProjectName] Editor" joined multi-casting on [225.0.0.222:54997]...

Player connection [7904] Host "[IP] 192.168.1.139 [Port] 0 [Flags] 2 [Guid] 4229022516 [EditorId] 4229022516 [Version] 1048832 [Id] WindowsEditor(7,DESKTOP-114514AA) [Debug] 1 [PackageName] WindowsEditor [ProjectName] Editor" joined alternative multi-casting on [225.0.0.222:34997]...

[Physics::Module] Initialized MultithreadedJobDispatcher with 15 workers.
Refreshing native plugins compatible for Editor in 111.33 ms, found 28 plugins.
Preloading 2 native plugins for Editor in 3.08 ms.
Initialize engine version: 2022.3.22f1 (887be4894c44)
[Subsystems] Discovering subsystems at path C:/Program Files/Unity Hub/Editor/2022.3.22f1/Editor/Data/Resources/UnitySubsystems
[Subsystems] Discovering subsystems at path D:/Studafe/Studafé/Assets
GfxDevice: creating device client; threaded=0; jobified=0
Direct3D:
    Version:  Direct3D 11.0 [level 11.1]
    Renderer: NVIDIA GeForce RTX 4060 Laptop GPU (ID=0x28a0)
    Vendor:   NVIDIA
    VRAM:     7957 MB
    Driver:   32.0.15.7270
Shader 'Leviant's Shaders/ScreenSpace Ubershader v2.8': fallback shader 'Particles/Multiply' not found
Initialize mono
Mono path[0] = 'C:/Program Files/Unity Hub/Editor/2022.3.22f1/Editor/Data/Managed'
Mono path[1] = 'C:/Program Files/Unity Hub/Editor/2022.3.22f1/Editor/Data/MonoBleedingEdge/lib/mono/unityjit-win32'
Mono config path = 'C:/Program Files/Unity Hub/Editor/2022.3.22f1/Editor/Data/MonoBleedingEdge/etc'
Using monoOptions --debugger-agent=transport=dt_socket,embedding=1,server=y,suspend=n,address=127.0.0.1:56924
Begin MonoManager ReloadAssembly
Registering precompiled unity dll's ...
Trying to register platform support module: C:/Program Files/Unity Hub/Editor/2022.3.22f1/Editor/Data/PlaybackEngines/AndroidPlayer/UnityEditor.Android.Extensions.dll (that doesn't exist). Retrying without overrides.
Platform support module is not available: C:/Program Files/Unity Hub/Editor/2022.3.22f1/Editor/Data/PlaybackEngines/AndroidPlayer/UnityEditor.Android.Extensions.dll
Register platform support module: C:/Program Files/Unity Hub/Editor/2022.3.22f1/Editor/Data/PlaybackEngines/WindowsStandaloneSupport/UnityEditor.WindowsStandalone.Extensions.dll
Registered in 0.074296 seconds.
- Loaded All Assemblies, in  1.042 seconds
Native extension for WindowsStandalone target not found
Mono: successfully reloaded assembly
- Finished resetting the current domain, in  0.603 seconds
Domain Reload Profiling: 1629ms
	BeginReloadAssembly (371ms)
		ExecutionOrderSort (0ms)
		DisableScriptedObjects (0ms)
		BackupInstance (0ms)
		ReleaseScriptingObjects (0ms)
		CreateAndSetChildDomain (2ms)
	RebuildCommonClasses (81ms)
	RebuildNativeTypeToScriptingClass (20ms)
	initialDomainReloadingComplete (228ms)
	LoadAllAssembliesAndSetupDomain (324ms)
		LoadAssemblies (354ms)
		RebuildTransferFunctionScriptingTraits (0ms)
		AnalyzeDomain (317ms)
			TypeCache.Refresh (314ms)
				TypeCache.ScanAssembly (284ms)
			ScanForSourceGeneratedMonoScriptInfo (1ms)
			ResolveRequiredComponents (1ms)
	FinalizeReload (605ms)
		ReleaseScriptCaches (0ms)
		RebuildScriptCaches (0ms)
		SetupLoadedEditorAssemblies (484ms)
			LogAssemblyErrors (0ms)
			InitializePlatformSupportModulesInManaged (38ms)
			SetLoadedEditorAssemblies (14ms)
			RefreshPlugins (0ms)
			BeforeProcessingInitializeOnLoad (5ms)
			ProcessInitializeOnLoadAttributes (302ms)
			ProcessInitializeOnLoadMethodAttributes (124ms)
			AfterProcessingInitializeOnLoad (0ms)
			EditorAssembliesLoaded (0ms)
		ExecutionOrderSort2 (0ms)
		AwakeInstancesAfterBackupRestoration (0ms)
========================================================================
Worker process is ready to serve import requests
Begin MonoManager ReloadAssembly
- Loaded All Assemblies, in  2.367 seconds
Refreshing native plugins compatible for Editor in 51.23 ms, found 28 plugins.
Type TLP.UdonVoiceUtils.Runtime.Examples.VoiceOverrideDoor already exists
UnityEngine.StackTraceUtility:ExtractStackTrace ()
UnityEngine.DebugLogHandler:LogFormat (UnityEngine.LogType,UnityEngine.Object,string,object[])
UnityEngine.Logger:Log (UnityEngine.LogType,object)
UnityEngine.Debug:LogWarning (object)
TlpDefaultExecutionOrder:.ctor (System.Type,int) (at ./Packages/tlp.udonutils/Runtime/Attributes/TlpDefaultExecutionOrder.cs:15)

(Filename: ./Packages/tlp.udonutils/Runtime/Attributes/TlpDefaultExecutionOrder.cs Line: 15)

Type TLP.UdonVoiceUtils.Runtime.Core.PlayerAudioController already exists
UnityEngine.StackTraceUtility:ExtractStackTrace ()
UnityEngine.DebugLogHandler:LogFormat (UnityEngine.LogType,UnityEngine.Object,string,object[])
UnityEngine.Logger:Log (UnityEngine.LogType,object)
UnityEngine.Debug:LogWarning (object)
TlpDefaultExecutionOrder:.ctor (System.Type,int) (at ./Packages/tlp.udonutils/Runtime/Attributes/TlpDefaultExecutionOrder.cs:15)

(Filename: ./Packages/tlp.udonutils/Runtime/Attributes/TlpDefaultExecutionOrder.cs Line: 15)

Type TLP.UdonUtils.Runtime.Sync.Experimental.NtpClient already exists
UnityEngine.StackTraceUtility:ExtractStackTrace ()
UnityEngine.DebugLogHandler:LogFormat (UnityEngine.LogType,UnityEngine.Object,string,object[])
UnityEngine.Logger:Log (UnityEngine.LogType,object)
UnityEngine.Debug:LogWarning (object)
TlpDefaultExecutionOrder:.ctor (System.Type,int) (at ./Packages/tlp.udonutils/Runtime/Attributes/TlpDefaultExecutionOrder.cs:15)

(Filename: ./Packages/tlp.udonutils/Runtime/Attributes/TlpDefaultExecutionOrder.cs Line: 15)

Native extension for WindowsStandalone target not found
Package Manager log level set to [2]
[Package Manager] Server::EnsureServerProcessIsRunning -- launch failed, reason: Unity was launched with the -noUpm command-line argument
[Package Manager] UpmClient::Send -- Unable to send message (not connected to UPM process).
[Package Manager] Cannot connect to Unity Package Manager local server
jp.ootr.ImageTab.Editor.SetObjectReferences must be instantiated using the ScriptableObject.CreateInstance method instead of new SetObjectReferences.
UnityEngine.StackTraceUtility:ExtractStackTrace ()
UnityEngine.ScriptableObject:.ctor ()
UnityEditor.Editor:.ctor ()
jp.ootr.ImageTab.Editor.SetObjectReferences:.ctor ()
System.Reflection.RuntimeConstructorInfo:InternalInvoke (object,object[],bool)
System.RuntimeType:CreateInstanceMono (bool,bool)
System.RuntimeType:CreateInstanceSlow (bool,bool,bool,bool)
System.RuntimeType:CreateInstanceDefaultCtor (bool,bool,bool,bool,System.Threading.StackCrawlMark&)
System.Activator:CreateInstance (System.Type,bool,bool)
System.Activator:CreateInstance (System.Type,bool)
System.Activator:CreateInstance (System.Type)
VRC.SDKBase.Editor.BuildPipeline.VRCBuildPipelineCallbacks:Initialize ()
System.Reflection.RuntimeMethodInfo:Invoke (object,System.Reflection.BindingFlags,System.Reflection.Binder,object[],System.Globalization.CultureInfo)
System.Reflection.MethodBase:Invoke (object,object[])
UnityEditor.EditorAssemblies:ProcessInitializeOnLoadMethodAttributes ()

[C:\build\output\unity\unity\Runtime\Scripting\Scripting.cpp line 763]

jp.ootr.ImageDeviceController.Editor.SetObjectReferences must be instantiated using the ScriptableObject.CreateInstance method instead of new SetObjectReferences.
UnityEngine.StackTraceUtility:ExtractStackTrace ()
UnityEngine.ScriptableObject:.ctor ()
UnityEditor.Editor:.ctor ()
jp.ootr.ImageDeviceController.Editor.SetObjectReferences:.ctor ()
System.Reflection.RuntimeConstructorInfo:InternalInvoke (object,object[],bool)
System.RuntimeType:CreateInstanceMono (bool,bool)
System.RuntimeType:CreateInstanceSlow (bool,bool,bool,bool)
System.RuntimeType:CreateInstanceDefaultCtor (bool,bool,bool,bool,System.Threading.StackCrawlMark&)
System.Activator:CreateInstance (System.Type,bool,bool)
System.Activator:CreateInstance (System.Type,bool)
System.Activator:CreateInstance (System.Type)
VRC.SDKBase.Editor.BuildPipeline.VRCBuildPipelineCallbacks:Initialize ()
System.Reflection.RuntimeMethodInfo:Invoke (object,System.Reflection.BindingFlags,System.Reflection.Binder,object[],System.Globalization.CultureInfo)
System.Reflection.MethodBase:Invoke (object,object[])
UnityEditor.EditorAssemblies:ProcessInitializeOnLoadMethodAttributes ()

[C:\build\output\unity\unity\Runtime\Scripting\Scripting.cpp line 763]

jp.ootr.ImageDeviceController.Editor.SetObjectReference__ImageDeviceController must be instantiated using the ScriptableObject.CreateInstance method instead of new SetObjectReference__ImageDeviceController.
UnityEngine.StackTraceUtility:ExtractStackTrace ()
UnityEngine.ScriptableObject:.ctor ()
UnityEditor.Editor:.ctor ()
jp.ootr.ImageDeviceController.Editor.SetObjectReference__ImageDeviceController:.ctor ()
System.Reflection.RuntimeConstructorInfo:InternalInvoke (object,object[],bool)
System.RuntimeType:CreateInstanceMono (bool,bool)
System.RuntimeType:CreateInstanceSlow (bool,bool,bool,bool)
System.RuntimeType:CreateInstanceDefaultCtor (bool,bool,bool,bool,System.Threading.StackCrawlMark&)
System.Activator:CreateInstance (System.Type,bool,bool)
System.Activator:CreateInstance (System.Type,bool)
System.Activator:CreateInstance (System.Type)
VRC.SDKBase.Editor.BuildPipeline.VRCBuildPipelineCallbacks:Initialize ()
System.Reflection.RuntimeMethodInfo:Invoke (object,System.Reflection.BindingFlags,System.Reflection.Binder,object[],System.Globalization.CultureInfo)
System.Reflection.MethodBase:Invoke (object,object[])
UnityEditor.EditorAssemblies:ProcessInitializeOnLoadMethodAttributes ()

[C:\build\output\unity\unity\Runtime\Scripting\Scripting.cpp line 763]

System.Reflection.TargetInvocationException: Exception has been thrown by the target of an invocation. ---> System.NullReferenceException: Object reference not set to an instance of an object
  at Unity.XR.Oculus.OculusLoader.AssetPathToAbsolutePath (System.String assetPath) [0x00040] in .\Library\PackageCache\com.unity.xr.oculus@4.2.0\Runtime\OculusLoader.cs:298 
  at Unity.XR.Oculus.OculusLoader.EditorLoadOVRPlugin () [0x0008c] in .\Library\PackageCache\com.unity.xr.oculus@4.2.0\Runtime\OculusLoader.cs:283 
  at (wrapper managed-to-native) System.Reflection.RuntimeMethodInfo.InternalInvoke(System.Reflection.RuntimeMethodInfo,object,object[],System.Exception&)
  at System.Reflection.RuntimeMethodInfo.Invoke (System.Object obj, System.Reflection.BindingFlags invokeAttr, System.Reflection.Binder binder, System.Object[] parameters, System.Globalization.CultureInfo culture) [0x0006a] in <27124aa0e30a41659b903b822b959bc7>:0 
   --- End of inner exception stack trace ---
  at System.Reflection.RuntimeMethodInfo.Invoke (System.Object obj, System.Reflection.BindingFlags invokeAttr, System.Reflection.Binder binder, System.Object[] parameters, System.Globalization.CultureInfo culture) [0x00083] in <27124aa0e30a41659b903b822b959bc7>:0 
  at System.Reflection.MethodBase.Invoke (System.Object obj, System.Object[] parameters) [0x00000] in <27124aa0e30a41659b903b822b959bc7>:0 
  at UnityEditor.EditorAssemblies.ProcessInitializeOnLoadMethodAttributes () [0x000a5] in <80a8ce1980c648dca8e68f0d8aa3b930>:0 
UnityEngine.StackTraceUtility:ExtractStackTrace ()
UnityEngine.DebugLogHandler:LogFormat (UnityEngine.LogType,UnityEngine.Object,string,object[])
UnityEngine.Logger:Log (UnityEngine.LogType,object)
UnityEngine.Debug:LogError (object)
UnityEditor.EditorAssemblies:ProcessInitializeOnLoadMethodAttributes ()

Mono: successfully reloaded assembly
[Package Manager] Server::EnsureServerProcessIsRunning -- launch failed, reason: Unity was launched with the -noUpm command-line argument
[Package Manager] UpmClient::Send -- Unable to send message (not connected to UPM process).
[Package Manager] Cannot connect to Unity Package Manager local server
[Package Manager] Server::EnsureServerProcessIsRunning -- launch failed, reason: Unity was launched with the -noUpm command-line argument
[Package Manager] UpmClient::Send -- Unable to send message (not connected to UPM process).
[Package Manager] Cannot connect to Unity Package Manager local server
- Finished resetting the current domain, in  7.247 seconds
Domain Reload Profiling: 9592ms
	BeginReloadAssembly (356ms)
		ExecutionOrderSort (0ms)
		DisableScriptedObjects (9ms)
		BackupInstance (0ms)
		ReleaseScriptingObjects (0ms)
		CreateAndSetChildDomain (34ms)
	RebuildCommonClasses (66ms)
	RebuildNativeTypeToScriptingClass (16ms)
	initialDomainReloadingComplete (127ms)
	LoadAllAssembliesAndSetupDomain (1780ms)
		LoadAssemblies (1300ms)
		RebuildTransferFunctionScriptingTraits (0ms)
		AnalyzeDomain (718ms)
			TypeCache.Refresh (633ms)
				TypeCache.ScanAssembly (586ms)
			ScanForSourceGeneratedMonoScriptInfo (50ms)
			ResolveRequiredComponents (30ms)
	FinalizeReload (7248ms)
		ReleaseScriptCaches (0ms)
		RebuildScriptCaches (0ms)
		SetupLoadedEditorAssemblies (3603ms)
			LogAssemblyErrors (0ms)
			InitializePlatformSupportModulesInManaged (36ms)
			SetLoadedEditorAssemblies (11ms)
			RefreshPlugins (0ms)
			BeforeProcessingInitializeOnLoad (212ms)
			ProcessInitializeOnLoadAttributes (1667ms)
			ProcessInitializeOnLoadMethodAttributes (1586ms)
			AfterProcessingInitializeOnLoad (90ms)
			EditorAssembliesLoaded (1ms)
		ExecutionOrderSort2 (0ms)
		AwakeInstancesAfterBackupRestoration (70ms)
Shader 'Leviant's Shaders/ScreenSpace Ubershader v2.8': fallback shader 'Particles/Multiply' not found
Launched and connected shader compiler UnityShaderCompiler.exe after 0.34 seconds
Refreshing native plugins compatible for Editor in 166.20 ms, found 28 plugins.
Preloading 2 native plugins for Editor in 0.16 ms.
Unloading 4490 Unused Serialized files (Serialized files now loaded: 0)
Unloading 247 unused Assets / (7.2 MB). Loaded Objects now: 4947.
Memory consumption went from 297.1 MB to 289.8 MB.
Total: 191.124700 ms (FindLiveObjects: 0.635700 ms CreateObjectMapping: 0.281300 ms MarkObjects: 184.252900 ms  DeleteObjects: 5.949700 ms)

AssetImportParameters requested are different than current active one (requested -> active):
  custom:container-demuxer-ogg: 62fdf1f143b41e24485cea50d1cbac27 -> 
  custom:video-decoder-ogg-theora: a1e56fd34408186e4bbccfd4996cb3dc -> 
  custom:framework-win-MediaFoundation: 216162199b28c13a410421893ffa2e32 -> 
  custom:CustomObjectIndexerAttribute: 9a22284fe3817be447336de3de66b15e -> 
  custom:container-demuxer-webm: 4f35f7cbe854078d1ac9338744f61a02 -> 
  custom:container-muxer-webm: aa71ff27fc2769a1b78a27578f13a17b -> 
  custom:video-decoder-webm-vp8: 9c59270c3fd7afecdb556c50c9e8de78 -> 
  custom:SearchIndexIgnoredProperties: e643bd26f0fe6173181afceb89e7c659 -> 
  custom:AudioImporter_EditorPlatform: d09bf68614088b80899f8185d706f6e7 -> 
  custom:video-encoder-webm-vp8: eb34c28f22e8b96e1ab97ce403110664 -> 
  custom:audio-decoder-ogg-vorbis: bf7c407c2cedff20999df2af8eb42d56 -> 
  custom:audio-encoder-webm-vorbis: bf7c407c2cedff20999df2af8eb42d56 -> 
========================================================================
Received Import Request.
  Time since last request: 85816.877240 seconds.
  path: Assets/Assets/LeBlanc/f003_002_beans01.png
  artifactKey: Guid(425c80728a260cf42b0adf3e07144be3) Importer(815301076,1909f56bfc062723c751e8b465ee728b)
Start importing Assets/Assets/LeBlanc/f003_002_beans01.png using Guid(425c80728a260cf42b0adf3e07144be3) Importer(815301076,1909f56bfc062723c751e8b465ee728b)  -> (artifact id: '967c8e7694541284ea6000803aad24c7') in 0.178289 seconds
Number of updated asset objects reloaded before import = 0
Number of asset objects unloaded after import = 2
========================================================================
Received Import Request.
  Time since last request: 0.000045 seconds.
  path: Assets/Assets/LeBlanc/f003_002_leaf01.png
  artifactKey: Guid(ca8e2851b980faa48a8488a5babbadad) Importer(815301076,1909f56bfc062723c751e8b465ee728b)
Start importing Assets/Assets/LeBlanc/f003_002_leaf01.png using Guid(ca8e2851b980faa48a8488a5babbadad) Importer(815301076,1909f56bfc062723c751e8b465ee728b)  -> (artifact id: 'a927e0069acba9444afcedda3c4ed67c') in 0.017747 seconds
Number of updated asset objects reloaded before import = 0
Number of asset objects unloaded after import = 2
========================================================================
Received Import Request.
  Time since last request: 0.000043 seconds.
  path: Assets/Assets/LeBlanc/f003_002_book05.png
  artifactKey: Guid(efc00577b5b854045b53a8afba1cd2cc) Importer(815301076,1909f56bfc062723c751e8b465ee728b)
Start importing Assets/Assets/LeBlanc/f003_002_book05.png using Guid(efc00577b5b854045b53a8afba1cd2cc) Importer(815301076,1909f56bfc062723c751e8b465ee728b)  -> (artifact id: '59855fb5022038b2926e55d521fc44ca') in 0.027204 seconds
Number of updated asset objects reloaded before import = 0
Number of asset objects unloaded after import = 2
========================================================================
Received Import Request.
  Time since last request: 0.000122 seconds.
  path: Assets/Assets/LeBlanc/f003_002_metalrack01.png
  artifactKey: Guid(709edfbfad05cf242b310c57557112d1) Importer(815301076,1909f56bfc062723c751e8b465ee728b)
Start importing Assets/Assets/LeBlanc/f003_002_metalrack01.png using Guid(709edfbfad05cf242b310c57557112d1) Importer(815301076,1909f56bfc062723c751e8b465ee728b)  -> (artifact id: '1ebbbf455029355a1618adc500a47818') in 0.016605 seconds
Number of updated asset objects reloaded before import = 0
Number of asset objects unloaded after import = 2
========================================================================
Received Import Request.
  Time since last request: 0.000028 seconds.
  path: Assets/Assets/LeBlanc/f003_002_door03.png
  artifactKey: Guid(380cf422e55f6ac44b9b9e2af38897e2) Importer(815301076,1909f56bfc062723c751e8b465ee728b)
Start importing Assets/Assets/LeBlanc/f003_002_door03.png using Guid(380cf422e55f6ac44b9b9e2af38897e2) Importer(815301076,1909f56bfc062723c751e8b465ee728b)  -> (artifact id: '40bb556a8c5b33d4531653b1739f928d') in 0.019926 seconds
Number of updated asset objects reloaded before import = 0
Number of asset objects unloaded after import = 2
========================================================================
Received Import Request.
  Time since last request: 0.000763 seconds.
  path: Assets/Assets/LeBlanc/f003_002_pole01.png
  artifactKey: Guid(ca6b075411ce92443bb7e65b6167bb16) Importer(815301076,1909f56bfc062723c751e8b465ee728b)
Start importing Assets/Assets/LeBlanc/f003_002_pole01.png using Guid(ca6b075411ce92443bb7e65b6167bb16) Importer(815301076,1909f56bfc062723c751e8b465ee728b)  -> (artifact id: 'accbc964f3d08c20fe9c8ab8776142bd') in 0.018671 seconds
Number of updated asset objects reloaded before import = 0
Number of asset objects unloaded after import = 2
========================================================================
Received Import Request.
  Time since last request: 0.000024 seconds.
  path: Assets/Assets/LeBlanc/f003_002_floor01.png
  artifactKey: Guid(136374e2bc757f940807099c949a26e7) Importer(815301076,1909f56bfc062723c751e8b465ee728b)
Start importing Assets/Assets/LeBlanc/f003_002_floor01.png using Guid(136374e2bc757f940807099c949a26e7) Importer(815301076,1909f56bfc062723c751e8b465ee728b)  -> (artifact id: 'd103c2e1fff622cbc97f588e79f6f27b') in 0.020036 seconds
Number of updated asset objects reloaded before import = 0
Number of asset objects unloaded after import = 2
========================================================================
Received Import Request.
  Time since last request: 0.000032 seconds.
  path: Assets/Assets/LeBlanc/f003_002_book01.png
  artifactKey: Guid(7698b2f7eb87a0b4d8cfb176cef0f8db) Importer(815301076,1909f56bfc062723c751e8b465ee728b)
Start importing Assets/Assets/LeBlanc/f003_002_book01.png using Guid(7698b2f7eb87a0b4d8cfb176cef0f8db) Importer(815301076,1909f56bfc062723c751e8b465ee728b)  -> (artifact id: 'b52a77408f2bd7c57b8921848be47e50') in 0.020453 seconds
Number of updated asset objects reloaded before import = 0
Number of asset objects unloaded after import = 2
========================================================================
Received Import Request.
  Time since last request: 0.000032 seconds.
  path: Assets/Assets/LeBlanc/f003_002_komono01.png
  artifactKey: Guid(7e79599a859c38043bc05ccaa3a0d349) Importer(815301076,1909f56bfc062723c751e8b465ee728b)
Start importing Assets/Assets/LeBlanc/f003_002_komono01.png using Guid(7e79599a859c38043bc05ccaa3a0d349) Importer(815301076,1909f56bfc062723c751e8b465ee728b)  -> (artifact id: '77cd29250b3f2a4835a150a9ca31a7b1') in 0.023005 seconds
Number of updated asset objects reloaded before import = 0
Number of asset objects unloaded after import = 2
========================================================================
Received Import Request.
  Time since last request: 0.000029 seconds.
  path: Assets/Assets/LeBlanc/f003_002_box01.png
  artifactKey: Guid(e3001191aa253e84a804bfb01314e86b) Importer(815301076,1909f56bfc062723c751e8b465ee728b)
Start importing Assets/Assets/LeBlanc/f003_002_box01.png using Guid(e3001191aa253e84a804bfb01314e86b) Importer(815301076,1909f56bfc062723c751e8b465ee728b)  -> (artifact id: 'e7fe3c72ca7437634f2886e426e4fede') in 0.020548 seconds
Number of updated asset objects reloaded before import = 0
Number of asset objects unloaded after import = 2
========================================================================
Received Import Request.
  Time since last request: 0.000043 seconds.
  path: Assets/Assets/LeBlanc/f003_002_entermat02.png
  artifactKey: Guid(97156aad109aef4488bbeffec9f0d36c) Importer(815301076,1909f56bfc062723c751e8b465ee728b)
Start importing Assets/Assets/LeBlanc/f003_002_entermat02.png using Guid(97156aad109aef4488bbeffec9f0d36c) Importer(815301076,1909f56bfc062723c751e8b465ee728b)  -> (artifact id: 'd8e8c188e9c6ea1b3cf3037751926f49') in 0.018032 seconds
Number of updated asset objects reloaded before import = 0
Number of asset objects unloaded after import = 2
========================================================================
Received Import Request.
  Time since last request: 0.000046 seconds.
  path: Assets/Assets/LeBlanc/f003_002_komono04.png
  artifactKey: Guid(d809a8e0a7e70194a94468cc3bd742d0) Importer(815301076,1909f56bfc062723c751e8b465ee728b)
Start importing Assets/Assets/LeBlanc/f003_002_komono04.png using Guid(d809a8e0a7e70194a94468cc3bd742d0) Importer(815301076,1909f56bfc062723c751e8b465ee728b)  -> (artifact id: '29be4acd0a72dd61da44b8b778dd2f2f') in 0.017992 seconds
Number of updated asset objects reloaded before import = 0
Number of asset objects unloaded after import = 2
========================================================================
Received Import Request.
  Time since last request: 3.438837 seconds.
  path: Assets/Assets/LeBlancP5R/Materials/5_part1-4 0 Leblanc LAMPS.material03_1_0_0.mat
  artifactKey: Guid(8d392a8233ec0304ca59b6bd6d9c5841) Importer(815301076,1909f56bfc062723c751e8b465ee728b)
Start importing Assets/Assets/LeBlancP5R/Materials/5_part1-4 0 Leblanc LAMPS.material03_1_0_0.mat using Guid(8d392a8233ec0304ca59b6bd6d9c5841) Importer(815301076,1909f56bfc062723c751e8b465ee728b)  -> (artifact id: 'd55f7f33c67d62e5ca1baea469632ac0') in 0.209674 seconds
Number of updated asset objects reloaded before import = 0
Number of asset objects unloaded after import = 1
========================================================================
Received Import Request.
  Time since last request: 0.005216 seconds.
  path: Assets/Assets/LeBlancP5R/Materials/5_part2-2 0 0 Leblanc MAIN.material44_1_0_0.mat
  artifactKey: Guid(7108802cce3af1c41a73d75fc31d5969) Importer(815301076,1909f56bfc062723c751e8b465ee728b)
Start importing Assets/Assets/LeBlancP5R/Materials/5_part2-2 0 0 Leblanc MAIN.material44_1_0_0.mat using Guid(7108802cce3af1c41a73d75fc31d5969) Importer(815301076,1909f56bfc062723c751e8b465ee728b)  -> (artifact id: '9addb54425d128357ac037d7355a25dd') in 0.018160 seconds
Number of updated asset objects reloaded before import = 0
Number of asset objects unloaded after import = 1
========================================================================
Received Import Request.
  Time since last request: 0.000107 seconds.
  path: Assets/Assets/LeBlancP5R/Materials/5_part2-2 0 0 Leblanc MAIN.material26_1_0_0.mat
  artifactKey: Guid(477795ecab624e640923447dbfe03400) Importer(815301076,1909f56bfc062723c751e8b465ee728b)
Start importing Assets/Assets/LeBlancP5R/Materials/5_part2-2 0 0 Leblanc MAIN.material26_1_0_0.mat using Guid(477795ecab624e640923447dbfe03400) Importer(815301076,1909f56bfc062723c751e8b465ee728b)  -> (artifact id: 'e257d336eff83b0eee4adf8d4c111880') in 0.016715 seconds
Number of updated asset objects reloaded before import = 0
Number of asset objects unloaded after import = 1
========================================================================
Received Import Request.
  Time since last request: 0.000028 seconds.
  path: Assets/Assets/LeBlancP5R/Materials/5_part2-2 0 0 Leblanc MAIN.material13_1_0_0.mat
  artifactKey: Guid(a5250b3b9b3e7c84faeb8ecc1edba36f) Importer(815301076,1909f56bfc062723c751e8b465ee728b)
Start importing Assets/Assets/LeBlancP5R/Materials/5_part2-2 0 0 Leblanc MAIN.material13_1_0_0.mat using Guid(a5250b3b9b3e7c84faeb8ecc1edba36f) Importer(815301076,1909f56bfc062723c751e8b465ee728b)  -> (artifact id: 'd098cdbc63900a49859ff41da9aed987') in 0.014470 seconds
Number of updated asset objects reloaded before import = 0
Number of asset objects unloaded after import = 1
========================================================================
Received Import Request.
  Time since last request: 0.000030 seconds.
  path: Assets/Assets/LeBlancP5R/Materials/5_part2-2 0 0 Leblanc MAIN.material48_1_0_0.mat
  artifactKey: Guid(578768fb1926e92499cef694acc2dbd5) Importer(815301076,1909f56bfc062723c751e8b465ee728b)
Start importing Assets/Assets/LeBlancP5R/Materials/5_part2-2 0 0 Leblanc MAIN.material48_1_0_0.mat using Guid(578768fb1926e92499cef694acc2dbd5) Importer(815301076,1909f56bfc062723c751e8b465ee728b)  -> (artifact id: '45e1ce2e635a8e6080575ab9a0f14968') in 0.021380 seconds
Number of updated asset objects reloaded before import = 0
Number of asset objects unloaded after import = 1
========================================================================
Received Import Request.
  Time since last request: 0.000051 seconds.
  path: Assets/Assets/LeBlancP5R/Materials/5_part2-2 0 0 Leblanc MAIN.material38_1_0_0.mat
  artifactKey: Guid(510563397d208cf41b66c27ec5c2b522) Importer(815301076,1909f56bfc062723c751e8b465ee728b)
Start importing Assets/Assets/LeBlancP5R/Materials/5_part2-2 0 0 Leblanc MAIN.material38_1_0_0.mat using Guid(510563397d208cf41b66c27ec5c2b522) Importer(815301076,1909f56bfc062723c751e8b465ee728b)  -> (artifact id: '9add64e797eec4a64d99b5f195f957d7') in 0.013649 seconds
Number of updated asset objects reloaded before import = 0
Number of asset objects unloaded after import = 1
========================================================================
Received Import Request.
  Time since last request: 0.000691 seconds.
  path: Assets/Assets/LeBlancP5R/Materials/5_part2-2 0 0 Leblanc MAIN.material42_1_0_0.mat
  artifactKey: Guid(143271bdf23c3404db6bcf978d87d8da) Importer(815301076,1909f56bfc062723c751e8b465ee728b)
Start importing Assets/Assets/LeBlancP5R/Materials/5_part2-2 0 0 Leblanc MAIN.material42_1_0_0.mat using Guid(143271bdf23c3404db6bcf978d87d8da) Importer(815301076,1909f56bfc062723c751e8b465ee728b)  -> (artifact id: '48cf26d2b42496389af96560485d19ca') in 0.017270 seconds
Number of updated asset objects reloaded before import = 0
Number of asset objects unloaded after import = 1
========================================================================
Received Import Request.
  Time since last request: 0.000026 seconds.
  path: Assets/Assets/LeBlancP5R/Materials/5_part2-2 0 0 Leblanc MAIN.material47_1_0_0.mat
  artifactKey: Guid(556462f669bb6b94f9367ba6fe0a7bb0) Importer(815301076,1909f56bfc062723c751e8b465ee728b)
Start importing Assets/Assets/LeBlancP5R/Materials/5_part2-2 0 0 Leblanc MAIN.material47_1_0_0.mat using Guid(556462f669bb6b94f9367ba6fe0a7bb0) Importer(815301076,1909f56bfc062723c751e8b465ee728b)  -> (artifact id: 'abfddb4023231998ca5a23830c738a73') in 0.018478 seconds
Number of updated asset objects reloaded before import = 0
Number of asset objects unloaded after import = 1
========================================================================
Received Import Request.
  Time since last request: 0.000532 seconds.
  path: Assets/Assets/LeBlancP5R/Materials/5_part2-2 0 0 Leblanc MAIN.material33_1_0_0.mat
  artifactKey: Guid(ce979c33f25e2344cb821e8e17a3c6a5) Importer(815301076,1909f56bfc062723c751e8b465ee728b)
Start importing Assets/Assets/LeBlancP5R/Materials/5_part2-2 0 0 Leblanc MAIN.material33_1_0_0.mat using Guid(ce979c33f25e2344cb821e8e17a3c6a5) Importer(815301076,1909f56bfc062723c751e8b465ee728b)  -> (artifact id: 'fa53143f979d3ec26d525a14087afe4d') in 0.019772 seconds
Number of updated asset objects reloaded before import = 0
Number of asset objects unloaded after import = 1
========================================================================
Received Import Request.
  Time since last request: 0.000075 seconds.
  path: Assets/Assets/LeBlancP5R/Materials/5_part2-2 0 0 Leblanc MAIN.material40_1_0_0.mat
  artifactKey: Guid(92c58113a56680d4ead77e755dfc67b5) Importer(815301076,1909f56bfc062723c751e8b465ee728b)
Start importing Assets/Assets/LeBlancP5R/Materials/5_part2-2 0 0 Leblanc MAIN.material40_1_0_0.mat using Guid(92c58113a56680d4ead77e755dfc67b5) Importer(815301076,1909f56bfc062723c751e8b465ee728b)  -> (artifact id: 'd0854ec5cec556847266ad5152690afe') in 0.021858 seconds
Number of updated asset objects reloaded before import = 0
Number of asset objects unloaded after import = 1
========================================================================
Received Import Request.
  Time since last request: 0.000029 seconds.
  path: Assets/Assets/LeBlancP5R/Materials/5_part2-2 0 0 Leblanc MAIN.material11_1_0_0.mat
  artifactKey: Guid(697ba6953ce41e14789ed915dcf47c81) Importer(815301076,1909f56bfc062723c751e8b465ee728b)
Start importing Assets/Assets/LeBlancP5R/Materials/5_part2-2 0 0 Leblanc MAIN.material11_1_0_0.mat using Guid(697ba6953ce41e14789ed915dcf47c81) Importer(815301076,1909f56bfc062723c751e8b465ee728b)  -> (artifact id: '856a4b947544127fdf0c2ae4dcc37f47') in 0.023814 seconds
Number of updated asset objects reloaded before import = 0
Number of asset objects unloaded after import = 1
========================================================================
Received Import Request.
  Time since last request: 0.562142 seconds.
  path: Assets/Assets/LeBlancP5R/Materials/5_part2-2 0 0 Leblanc MAIN.material54_1_0_0.mat
  artifactKey: Guid(fa374695d0a95574596bffc4f1d59c95) Importer(815301076,1909f56bfc062723c751e8b465ee728b)
Start importing Assets/Assets/LeBlancP5R/Materials/5_part2-2 0 0 Leblanc MAIN.material54_1_0_0.mat using Guid(fa374695d0a95574596bffc4f1d59c95) Importer(815301076,1909f56bfc062723c751e8b465ee728b)  -> (artifact id: '37193e03647dabf8623ac546a4c2ef05') in 0.031756 seconds
Number of updated asset objects reloaded before import = 0
Number of asset objects unloaded after import = 1
========================================================================
Received Import Request.
  Time since last request: 0.000024 seconds.
  path: Assets/Assets/LeBlancP5R/Materials/5_part2-2 0 0 Leblanc MAIN.material59_1_0_0.mat
  artifactKey: Guid(7aa8da48d5341ae4e8386e870a538d96) Importer(815301076,1909f56bfc062723c751e8b465ee728b)
Start importing Assets/Assets/LeBlancP5R/Materials/5_part2-2 0 0 Leblanc MAIN.material59_1_0_0.mat using Guid(7aa8da48d5341ae4e8386e870a538d96) Importer(815301076,1909f56bfc062723c751e8b465ee728b)  -> (artifact id: 'c15d301316f1f466662865781a41f0cc') in 0.021597 seconds
Number of updated asset objects reloaded before import = 0
Number of asset objects unloaded after import = 1
========================================================================
Received Import Request.
  Time since last request: 0.000038 seconds.
  path: Assets/Assets/LeBlancP5R/Materials/5_part2-2 0 0 Leblanc MAIN.material72_1_0_0.mat
  artifactKey: Guid(069be4ab07a7689478316441f0715567) Importer(815301076,1909f56bfc062723c751e8b465ee728b)
Start importing Assets/Assets/LeBlancP5R/Materials/5_part2-2 0 0 Leblanc MAIN.material72_1_0_0.mat using Guid(069be4ab07a7689478316441f0715567) Importer(815301076,1909f56bfc062723c751e8b465ee728b)  -> (artifact id: '94e9451e461cf2f486cce53e20b6b0a6') in 0.018082 seconds
Number of updated asset objects reloaded before import = 0
Number of asset objects unloaded after import = 1
========================================================================
Received Import Request.
  Time since last request: 0.000026 seconds.
  path: Assets/Assets/LeBlancP5R/Materials/5_part2-2 0 0 Leblanc MAIN.material90_1_0_0.mat
  artifactKey: Guid(9fb39631a2b36c84da28a5e97ee9d407) Importer(815301076,1909f56bfc062723c751e8b465ee728b)
Start importing Assets/Assets/LeBlancP5R/Materials/5_part2-2 0 0 Leblanc MAIN.material90_1_0_0.mat using Guid(9fb39631a2b36c84da28a5e97ee9d407) Importer(815301076,1909f56bfc062723c751e8b465ee728b)  -> (artifact id: 'ce11381eefd03928a14f465644e788a7') in 0.016190 seconds
Number of updated asset objects reloaded before import = 0
Number of asset objects unloaded after import = 1
========================================================================
Received Import Request.
  Time since last request: 0.000027 seconds.
  path: Assets/Assets/LeBlancP5R/Materials/5_part2-2 0 0 Leblanc MAIN.material67_1_0_0.mat
  artifactKey: Guid(e359cf7e70d7dbb4985758ba771ba4d0) Importer(815301076,1909f56bfc062723c751e8b465ee728b)
Start importing Assets/Assets/LeBlancP5R/Materials/5_part2-2 0 0 Leblanc MAIN.material67_1_0_0.mat using Guid(e359cf7e70d7dbb4985758ba771ba4d0) Importer(815301076,1909f56bfc062723c751e8b465ee728b)  -> (artifact id: '9e6a16dc172c40667aadce29c82b807e') in 0.015224 seconds
Number of updated asset objects reloaded before import = 0
Number of asset objects unloaded after import = 1
========================================================================
Received Import Request.
  Time since last request: 0.000042 seconds.
  path: Assets/Assets/LeBlancP5R/Materials/5_part2-2 0 0 Leblanc MAIN.material81_1_0_0.mat
  artifactKey: Guid(356d77e9836438c4f91953b3cd92cbe4) Importer(815301076,1909f56bfc062723c751e8b465ee728b)
Start importing Assets/Assets/LeBlancP5R/Materials/5_part2-2 0 0 Leblanc MAIN.material81_1_0_0.mat using Guid(356d77e9836438c4f91953b3cd92cbe4) Importer(815301076,1909f56bfc062723c751e8b465ee728b)  -> (artifact id: '07b9f9c6856be059de93ea6f60722c9f') in 0.017353 seconds
Number of updated asset objects reloaded before import = 0
Number of asset objects unloaded after import = 1
========================================================================
Received Import Request.
  Time since last request: 0.000156 seconds.
  path: Assets/Assets/LeBlancP5R/Materials/5_part2-2 0 0 Leblanc MAIN.material63_1_0_0.mat
  artifactKey: Guid(6b0d27ba8d053954d885365dfb44207b) Importer(815301076,1909f56bfc062723c751e8b465ee728b)
Start importing Assets/Assets/LeBlancP5R/Materials/5_part2-2 0 0 Leblanc MAIN.material63_1_0_0.mat using Guid(6b0d27ba8d053954d885365dfb44207b) Importer(815301076,1909f56bfc062723c751e8b465ee728b)  -> (artifact id: '8bc5c66f096bd0dde37711e7542c53ab') in 0.016374 seconds
Number of updated asset objects reloaded before import = 0
Number of asset objects unloaded after import = 1
========================================================================
Received Import Request.
  Time since last request: 0.000027 seconds.
  path: Assets/Assets/LeBlancP5R/Materials/5_part2-2 0 0 Leblanc MAIN.material86_1_0_0.mat
  artifactKey: Guid(6b63dd3efbb652246a68c07e6ad8a43c) Importer(815301076,1909f56bfc062723c751e8b465ee728b)
Start importing Assets/Assets/LeBlancP5R/Materials/5_part2-2 0 0 Leblanc MAIN.material86_1_0_0.mat using Guid(6b63dd3efbb652246a68c07e6ad8a43c) Importer(815301076,1909f56bfc062723c751e8b465ee728b)  -> (artifact id: 'c59b49e8889ab90d2abba9af654ee437') in 0.019402 seconds
Number of updated asset objects reloaded before import = 0
Number of asset objects unloaded after import = 1
========================================================================
Received Import Request.
  Time since last request: 0.000030 seconds.
  path: Assets/Assets/LeBlancP5R/Materials/5_part2-2 0 0 Leblanc MAIN.material88_1_0_0.mat
  artifactKey: Guid(71351cc362c0b5643848e934dee54966) Importer(815301076,1909f56bfc062723c751e8b465ee728b)
Start importing Assets/Assets/LeBlancP5R/Materials/5_part2-2 0 0 Leblanc MAIN.material88_1_0_0.mat using Guid(71351cc362c0b5643848e934dee54966) Importer(815301076,1909f56bfc062723c751e8b465ee728b)  -> (artifact id: 'ce65a6a90ab87986e7f967a706582bec') in 0.021570 seconds
Number of updated asset objects reloaded before import = 0
Number of asset objects unloaded after import = 1
========================================================================
Received Import Request.
  Time since last request: 0.000338 seconds.
  path: Assets/Assets/LeBlancP5R/Materials/5_part2-2 0 0 Leblanc MAIN.material85_1_0_0.mat
  artifactKey: Guid(2caeca921cf1dd2469705dfd7fb9d9d2) Importer(815301076,1909f56bfc062723c751e8b465ee728b)
Start importing Assets/Assets/LeBlancP5R/Materials/5_part2-2 0 0 Leblanc MAIN.material85_1_0_0.mat using Guid(2caeca921cf1dd2469705dfd7fb9d9d2) Importer(815301076,1909f56bfc062723c751e8b465ee728b)  -> (artifact id: '76f13bd34f128c49366b877dc77812cd') in 0.013786 seconds
Number of updated asset objects reloaded before import = 0
Number of asset objects unloaded after import = 1
========================================================================
Received Import Request.
  Time since last request: 0.129900 seconds.
  path: Assets/Assets/LeBlancP5R/Materials/5_part2-2 0 0 Leblanc MAIN.material95_1_0_0.mat
  artifactKey: Guid(eb60fb5d263e1b843acc74041e0462eb) Importer(815301076,1909f56bfc062723c751e8b465ee728b)
Start importing Assets/Assets/LeBlancP5R/Materials/5_part2-2 0 0 Leblanc MAIN.material95_1_0_0.mat using Guid(eb60fb5d263e1b843acc74041e0462eb) Importer(815301076,1909f56bfc062723c751e8b465ee728b)  -> (artifact id: '46fd1458d74993d0610c99ffeb8dfad6') in 0.015942 seconds
Number of updated asset objects reloaded before import = 0
Number of asset objects unloaded after import = 1
========================================================================
Received Import Request.
  Time since last request: 0.000024 seconds.
  path: Assets/Assets/LeBlancP5R/Materials/5_part2-2 0 0 Leblanc MAIN.material100_1_0_0.mat
  artifactKey: Guid(4329923f5b1cef9428837805e65bab82) Importer(815301076,1909f56bfc062723c751e8b465ee728b)
Start importing Assets/Assets/LeBlancP5R/Materials/5_part2-2 0 0 Leblanc MAIN.material100_1_0_0.mat using Guid(4329923f5b1cef9428837805e65bab82) Importer(815301076,1909f56bfc062723c751e8b465ee728b)  -> (artifact id: '223b8e21ff90b8af2dbd421179575f8e') in 0.015654 seconds
Number of updated asset objects reloaded before import = 0
Number of asset objects unloaded after import = 1
========================================================================
Received Import Request.
  Time since last request: 0.000056 seconds.
  path: Assets/Assets/LeBlancP5R/Materials/5_part2-2 0 0 Leblanc MAIN.material104_1_0_0.mat
  artifactKey: Guid(bcb3e0d261923f84c827db21fc99a0d0) Importer(815301076,1909f56bfc062723c751e8b465ee728b)
Start importing Assets/Assets/LeBlancP5R/Materials/5_part2-2 0 0 Leblanc MAIN.material104_1_0_0.mat using Guid(bcb3e0d261923f84c827db21fc99a0d0) Importer(815301076,1909f56bfc062723c751e8b465ee728b)  -> (artifact id: 'f7e9c6e8e7348d146c9d7d069b05f2fd') in 0.018329 seconds
Number of updated asset objects reloaded before import = 0
Number of asset objects unloaded after import = 1
========================================================================
Received Import Request.
  Time since last request: 0.000138 seconds.
  path: Assets/Assets/LeBlancP5R/Materials/5_part2-2 0 0 Leblanc MAIN.material102_1_0_0.mat
  artifactKey: Guid(a45afe320c7478d43bf426fc9abc551d) Importer(815301076,1909f56bfc062723c751e8b465ee728b)
Start importing Assets/Assets/LeBlancP5R/Materials/5_part2-2 0 0 Leblanc MAIN.material102_1_0_0.mat using Guid(a45afe320c7478d43bf426fc9abc551d) Importer(815301076,1909f56bfc062723c751e8b465ee728b)  -> (artifact id: 'c3f846b54d93322572395b6b74f3d429') in 0.021371 seconds
Number of updated asset objects reloaded before import = 0
Number of asset objects unloaded after import = 1
========================================================================
Received Import Request.
  Time since last request: 0.000027 seconds.
  path: Assets/Assets/LeBlancP5R/Materials/5_part2-2 0 0 Leblanc MAIN.material113_1_0_0.mat
  artifactKey: Guid(4a623906a5756ac4da2a076e66781fc9) Importer(815301076,1909f56bfc062723c751e8b465ee728b)
Start importing Assets/Assets/LeBlancP5R/Materials/5_part2-2 0 0 Leblanc MAIN.material113_1_0_0.mat using Guid(4a623906a5756ac4da2a076e66781fc9) Importer(815301076,1909f56bfc062723c751e8b465ee728b)  -> (artifact id: '77ba457e761c74b06de5bb2deddb7971') in 0.014221 seconds
Number of updated asset objects reloaded before import = 0
Number of asset objects unloaded after import = 1
========================================================================
Received Import Request.
  Time since last request: 0.000063 seconds.
  path: Assets/Assets/LeBlancP5R/Materials/5_part2-2 0 0 Leblanc MAIN.material110_1_0_0.mat
  artifactKey: Guid(dd0d999b18b9b8546af91bc1bed35044) Importer(815301076,1909f56bfc062723c751e8b465ee728b)
Start importing Assets/Assets/LeBlancP5R/Materials/5_part2-2 0 0 Leblanc MAIN.material110_1_0_0.mat using Guid(dd0d999b18b9b8546af91bc1bed35044) Importer(815301076,1909f56bfc062723c751e8b465ee728b)  -> (artifact id: 'a87b9c28a78b3e97821ba4178fd2ea96') in 0.013759 seconds
Number of updated asset objects reloaded before import = 0
Number of asset objects unloaded after import = 1
========================================================================
Received Import Request.
  Time since last request: 0.000039 seconds.
  path: Assets/Assets/LeBlancP5R/Materials/5_part2-2 0 0 Leblanc MAIN.material135_1_0_0.mat
  artifactKey: Guid(8697bb1ff688c164196bdc0ce6c582d9) Importer(815301076,1909f56bfc062723c751e8b465ee728b)
Start importing Assets/Assets/LeBlancP5R/Materials/5_part2-2 0 0 Leblanc MAIN.material135_1_0_0.mat using Guid(8697bb1ff688c164196bdc0ce6c582d9) Importer(815301076,1909f56bfc062723c751e8b465ee728b)  -> (artifact id: '2d7596d9c8e52aa88e401ccb5e90fdf9') in 0.024859 seconds
Number of updated asset objects reloaded before import = 0
Number of asset objects unloaded after import = 1
========================================================================
Received Import Request.
  Time since last request: 0.001214 seconds.
  path: Assets/Assets/LeBlancP5R/Materials/5_part2-2 0 0 Leblanc MAIN.material130_1_0_0.mat
  artifactKey: Guid(31d511f3169ac124e97050edaa7bc061) Importer(815301076,1909f56bfc062723c751e8b465ee728b)
Start importing Assets/Assets/LeBlancP5R/Materials/5_part2-2 0 0 Leblanc MAIN.material130_1_0_0.mat using Guid(31d511f3169ac124e97050edaa7bc061) Importer(815301076,1909f56bfc062723c751e8b465ee728b)  -> (artifact id: '9ab6123a65053629bc6e410c2f1b7003') in 0.020294 seconds
Number of updated asset objects reloaded before import = 0
Number of asset objects unloaded after import = 1
========================================================================
Received Import Request.
  Time since last request: 0.000024 seconds.
  path: Assets/Assets/LeBlancP5R/Materials/5_part2-2 0 0 Leblanc MAIN.material117_1_0_0.mat
  artifactKey: Guid(2a8e75bfbb36a0e46b8d3fb8d55c211e) Importer(815301076,1909f56bfc062723c751e8b465ee728b)
Start importing Assets/Assets/LeBlancP5R/Materials/5_part2-2 0 0 Leblanc MAIN.material117_1_0_0.mat using Guid(2a8e75bfbb36a0e46b8d3fb8d55c211e) Importer(815301076,1909f56bfc062723c751e8b465ee728b)  -> (artifact id: 'cba967573aaf96deb6586bb4093ab9a6') in 0.013329 seconds
Number of updated asset objects reloaded before import = 0
Number of asset objects unloaded after import = 1
========================================================================
Received Import Request.
  Time since last request: 0.000042 seconds.
  path: Assets/Assets/LeBlancP5R/Materials/5_part2-2 0 0 Leblanc MAIN.material129_1_0_0.mat
  artifactKey: Guid(3eef64a31e3aa2541a6a8cedc7e0e974) Importer(815301076,1909f56bfc062723c751e8b465ee728b)
Start importing Assets/Assets/LeBlancP5R/Materials/5_part2-2 0 0 Leblanc MAIN.material129_1_0_0.mat using Guid(3eef64a31e3aa2541a6a8cedc7e0e974) Importer(815301076,1909f56bfc062723c751e8b465ee728b)  -> (artifact id: 'b36cb05059c88697c571bc6bb16f5c9a') in 0.020582 seconds
Number of updated asset objects reloaded before import = 0
Number of asset objects unloaded after import = 1
========================================================================
Received Import Request.
  Time since last request: 0.175061 seconds.
  path: Assets/Assets/LeBlancP5R/Materials/5_part2-2 0 0 Leblanc MAIN.material140_1_0_0.mat
  artifactKey: Guid(337002f630ae6ed439a274d22669b774) Importer(815301076,1909f56bfc062723c751e8b465ee728b)
Start importing Assets/Assets/LeBlancP5R/Materials/5_part2-2 0 0 Leblanc MAIN.material140_1_0_0.mat using Guid(337002f630ae6ed439a274d22669b774) Importer(815301076,1909f56bfc062723c751e8b465ee728b)  -> (artifact id: 'fd452868cf908d251980809c65d30e7b') in 0.014192 seconds
Number of updated asset objects reloaded before import = 0
Number of asset objects unloaded after import = 1
========================================================================
Received Import Request.
  Time since last request: 0.000038 seconds.
  path: Assets/Assets/LeBlancP5R/Materials/5_part2-2 0 0 Leblanc MAIN.material146_1_0_0.mat
  artifactKey: Guid(1c475005edcf64e459e7a3763a59fae5) Importer(815301076,1909f56bfc062723c751e8b465ee728b)
Start importing Assets/Assets/LeBlancP5R/Materials/5_part2-2 0 0 Leblanc MAIN.material146_1_0_0.mat using Guid(1c475005edcf64e459e7a3763a59fae5) Importer(815301076,1909f56bfc062723c751e8b465ee728b)  -> (artifact id: 'f573de66bf463f6aca82987fcfd34d2a') in 0.018488 seconds
Number of updated asset objects reloaded before import = 0
Number of asset objects unloaded after import = 1
========================================================================
Received Import Request.
  Time since last request: 0.000030 seconds.
  path: Assets/Assets/LeBlancP5R/Materials/5_part2-2 0 0 Leblanc MAIN.material152_1_0_0.mat
  artifactKey: Guid(3769de562ad2092409023af99659b5ec) Importer(815301076,1909f56bfc062723c751e8b465ee728b)
Start importing Assets/Assets/LeBlancP5R/Materials/5_part2-2 0 0 Leblanc MAIN.material152_1_0_0.mat using Guid(3769de562ad2092409023af99659b5ec) Importer(815301076,1909f56bfc062723c751e8b465ee728b)  -> (artifact id: '1ab8632d0a81837ea8ac9bb3694deee2') in 0.016019 seconds
Number of updated asset objects reloaded before import = 0
Number of asset objects unloaded after import = 1
========================================================================
Received Import Request.
  Time since last request: 0.000027 seconds.
  path: Assets/Assets/LeBlancP5R/Materials/5_part3-3 0 Leblanc GLASS.material01_1_0_0.mat
  artifactKey: Guid(cbb786c8b56644346b986c6cd5f3da01) Importer(815301076,1909f56bfc062723c751e8b465ee728b)
Start importing Assets/Assets/LeBlancP5R/Materials/5_part3-3 0 Leblanc GLASS.material01_1_0_0.mat using Guid(cbb786c8b56644346b986c6cd5f3da01) Importer(815301076,1909f56bfc062723c751e8b465ee728b)  -> (artifact id: '98eb57b31a0e4579d38abc3e9837f4ba') in 0.015578 seconds
Number of updated asset objects reloaded before import = 0
Number of asset objects unloaded after import = 1
========================================================================
Received Import Request.
  Time since last request: 0.000045 seconds.
  path: Assets/Assets/LeBlancP5R/Materials/5_part3-3 0 Leblanc GLASS.material05_1_0_0.mat
  artifactKey: Guid(31d8e4c504c31e841ba16f979b1d6cde) Importer(815301076,1909f56bfc062723c751e8b465ee728b)
Start importing Assets/Assets/LeBlancP5R/Materials/5_part3-3 0 Leblanc GLASS.material05_1_0_0.mat using Guid(31d8e4c504c31e841ba16f979b1d6cde) Importer(815301076,1909f56bfc062723c751e8b465ee728b)  -> (artifact id: '8c0441c672321f49db9b0ced0c735723') in 0.014174 seconds
Number of updated asset objects reloaded before import = 0
Number of asset objects unloaded after import = 1
========================================================================
Received Import Request.
  Time since last request: 0.000040 seconds.
  path: Assets/Assets/LeBlancP5R/Materials/5_part3-3 0 Leblanc GLASS.material30_1_0_0.mat
  artifactKey: Guid(ab1366c7a490d3e4d90cf327d7b90e07) Importer(815301076,1909f56bfc062723c751e8b465ee728b)
Start importing Assets/Assets/LeBlancP5R/Materials/5_part3-3 0 Leblanc GLASS.material30_1_0_0.mat using Guid(ab1366c7a490d3e4d90cf327d7b90e07) Importer(815301076,1909f56bfc062723c751e8b465ee728b)  -> (artifact id: '80c0da4994d57608f29943f33303f1f8') in 0.014170 seconds
Number of updated asset objects reloaded before import = 0
Number of asset objects unloaded after import = 1
========================================================================
Received Import Request.
  Time since last request: 0.000053 seconds.
  path: Assets/Assets/LeBlancP5R/Materials/5_part4-1 1 Leblanc OUTSIDE (Day).material01_1_0_0.mat
  artifactKey: Guid(6b06b66392a19f24f88c32dc09c4005c) Importer(815301076,1909f56bfc062723c751e8b465ee728b)
Start importing Assets/Assets/LeBlancP5R/Materials/5_part4-1 1 Leblanc OUTSIDE (Day).material01_1_0_0.mat using Guid(6b06b66392a19f24f88c32dc09c4005c) Importer(815301076,1909f56bfc062723c751e8b465ee728b)  -> (artifact id: '76fb038affa8f491598a02956186ae63') in 0.016324 seconds
Number of updated asset objects reloaded before import = 0
Number of asset objects unloaded after import = 1
========================================================================
Received Import Request.
  Time since last request: 0.000031 seconds.
  path: Assets/Assets/LeBlancP5R/Materials/5_part4-1 1 Leblanc OUTSIDE (Day).material06_1_0_0.mat
  artifactKey: Guid(edb8fba0aa2044e498a756a9d6ef2475) Importer(815301076,1909f56bfc062723c751e8b465ee728b)
Start importing Assets/Assets/LeBlancP5R/Materials/5_part4-1 1 Leblanc OUTSIDE (Day).material06_1_0_0.mat using Guid(edb8fba0aa2044e498a756a9d6ef2475) Importer(815301076,1909f56bfc062723c751e8b465ee728b)  -> (artifact id: 'ff629b4d18b9672b11543803a2a7e3ee') in 0.019059 seconds
Number of updated asset objects reloaded before import = 0
Number of asset objects unloaded after import = 1
========================================================================
Received Import Request.
  Time since last request: 0.000026 seconds.
  path: Assets/Assets/LeBlancP5R/Materials/5_part4-1 1 Leblanc OUTSIDE (Day).material11_1_0_0.mat
  artifactKey: Guid(24269833382864a439f42c1a2c1c7935) Importer(815301076,1909f56bfc062723c751e8b465ee728b)
Start importing Assets/Assets/LeBlancP5R/Materials/5_part4-1 1 Leblanc OUTSIDE (Day).material11_1_0_0.mat using Guid(24269833382864a439f42c1a2c1c7935) Importer(815301076,1909f56bfc062723c751e8b465ee728b)  -> (artifact id: '793fefd7a8c994331d98a7f7024df9d2') in 0.016695 seconds
Number of updated asset objects reloaded before import = 0
Number of asset objects unloaded after import = 1
========================================================================
Received Import Request.
  Time since last request: 0.000035 seconds.
  path: Assets/Assets/LeBlancP5R/Materials/5_part3-3 0 Leblanc GLASS.material22_1_0_0.mat
  artifactKey: Guid(4f78e7371017fdb4ab0c7d760c05235a) Importer(815301076,1909f56bfc062723c751e8b465ee728b)
Start importing Assets/Assets/LeBlancP5R/Materials/5_part3-3 0 Leblanc GLASS.material22_1_0_0.mat using Guid(4f78e7371017fdb4ab0c7d760c05235a) Importer(815301076,1909f56bfc062723c751e8b465ee728b)  -> (artifact id: 'eadf1b387207f57048a09523f883ecdd') in 0.016472 seconds
Number of updated asset objects reloaded before import = 0
Number of asset objects unloaded after import = 1
========================================================================
Received Import Request.
  Time since last request: 0.309037 seconds.
  path: Assets/Assets/LeBlancP5R/Materials/5_part4-1 1 Leblanc OUTSIDE (Day).material16_1_0_0.mat
  artifactKey: Guid(e51b1d1dff43dbf4da0bad23601bc95f) Importer(815301076,1909f56bfc062723c751e8b465ee728b)
Start importing Assets/Assets/LeBlancP5R/Materials/5_part4-1 1 Leblanc OUTSIDE (Day).material16_1_0_0.mat using Guid(e51b1d1dff43dbf4da0bad23601bc95f) Importer(815301076,1909f56bfc062723c751e8b465ee728b)  -> (artifact id: '03ab8519ae5d56d063c9675e8964e13f') in 0.013211 seconds
Number of updated asset objects reloaded before import = 0
Number of asset objects unloaded after import = 1
========================================================================
Received Import Request.
  Time since last request: 0.000096 seconds.
  path: Assets/Assets/LeBlancP5R/Materials/5_part4-1 1 Leblanc OUTSIDE (Day).material22_1_0_0.mat
  artifactKey: Guid(5eafa40b23ea85446bd790fceb7c800e) Importer(815301076,1909f56bfc062723c751e8b465ee728b)
Start importing Assets/Assets/LeBlancP5R/Materials/5_part4-1 1 Leblanc OUTSIDE (Day).material22_1_0_0.mat using Guid(5eafa40b23ea85446bd790fceb7c800e) Importer(815301076,1909f56bfc062723c751e8b465ee728b)  -> (artifact id: '9f1683c18706badfe04798a57dd0df36') in 0.033092 seconds
Number of updated asset objects reloaded before import = 0
Number of asset objects unloaded after import = 1
========================================================================
Received Import Request.
  Time since last request: 0.000351 seconds.
  path: Assets/Assets/LeBlancP5R/Materials/5_part4-1 1 Leblanc OUTSIDE (Day).material23_1_0_0.mat
  artifactKey: Guid(41555c01096fe9b44bb8c9ec9d94c459) Importer(815301076,1909f56bfc062723c751e8b465ee728b)
Start importing Assets/Assets/LeBlancP5R/Materials/5_part4-1 1 Leblanc OUTSIDE (Day).material23_1_0_0.mat using Guid(41555c01096fe9b44bb8c9ec9d94c459) Importer(815301076,1909f56bfc062723c751e8b465ee728b)  -> (artifact id: '1134ffeea8430162072b83b4b35931d9') in 0.013185 seconds
Number of updated asset objects reloaded before import = 0
Number of asset objects unloaded after import = 1
========================================================================
Received Import Request.
  Time since last request: 0.000062 seconds.
  path: Assets/Assets/LeBlancP5R/Materials/5_part4-1 1 Leblanc OUTSIDE (Day).material20_1_0_0.mat
  artifactKey: Guid(959a80d3b39045b4487394d3cc9f77c2) Importer(815301076,1909f56bfc062723c751e8b465ee728b)
Start importing Assets/Assets/LeBlancP5R/Materials/5_part4-1 1 Leblanc OUTSIDE (Day).material20_1_0_0.mat using Guid(959a80d3b39045b4487394d3cc9f77c2) Importer(815301076,1909f56bfc062723c751e8b465ee728b)  -> (artifact id: 'e73a5c39469aee58e1a686b99f818280') in 0.013229 seconds
Number of updated asset objects reloaded before import = 0
Number of asset objects unloaded after import = 1
========================================================================
Received Import Request.
  Time since last request: 0.128459 seconds.
  path: Assets/Assets/LeBlancP5R/Materials/7_+part2-2 0 0 Leblanc MAIN.part2-material160_1_0_0.mat
  artifactKey: Guid(b3c565c356da7884eb19c6164b7d116b) Importer(815301076,1909f56bfc062723c751e8b465ee728b)
Start importing Assets/Assets/LeBlancP5R/Materials/7_+part2-2 0 0 Leblanc MAIN.part2-material160_1_0_0.mat using Guid(b3c565c356da7884eb19c6164b7d116b) Importer(815301076,1909f56bfc062723c751e8b465ee728b)  -> (artifact id: '5f56742015b1d94795959b922a16416a') in 0.013055 seconds
Number of updated asset objects reloaded before import = 0
Number of asset objects unloaded after import = 1
========================================================================
Received Import Request.
  Time since last request: 0.000046 seconds.
  path: Assets/Assets/LeBlancP5R/Materials/7_part2-2 0 0 Leblanc MAIN.material45_1_0_0.mat
  artifactKey: Guid(b84731057b5e72846a2f9a7df75a080a) Importer(815301076,1909f56bfc062723c751e8b465ee728b)
Start importing Assets/Assets/LeBlancP5R/Materials/7_part2-2 0 0 Leblanc MAIN.material45_1_0_0.mat using Guid(b84731057b5e72846a2f9a7df75a080a) Importer(815301076,1909f56bfc062723c751e8b465ee728b)  -> (artifact id: '918f11d5ab96d964790653d52a568777') in 0.021825 seconds
Number of updated asset objects reloaded before import = 0
Number of asset objects unloaded after import = 1
========================================================================
Received Import Request.
  Time since last request: 0.000023 seconds.
  path: Assets/Assets/LeBlancP5R/Materials/7_part2-2 0 0 Leblanc MAIN.material114_1_0_0.mat
  artifactKey: Guid(b160d13a8ebe0d84d9112e32bdcfad98) Importer(815301076,1909f56bfc062723c751e8b465ee728b)
Start importing Assets/Assets/LeBlancP5R/Materials/7_part2-2 0 0 Leblanc MAIN.material114_1_0_0.mat using Guid(b160d13a8ebe0d84d9112e32bdcfad98) Importer(815301076,1909f56bfc062723c751e8b465ee728b)  -> (artifact id: '9b35e696da418696685fbf94bcad7a0c') in 0.011690 seconds
Number of updated asset objects reloaded before import = 0
Number of asset objects unloaded after import = 1
========================================================================
Received Import Request.
  Time since last request: 0.000037 seconds.
  path: Assets/Assets/LeBlancP5R/Materials/7_part1-4 0 Leblanc LAMPS.material16_1_0_0.mat
  artifactKey: Guid(2e35f7edbea7dba4ba56238cc6b3c8d1) Importer(815301076,1909f56bfc062723c751e8b465ee728b)
Start importing Assets/Assets/LeBlancP5R/Materials/7_part1-4 0 Leblanc LAMPS.material16_1_0_0.mat using Guid(2e35f7edbea7dba4ba56238cc6b3c8d1) Importer(815301076,1909f56bfc062723c751e8b465ee728b)  -> (artifact id: '7b7f2d20e2600146a8194d0d30ccb574') in 0.012426 seconds
Number of updated asset objects reloaded before import = 0
Number of asset objects unloaded after import = 1
========================================================================
Received Import Request.
  Time since last request: 0.009013 seconds.
  path: Assets/Assets/LeBlancP5R/Materials/7_part2-2 0 0 Leblanc MAIN.material163_1_0_0.mat
  artifactKey: Guid(e6215ba427f1198469a3148068803793) Importer(815301076,1909f56bfc062723c751e8b465ee728b)
Start importing Assets/Assets/LeBlancP5R/Materials/7_part2-2 0 0 Leblanc MAIN.material163_1_0_0.mat using Guid(e6215ba427f1198469a3148068803793) Importer(815301076,1909f56bfc062723c751e8b465ee728b)  -> (artifact id: '0fba66ccfbc5b542a52d5256b13b119d') in 0.018097 seconds
Number of updated asset objects reloaded before import = 0
Number of asset objects unloaded after import = 1
========================================================================
Received Import Request.
  Time since last request: 0.000046 seconds.
  path: Assets/Assets/LeBlancP5R/Materials/7_part3-3 0 Leblanc GLASS.material14_1_0_0.mat
  artifactKey: Guid(c4ff753445d3db64e9948f331394822f) Importer(815301076,1909f56bfc062723c751e8b465ee728b)
Start importing Assets/Assets/LeBlancP5R/Materials/7_part3-3 0 Leblanc GLASS.material14_1_0_0.mat using Guid(c4ff753445d3db64e9948f331394822f) Importer(815301076,1909f56bfc062723c751e8b465ee728b)  -> (artifact id: 'ea35c987b711e8397d02131c147634b8') in 0.016318 seconds
Number of updated asset objects reloaded before import = 0
Number of asset objects unloaded after import = 1
========================================================================
Received Import Request.
  Time since last request: 0.000039 seconds.
  path: Assets/Assets/LeBlancP5R/Materials/7_part3-3 0 Leblanc GLASS.material20_1_0_0.mat
  artifactKey: Guid(8cd27d98c07f7d9439e64f749ec390f3) Importer(815301076,1909f56bfc062723c751e8b465ee728b)
Start importing Assets/Assets/LeBlancP5R/Materials/7_part3-3 0 Leblanc GLASS.material20_1_0_0.mat using Guid(8cd27d98c07f7d9439e64f749ec390f3) Importer(815301076,1909f56bfc062723c751e8b465ee728b)  -> (artifact id: '43c79b446fad6ed9ad879fa9632563f9') in 0.055608 seconds
Number of updated asset objects reloaded before import = 0
Number of asset objects unloaded after import = 1
========================================================================
Received Import Request.
  Time since last request: 0.006721 seconds.
  path: Assets/Assets/LeBlancP5R/Materials/27_+part2-2 0 0 Leblanc MAIN.part2-material158_1_0_0.mat
  artifactKey: Guid(e2e378ec897fcdf4d9ff3ee06ee51017) Importer(815301076,1909f56bfc062723c751e8b465ee728b)
Start importing Assets/Assets/LeBlancP5R/Materials/27_+part2-2 0 0 Leblanc MAIN.part2-material158_1_0_0.mat using Guid(e2e378ec897fcdf4d9ff3ee06ee51017) Importer(815301076,1909f56bfc062723c751e8b465ee728b)  -> (artifact id: '5f1c792121194ff9149e293eba4a13f7') in 0.043106 seconds
Number of updated asset objects reloaded before import = 0
Number of asset objects unloaded after import = 1
========================================================================
Received Import Request.
  Time since last request: 0.000302 seconds.
  path: Assets/Assets/LeBlancP5R/Materials/27_part3-3 0 Leblanc GLASS.material15_0.2_0_0.mat
  artifactKey: Guid(53117a52d1bc48c43b95185f54e057b6) Importer(815301076,1909f56bfc062723c751e8b465ee728b)
Start importing Assets/Assets/LeBlancP5R/Materials/27_part3-3 0 Leblanc GLASS.material15_0.2_0_0.mat using Guid(53117a52d1bc48c43b95185f54e057b6) Importer(815301076,1909f56bfc062723c751e8b465ee728b)  -> (artifact id: 'de8ba04e805c4982462c5a6c23d8e750') in 0.017526 seconds
Number of updated asset objects reloaded before import = 0
Number of asset objects unloaded after import = 1
========================================================================
Received Import Request.
  Time since last request: 0.000944 seconds.
  path: Assets/Assets/LeBlancP5R/Materials/7_part3-3 0 Leblanc GLASS.material03_1_0_0.mat
  artifactKey: Guid(ab5f050bc1c0e3544841b0c377a97271) Importer(815301076,1909f56bfc062723c751e8b465ee728b)
Start importing Assets/Assets/LeBlancP5R/Materials/7_part3-3 0 Leblanc GLASS.material03_1_0_0.mat using Guid(ab5f050bc1c0e3544841b0c377a97271) Importer(815301076,1909f56bfc062723c751e8b465ee728b)  -> (artifact id: '5a6a00447b0301f2c81ac83a3eab05ae') in 0.013480 seconds
Number of updated asset objects reloaded before import = 0
Number of asset objects unloaded after import = 1
========================================================================
Received Import Request.
  Time since last request: 0.132479 seconds.
  path: Assets/Assets/LeBlancP5R/Materials/27_part3-3 0 Leblanc GLASS.material23_0.1_0_0.mat
  artifactKey: Guid(dd621741d8439b641bba9e2812c400bc) Importer(815301076,1909f56bfc062723c751e8b465ee728b)
Start importing Assets/Assets/LeBlancP5R/Materials/27_part3-3 0 Leblanc GLASS.material23_0.1_0_0.mat using Guid(dd621741d8439b641bba9e2812c400bc) Importer(815301076,1909f56bfc062723c751e8b465ee728b)  -> (artifact id: '04e786e44fe26d675ba59534a246933e') in 0.025469 seconds
Number of updated asset objects reloaded before import = 0
Number of asset objects unloaded after import = 2
========================================================================
Received Import Request.
  Time since last request: 0.000038 seconds.
  path: Assets/Assets/LeBlancP5R/Materials/27_part3-3 0 Leblanc GLASS.material32_0.3_0_0.mat
  artifactKey: Guid(68e62bd8b41841d4c86a1f167f67591d) Importer(815301076,1909f56bfc062723c751e8b465ee728b)
Start importing Assets/Assets/LeBlancP5R/Materials/27_part3-3 0 Leblanc GLASS.material32_0.3_0_0.mat using Guid(68e62bd8b41841d4c86a1f167f67591d) Importer(815301076,1909f56bfc062723c751e8b465ee728b)  -> (artifact id: '8f52ae3e628a2bb970f115f65c30a88c') in 0.016523 seconds
Number of updated asset objects reloaded before import = 0
Number of asset objects unloaded after import = 1
========================================================================
Received Import Request.
  Time since last request: 0.000036 seconds.
  path: Assets/Assets/LeBlancP5R/Materials/27_part3-3 0 Leblanc GLASS.material29_0.2_0_0.mat
  artifactKey: Guid(e9baa426b493f5e4291876fb3ee4b986) Importer(815301076,1909f56bfc062723c751e8b465ee728b)
Start importing Assets/Assets/LeBlancP5R/Materials/27_part3-3 0 Leblanc GLASS.material29_0.2_0_0.mat using Guid(e9baa426b493f5e4291876fb3ee4b986) Importer(815301076,1909f56bfc062723c751e8b465ee728b)  -> (artifact id: '5de86634c0d169e35f5a8a9ce2f708b2') in 0.013890 seconds
Number of updated asset objects reloaded before import = 0
Number of asset objects unloaded after import = 1
========================================================================
Received Import Request.
  Time since last request: 0.026004 seconds.
  path: Assets/Assets/LeBlancP5R/Materials/27_part3-3 0 Leblanc GLASS.material40_0.3_0_0.mat
  artifactKey: Guid(dcc14fdb5cc3ab4439d9e11671bbb2e0) Importer(815301076,1909f56bfc062723c751e8b465ee728b)
Start importing Assets/Assets/LeBlancP5R/Materials/27_part3-3 0 Leblanc GLASS.material40_0.3_0_0.mat using Guid(dcc14fdb5cc3ab4439d9e11671bbb2e0) Importer(815301076,1909f56bfc062723c751e8b465ee728b)  -> (artifact id: 'f26f650e954f2d46ebf8e02cb7bcc21d') in 0.021582 seconds
Number of updated asset objects reloaded before import = 0
Number of asset objects unloaded after import = 1
========================================================================
Received Import Request.
  Time since last request: 0.000053 seconds.
  path: Assets/Assets/LeBlancP5R/Materials/dummy_tex.mat
  artifactKey: Guid(48cf068f9fb9f5843b769f98807fe7d5) Importer(815301076,1909f56bfc062723c751e8b465ee728b)
Start importing Assets/Assets/LeBlancP5R/Materials/dummy_tex.mat using Guid(48cf068f9fb9f5843b769f98807fe7d5) Importer(815301076,1909f56bfc062723c751e8b465ee728b)  -> (artifact id: 'ecd5515278a70ff95aa360ba6f076bb5') in 0.019575 seconds
Number of updated asset objects reloaded before import = 0
Number of asset objects unloaded after import = 2
========================================================================
Received Import Request.
  Time since last request: 0.000020 seconds.
  path: Assets/Assets/LeBlancP5R/Materials/coffee.mat
  artifactKey: Guid(f8f5b9d7590f6d849a384105a209b21d) Importer(815301076,1909f56bfc062723c751e8b465ee728b)
Start importing Assets/Assets/LeBlancP5R/Materials/coffee.mat using Guid(f8f5b9d7590f6d849a384105a209b21d) Importer(815301076,1909f56bfc062723c751e8b465ee728b)  -> (artifact id: 'ba6793d5886ebe43a4d8b09d190141c1') in 0.020485 seconds
Number of updated asset objects reloaded before import = 0
Number of asset objects unloaded after import = 2
========================================================================
Received Import Request.
  Time since last request: 0.000112 seconds.
  path: Assets/Assets/LeBlancP5R/Materials/f003_002_ceilingfan02.mat
  artifactKey: Guid(c417fc5fa66f6a64ab4edb0daf955ec7) Importer(815301076,1909f56bfc062723c751e8b465ee728b)
Start importing Assets/Assets/LeBlancP5R/Materials/f003_002_ceilingfan02.mat using Guid(c417fc5fa66f6a64ab4edb0daf955ec7) Importer(815301076,1909f56bfc062723c751e8b465ee728b)  -> (artifact id: 'b82e0d4b6a06b69fc69013d444f12db1') in 0.048955 seconds
Number of updated asset objects reloaded before import = 0
Number of asset objects unloaded after import = 2
========================================================================
Received Import Request.
  Time since last request: 0.001542 seconds.
  path: Assets/Assets/LeBlancP5R/Materials/f003_002_door03.mat
  artifactKey: Guid(cf119b9c47fa23a4aab338ce86ee10c3) Importer(815301076,1909f56bfc062723c751e8b465ee728b)
Start importing Assets/Assets/LeBlancP5R/Materials/f003_002_door03.mat using Guid(cf119b9c47fa23a4aab338ce86ee10c3) Importer(815301076,1909f56bfc062723c751e8b465ee728b)  -> (artifact id: '76434913819d9c6e7a4c257ee3d6c407') in 0.022274 seconds
Number of updated asset objects reloaded before import = 0
Number of asset objects unloaded after import = 2
========================================================================
Received Import Request.
  Time since last request: 0.000345 seconds.
  path: Assets/Assets/LeBlancP5R/Materials/f003_002_desk01.mat
  artifactKey: Guid(55f2acf0e25d9424187836db9ec9feff) Importer(815301076,1909f56bfc062723c751e8b465ee728b)
Start importing Assets/Assets/LeBlancP5R/Materials/f003_002_desk01.mat using Guid(55f2acf0e25d9424187836db9ec9feff) Importer(815301076,1909f56bfc062723c751e8b465ee728b)  -> (artifact id: '8794ab7b0f7c71c2154d8170cfb390d6') in 0.025511 seconds
Number of updated asset objects reloaded before import = 0
Number of asset objects unloaded after import = 2
========================================================================
Received Import Request.
  Time since last request: 0.000025 seconds.
  path: Assets/Assets/LeBlancP5R/Materials/f003_002_floor06.mat
  artifactKey: Guid(b7694c6fa62c5904a81557e915761389) Importer(815301076,1909f56bfc062723c751e8b465ee728b)
Start importing Assets/Assets/LeBlancP5R/Materials/f003_002_floor06.mat using Guid(b7694c6fa62c5904a81557e915761389) Importer(815301076,1909f56bfc062723c751e8b465ee728b)  -> (artifact id: 'ea7057dd1ef83e9ab5fe6abe71bb7c42') in 0.029107 seconds
Number of updated asset objects reloaded before import = 0
Number of asset objects unloaded after import = 2
========================================================================
Received Import Request.
  Time since last request: 0.000032 seconds.
  path: Assets/Assets/LeBlancP5R/Materials/f003_002_curtain.mat
  artifactKey: Guid(25980a1998f1b784ea526db53a3986f0) Importer(815301076,1909f56bfc062723c751e8b465ee728b)
Start importing Assets/Assets/LeBlancP5R/Materials/f003_002_curtain.mat using Guid(25980a1998f1b784ea526db53a3986f0) Importer(815301076,1909f56bfc062723c751e8b465ee728b)  -> (artifact id: '7930e21c7ad0ebda7c48fe4e8f56b2d4') in 0.024866 seconds
Number of updated asset objects reloaded before import = 0
Number of asset objects unloaded after import = 2
========================================================================
Received Import Request.
  Time since last request: 0.000079 seconds.
  path: Assets/Assets/LeBlancP5R/Materials/f003_002_fab01.mat
  artifactKey: Guid(61824ceb5c186d9418e4ff84f230d762) Importer(815301076,1909f56bfc062723c751e8b465ee728b)
Start importing Assets/Assets/LeBlancP5R/Materials/f003_002_fab01.mat using Guid(61824ceb5c186d9418e4ff84f230d762) Importer(815301076,1909f56bfc062723c751e8b465ee728b)  -> (artifact id: '6386ae17a6342a5039138354b8dc17eb') in 0.020238 seconds
Number of updated asset objects reloaded before import = 0
Number of asset objects unloaded after import = 2
========================================================================
Received Import Request.
  Time since last request: 0.000039 seconds.
  path: Assets/Assets/LeBlancP5R/Materials/f003_002_floor01.mat
  artifactKey: Guid(a65edb81ba5096447aecfa5d0673f6fc) Importer(815301076,1909f56bfc062723c751e8b465ee728b)
Start importing Assets/Assets/LeBlancP5R/Materials/f003_002_floor01.mat using Guid(a65edb81ba5096447aecfa5d0673f6fc) Importer(815301076,1909f56bfc062723c751e8b465ee728b)  -> (artifact id: 'b65f557795131b160095ce4eab829d4e') in 0.055819 seconds
Number of updated asset objects reloaded before import = 0
Number of asset objects unloaded after import = 3
========================================================================
Received Import Request.
  Time since last request: 0.000083 seconds.
  path: Assets/Assets/LeBlancP5R/Materials/f003_002_clock01.mat
  artifactKey: Guid(b028267570908ef4da631cbe58b3e620) Importer(815301076,1909f56bfc062723c751e8b465ee728b)
Start importing Assets/Assets/LeBlancP5R/Materials/f003_002_clock01.mat using Guid(b028267570908ef4da631cbe58b3e620) Importer(815301076,1909f56bfc062723c751e8b465ee728b)  -> (artifact id: '0c6d6e7e2114a0672711e1e98496736b') in 0.023148 seconds
Number of updated asset objects reloaded before import = 0
Number of asset objects unloaded after import = 2
========================================================================
Received Import Request.
  Time since last request: 0.000068 seconds.
  path: Assets/Assets/LeBlancP5R/Materials/f003_002_counter04.mat
  artifactKey: Guid(a97857059aa8468459947e07ba3e9769) Importer(815301076,1909f56bfc062723c751e8b465ee728b)
Start importing Assets/Assets/LeBlancP5R/Materials/f003_002_counter04.mat using Guid(a97857059aa8468459947e07ba3e9769) Importer(815301076,1909f56bfc062723c751e8b465ee728b)  -> (artifact id: 'f49a2500c18c701de1c7011faa1c099b') in 0.033562 seconds
Number of updated asset objects reloaded before import = 0
Number of asset objects unloaded after import = 3
========================================================================
Received Import Request.
  Time since last request: 0.000752 seconds.
  path: Assets/Assets/LeBlancP5R/Materials/f003_002_counter02.mat
  artifactKey: Guid(c096969ea05c8a8459d197dd0091e071) Importer(815301076,1909f56bfc062723c751e8b465ee728b)
Start importing Assets/Assets/LeBlancP5R/Materials/f003_002_counter02.mat using Guid(c096969ea05c8a8459d197dd0091e071) Importer(815301076,1909f56bfc062723c751e8b465ee728b)  -> (artifact id: '4418f6e06c6833346b39e22c9efe942f') in 0.020813 seconds
Number of updated asset objects reloaded before import = 0
Number of asset objects unloaded after import = 2
========================================================================
Received Import Request.
  Time since last request: 0.048315 seconds.
  path: Assets/Assets/LeBlancP5R/Materials/f003_002_komono03.mat
  artifactKey: Guid(615c46a0a8c81cb4786f1805bf4589aa) Importer(815301076,1909f56bfc062723c751e8b465ee728b)
Start importing Assets/Assets/LeBlancP5R/Materials/f003_002_komono03.mat using Guid(615c46a0a8c81cb4786f1805bf4589aa) Importer(815301076,1909f56bfc062723c751e8b465ee728b)  -> (artifact id: '6adf2fa5c891eaa90aa6acffb8fa46cb') in 0.024286 seconds
Number of updated asset objects reloaded before import = 0
Number of asset objects unloaded after import = 2
========================================================================
Received Import Request.
  Time since last request: 0.000032 seconds.
  path: Assets/Assets/LeBlancP5R/Materials/f003_002_renga01.mat
  artifactKey: Guid(159dd9b44ffbe2b46b84caf60c5eb461) Importer(815301076,1909f56bfc062723c751e8b465ee728b)
Start importing Assets/Assets/LeBlancP5R/Materials/f003_002_renga01.mat using Guid(159dd9b44ffbe2b46b84caf60c5eb461) Importer(815301076,1909f56bfc062723c751e8b465ee728b)  -> (artifact id: '386164e254312fdfecad50fd302c830b') in 0.072451 seconds
Number of updated asset objects reloaded before import = 0
Number of asset objects unloaded after import = 2
========================================================================
Received Import Request.
  Time since last request: 0.002497 seconds.
  path: Assets/Assets/LeBlancP5R/Materials/f003_002_sink02.mat
  artifactKey: Guid(bb4e678e88547be41b855ed18a1d31d3) Importer(815301076,1909f56bfc062723c751e8b465ee728b)
Start importing Assets/Assets/LeBlancP5R/Materials/f003_002_sink02.mat using Guid(bb4e678e88547be41b855ed18a1d31d3) Importer(815301076,1909f56bfc062723c751e8b465ee728b)  -> (artifact id: '3cfbb73be323288d2a72a6c37a9d68f7') in 0.024667 seconds
Number of updated asset objects reloaded before import = 0
Number of asset objects unloaded after import = 2
========================================================================
Received Import Request.
  Time since last request: 0.000059 seconds.
  path: Assets/Assets/LeBlancP5R/Materials/f003_002_metalrack01.mat
  artifactKey: Guid(d794f49bc0bc3454ab0eacf6f2dc7714) Importer(815301076,1909f56bfc062723c751e8b465ee728b)
Start importing Assets/Assets/LeBlancP5R/Materials/f003_002_metalrack01.mat using Guid(d794f49bc0bc3454ab0eacf6f2dc7714) Importer(815301076,1909f56bfc062723c751e8b465ee728b)  -> (artifact id: '76e07bed93fd576186bb3d59166fc016') in 0.017911 seconds
Number of updated asset objects reloaded before import = 0
Number of asset objects unloaded after import = 2
========================================================================
Received Import Request.
  Time since last request: 0.000052 seconds.
  path: Assets/Assets/LeBlancP5R/Materials/f003_002_sink03.mat
  artifactKey: Guid(b081e7de76c1a444db4fee915cb0335a) Importer(815301076,1909f56bfc062723c751e8b465ee728b)
Start importing Assets/Assets/LeBlancP5R/Materials/f003_002_sink03.mat using Guid(b081e7de76c1a444db4fee915cb0335a) Importer(815301076,1909f56bfc062723c751e8b465ee728b)  -> (artifact id: '9ece48cb12bf02de400664e91b4340e8') in 0.025057 seconds
Number of updated asset objects reloaded before import = 0
Number of asset objects unloaded after import = 3
========================================================================
Received Import Request.
  Time since last request: 0.000852 seconds.
  path: Assets/Assets/LeBlancP5R/Materials/f003_002_stairs01.mat
  artifactKey: Guid(37c97cf572f22d249868f87a1f622dd6) Importer(815301076,1909f56bfc062723c751e8b465ee728b)
Start importing Assets/Assets/LeBlancP5R/Materials/f003_002_stairs01.mat using Guid(37c97cf572f22d249868f87a1f622dd6) Importer(815301076,1909f56bfc062723c751e8b465ee728b)  -> (artifact id: '7910d849a04e72e10ee57a512a9c60d0') in 0.022395 seconds
Number of updated asset objects reloaded before import = 0
Number of asset objects unloaded after import = 2
========================================================================
Received Import Request.
  Time since last request: 0.000034 seconds.
  path: Assets/Assets/LeBlancP5R/Materials/f003_002_spiritlamp01.mat
  artifactKey: Guid(c4ae7c92fb857cf4e98e99c02d118b2e) Importer(815301076,1909f56bfc062723c751e8b465ee728b)
Start importing Assets/Assets/LeBlancP5R/Materials/f003_002_spiritlamp01.mat using Guid(c4ae7c92fb857cf4e98e99c02d118b2e) Importer(815301076,1909f56bfc062723c751e8b465ee728b)  -> (artifact id: '73c26e3a68459a32f1e1be9a3dce0345') in 0.042640 seconds
Number of updated asset objects reloaded before import = 0
Number of asset objects unloaded after import = 2
========================================================================
Received Import Request.
  Time since last request: 0.000654 seconds.
  path: Assets/Assets/LeBlancP5R/Materials/f009_002_gaitou.mat
  artifactKey: Guid(34c9a50c1c9222b488bca54a0d64330b) Importer(815301076,1909f56bfc062723c751e8b465ee728b)
Start importing Assets/Assets/LeBlancP5R/Materials/f009_002_gaitou.mat using Guid(34c9a50c1c9222b488bca54a0d64330b) Importer(815301076,1909f56bfc062723c751e8b465ee728b)  -> (artifact id: 'ff58657477f33c1f7d1c943fb7654a07') in 0.021994 seconds
Number of updated asset objects reloaded before import = 0
Number of asset objects unloaded after import = 2
========================================================================
Received Import Request.
  Time since last request: 0.000051 seconds.
  path: Assets/Assets/LeBlancP5R/Materials/Lenblancdark.mat
  artifactKey: Guid(95c89be766d53cf4cb7b7a8e780bdcce) Importer(815301076,1909f56bfc062723c751e8b465ee728b)
Start importing Assets/Assets/LeBlancP5R/Materials/Lenblancdark.mat using Guid(95c89be766d53cf4cb7b7a8e780bdcce) Importer(815301076,1909f56bfc062723c751e8b465ee728b)  -> (artifact id: 'd7dd0e11b4059ca16f0bbb9ca8debe4e') in 0.020861 seconds
Number of updated asset objects reloaded before import = 0
Number of asset objects unloaded after import = 2
========================================================================
Received Import Request.
  Time since last request: 0.000043 seconds.
  path: Assets/Assets/LeBlancP5R/Materials/f003_002_menu01.mat
  artifactKey: Guid(3d3bc293b9c9dd343907e1561c854676) Importer(815301076,1909f56bfc062723c751e8b465ee728b)
Start importing Assets/Assets/LeBlancP5R/Materials/f003_002_menu01.mat using Guid(3d3bc293b9c9dd343907e1561c854676) Importer(815301076,1909f56bfc062723c751e8b465ee728b)  -> (artifact id: '2b3097683d4e1b145a2bae76ec9edec1') in 0.026048 seconds
Number of updated asset objects reloaded before import = 0
Number of asset objects unloaded after import = 2
========================================================================
Received Import Request.
  Time since last request: 0.000062 seconds.
  path: Assets/Assets/LeBlancP5R/Materials/f003_002_shelf01.mat
  artifactKey: Guid(b7701dd78a694f54a831043de57fd96a) Importer(815301076,1909f56bfc062723c751e8b465ee728b)
Start importing Assets/Assets/LeBlancP5R/Materials/f003_002_shelf01.mat using Guid(b7701dd78a694f54a831043de57fd96a) Importer(815301076,1909f56bfc062723c751e8b465ee728b)  -> (artifact id: '85c679880ded461bd787b65ac41b3eaf') in 0.019307 seconds
Number of updated asset objects reloaded before import = 0
Number of asset objects unloaded after import = 2
========================================================================
Received Import Request.
  Time since last request: 0.000037 seconds.
  path: Assets/Assets/LeBlancP5R/Materials/f0071_sutekanban001.mat
  artifactKey: Guid(cf749a092cc4a5e4b8587736765151b4) Importer(815301076,1909f56bfc062723c751e8b465ee728b)
Start importing Assets/Assets/LeBlancP5R/Materials/f0071_sutekanban001.mat using Guid(cf749a092cc4a5e4b8587736765151b4) Importer(815301076,1909f56bfc062723c751e8b465ee728b)  -> (artifact id: 'a58bf08132eeb99fb5cb236375904091') in 0.017233 seconds
Number of updated asset objects reloaded before import = 0
Number of asset objects unloaded after import = 2
========================================================================
Received Import Request.
  Time since last request: 0.000049 seconds.
  path: Assets/Assets/LeBlancP5R/Materials/f003_002_sayuri.mat
  artifactKey: Guid(7d119b43255f38c489b0853aa49e5d22) Importer(815301076,1909f56bfc062723c751e8b465ee728b)
Start importing Assets/Assets/LeBlancP5R/Materials/f003_002_sayuri.mat using Guid(7d119b43255f38c489b0853aa49e5d22) Importer(815301076,1909f56bfc062723c751e8b465ee728b)  -> (artifact id: '15f1828d6486568d6c09df90c606d903') in 0.018452 seconds
Number of updated asset objects reloaded before import = 0
Number of asset objects unloaded after import = 2
Editor requested this worker to shutdown with reason: Scaling down because of idle timeout
TcpMessagingSession - receive error: operation aborted. errorcode: 995, details: ߳˳Ӧóֹ I/O 
AssetImportWorker is now disconnected from the server
Process exiting
Exiting without the bug reporter. Application will terminate with return code 0