Using pre-set license
Built from '2022.3/staging' branch; Version is '2022.3.22f1 (887be4894c44) revision 8944612'; Using compiler version '192829333'; Build Type 'Release'
OS: 'Windows 10  (10.0.19045) 64bit ProfessionalWorkstation' Language: 'zh' Physical Memory: 40680 MB
BatchMode: 1, IsHumanControllingUs: 0, StartBugReporterOnCrash: 0, Is64bit: 1, IsPro: 1

COMMAND LINE ARGUMENTS:
C:\Program Files\Unity Hub\Editor\2022.3.22f1\Editor\Unity.exe
-adb2
-batchMode
-noUpm
-name
AssetImportWorker0
-projectPath
C:/Users/tangh/Documents/Unity/Studafé
-logFile
Logs/AssetImportWorker0.log
-srvPort
3524
Successfully changed project path to: C:/Users/tangh/Documents/Unity/Studafé
C:/Users/tangh/Documents/Unity/Studafé
[UnityMemory] Configuration Parameters - Can be set up in boot.config
    "memorysetup-bucket-allocator-granularity=16"
    "memorysetup-bucket-allocator-bucket-count=8"
    "memorysetup-bucket-allocator-block-size=33554432"
    "memorysetup-bucket-allocator-block-count=8"
    "memorysetup-main-allocator-block-size=16777216"
    "memorysetup-thread-allocator-block-size=16777216"
    "memorysetup-gfx-main-allocator-block-size=16777216"
    "memorysetup-gfx-thread-allocator-block-size=16777216"
    "memorysetup-cache-allocator-block-size=4194304"
    "memorysetup-typetree-allocator-block-size=2097152"
    "memorysetup-profiler-bucket-allocator-granularity=16"
    "memorysetup-profiler-bucket-allocator-bucket-count=8"
    "memorysetup-profiler-bucket-allocator-block-size=33554432"
    "memorysetup-profiler-bucket-allocator-block-count=8"
    "memorysetup-profiler-allocator-block-size=16777216"
    "memorysetup-profiler-editor-allocator-block-size=1048576"
    "memorysetup-temp-allocator-size-main=16777216"
    "memorysetup-job-temp-allocator-block-size=2097152"
    "memorysetup-job-temp-allocator-block-size-background=1048576"
    "memorysetup-job-temp-allocator-reduction-small-platforms=262144"
    "memorysetup-allocator-temp-initial-block-size-main=262144"
    "memorysetup-allocator-temp-initial-block-size-worker=262144"
    "memorysetup-temp-allocator-size-background-worker=32768"
    "memorysetup-temp-allocator-size-job-worker=262144"
    "memorysetup-temp-allocator-size-preload-manager=33554432"
    "memorysetup-temp-allocator-size-nav-mesh-worker=65536"
    "memorysetup-temp-allocator-size-audio-worker=65536"
    "memorysetup-temp-allocator-size-cloud-worker=32768"
    "memorysetup-temp-allocator-size-gi-baking-worker=262144"
    "memorysetup-temp-allocator-size-gfx=262144"
Player connection [9620] Host "[IP] 192.168.1.139 [Port] 0 [Flags] 2 [Guid] 309156025 [EditorId] 309156025 [Version] 1048832 [Id] WindowsEditor(7,DESKTOP-114514AA) [Debug] 1 [PackageName] WindowsEditor [ProjectName] Editor" joined multi-casting on [225.0.0.222:54997]...

Player connection [9620] Host "[IP] 192.168.1.139 [Port] 0 [Flags] 2 [Guid] 309156025 [EditorId] 309156025 [Version] 1048832 [Id] WindowsEditor(7,DESKTOP-114514AA) [Debug] 1 [PackageName] WindowsEditor [ProjectName] Editor" joined alternative multi-casting on [225.0.0.222:34997]...

[Physics::Module] Initialized MultithreadedJobDispatcher with 15 workers.
Refreshing native plugins compatible for Editor in 221.64 ms, found 28 plugins.
Preloading 2 native plugins for Editor in 4.85 ms.
Initialize engine version: 2022.3.22f1 (887be4894c44)
[Subsystems] Discovering subsystems at path C:/Program Files/Unity Hub/Editor/2022.3.22f1/Editor/Data/Resources/UnitySubsystems
[Subsystems] Discovering subsystems at path C:/Users/tangh/Documents/Unity/Studafé/Assets
GfxDevice: creating device client; threaded=0; jobified=0
Direct3D:
    Version:  Direct3D 11.0 [level 11.1]
    Renderer: NVIDIA GeForce RTX 4060 Laptop GPU (ID=0x28a0)
    Vendor:   NVIDIA
    VRAM:     7957 MB
    Driver:   32.0.15.7270
Shader 'Leviant's Shaders/ScreenSpace Ubershader v2.8': fallback shader 'Particles/Multiply' not found
Initialize mono
Mono path[0] = 'C:/Program Files/Unity Hub/Editor/2022.3.22f1/Editor/Data/Managed'
Mono path[1] = 'C:/Program Files/Unity Hub/Editor/2022.3.22f1/Editor/Data/MonoBleedingEdge/lib/mono/unityjit-win32'
Mono config path = 'C:/Program Files/Unity Hub/Editor/2022.3.22f1/Editor/Data/MonoBleedingEdge/etc'
Using monoOptions --debugger-agent=transport=dt_socket,embedding=1,server=y,suspend=n,address=127.0.0.1:56904
Begin MonoManager ReloadAssembly
Registering precompiled unity dll's ...
Trying to register platform support module: C:/Program Files/Unity Hub/Editor/2022.3.22f1/Editor/Data/PlaybackEngines/AndroidPlayer/UnityEditor.Android.Extensions.dll (that doesn't exist). Retrying without overrides.
Platform support module is not available: C:/Program Files/Unity Hub/Editor/2022.3.22f1/Editor/Data/PlaybackEngines/AndroidPlayer/UnityEditor.Android.Extensions.dll
Register platform support module: C:/Program Files/Unity Hub/Editor/2022.3.22f1/Editor/Data/PlaybackEngines/WindowsStandaloneSupport/UnityEditor.WindowsStandalone.Extensions.dll
Registered in 0.071105 seconds.
- Loaded All Assemblies, in  0.931 seconds
Native extension for WindowsStandalone target not found
Mono: successfully reloaded assembly
- Finished resetting the current domain, in  0.530 seconds
Domain Reload Profiling: 1443ms
	BeginReloadAssembly (336ms)
		ExecutionOrderSort (0ms)
		DisableScriptedObjects (0ms)
		BackupInstance (0ms)
		ReleaseScriptingObjects (0ms)
		CreateAndSetChildDomain (1ms)
	RebuildCommonClasses (71ms)
	RebuildNativeTypeToScriptingClass (17ms)
	initialDomainReloadingComplete (216ms)
	LoadAllAssembliesAndSetupDomain (273ms)
		LoadAssemblies (320ms)
		RebuildTransferFunctionScriptingTraits (0ms)
		AnalyzeDomain (268ms)
			TypeCache.Refresh (265ms)
				TypeCache.ScanAssembly (237ms)
			ScanForSourceGeneratedMonoScriptInfo (1ms)
			ResolveRequiredComponents (1ms)
	FinalizeReload (531ms)
		ReleaseScriptCaches (0ms)
		RebuildScriptCaches (0ms)
		SetupLoadedEditorAssemblies (426ms)
			LogAssemblyErrors (0ms)
			InitializePlatformSupportModulesInManaged (38ms)
			SetLoadedEditorAssemblies (13ms)
			RefreshPlugins (0ms)
			BeforeProcessingInitializeOnLoad (4ms)
			ProcessInitializeOnLoadAttributes (271ms)
			ProcessInitializeOnLoadMethodAttributes (99ms)
			AfterProcessingInitializeOnLoad (0ms)
			EditorAssembliesLoaded (0ms)
		ExecutionOrderSort2 (0ms)
		AwakeInstancesAfterBackupRestoration (0ms)
========================================================================
Worker process is ready to serve import requests
Begin MonoManager ReloadAssembly
- Loaded All Assemblies, in  4.926 seconds
Refreshing native plugins compatible for Editor in 149.06 ms, found 28 plugins.
Type TLP.UdonVoiceUtils.Runtime.Core.PlayerAudioController already exists
UnityEngine.StackTraceUtility:ExtractStackTrace ()
UnityEngine.DebugLogHandler:LogFormat (UnityEngine.LogType,UnityEngine.Object,string,object[])
UnityEngine.Logger:Log (UnityEngine.LogType,object)
UnityEngine.Debug:LogWarning (object)
TlpDefaultExecutionOrder:.ctor (System.Type,int) (at ./Packages/tlp.udonutils/Runtime/Attributes/TlpDefaultExecutionOrder.cs:15)

(Filename: ./Packages/tlp.udonutils/Runtime/Attributes/TlpDefaultExecutionOrder.cs Line: 15)

Type TLP.UdonUtils.Runtime.Sync.Experimental.NtpClient already exists
UnityEngine.StackTraceUtility:ExtractStackTrace ()
UnityEngine.DebugLogHandler:LogFormat (UnityEngine.LogType,UnityEngine.Object,string,object[])
UnityEngine.Logger:Log (UnityEngine.LogType,object)
UnityEngine.Debug:LogWarning (object)
TlpDefaultExecutionOrder:.ctor (System.Type,int) (at ./Packages/tlp.udonutils/Runtime/Attributes/TlpDefaultExecutionOrder.cs:15)

(Filename: ./Packages/tlp.udonutils/Runtime/Attributes/TlpDefaultExecutionOrder.cs Line: 15)

Type TLP.UdonVoiceUtils.Runtime.Examples.VoiceOverrideDoor already exists
UnityEngine.StackTraceUtility:ExtractStackTrace ()
UnityEngine.DebugLogHandler:LogFormat (UnityEngine.LogType,UnityEngine.Object,string,object[])
UnityEngine.Logger:Log (UnityEngine.LogType,object)
UnityEngine.Debug:LogWarning (object)
TlpDefaultExecutionOrder:.ctor (System.Type,int) (at ./Packages/tlp.udonutils/Runtime/Attributes/TlpDefaultExecutionOrder.cs:15)

(Filename: ./Packages/tlp.udonutils/Runtime/Attributes/TlpDefaultExecutionOrder.cs Line: 15)

Native extension for WindowsStandalone target not found
Package Manager log level set to [2]
[Package Manager] Server::EnsureServerProcessIsRunning -- launch failed, reason: Unity was launched with the -noUpm command-line argument
[Package Manager] UpmClient::Send -- Unable to send message (not connected to UPM process).
[Package Manager] Cannot connect to Unity Package Manager local server
jp.ootr.ImageTab.Editor.SetObjectReferences must be instantiated using the ScriptableObject.CreateInstance method instead of new SetObjectReferences.
UnityEngine.StackTraceUtility:ExtractStackTrace ()
UnityEngine.ScriptableObject:.ctor ()
UnityEditor.Editor:.ctor ()
jp.ootr.ImageTab.Editor.SetObjectReferences:.ctor ()
System.Reflection.RuntimeConstructorInfo:InternalInvoke (object,object[],bool)
System.RuntimeType:CreateInstanceMono (bool,bool)
System.RuntimeType:CreateInstanceSlow (bool,bool,bool,bool)
System.RuntimeType:CreateInstanceDefaultCtor (bool,bool,bool,bool,System.Threading.StackCrawlMark&)
System.Activator:CreateInstance (System.Type,bool,bool)
System.Activator:CreateInstance (System.Type,bool)
System.Activator:CreateInstance (System.Type)
VRC.SDKBase.Editor.BuildPipeline.VRCBuildPipelineCallbacks:Initialize ()
System.Reflection.RuntimeMethodInfo:Invoke (object,System.Reflection.BindingFlags,System.Reflection.Binder,object[],System.Globalization.CultureInfo)
System.Reflection.MethodBase:Invoke (object,object[])
UnityEditor.EditorAssemblies:ProcessInitializeOnLoadMethodAttributes ()

[C:\build\output\unity\unity\Runtime\Scripting\Scripting.cpp line 763]

jp.ootr.ImageDeviceController.Editor.SetObjectReferences must be instantiated using the ScriptableObject.CreateInstance method instead of new SetObjectReferences.
UnityEngine.StackTraceUtility:ExtractStackTrace ()
UnityEngine.ScriptableObject:.ctor ()
UnityEditor.Editor:.ctor ()
jp.ootr.ImageDeviceController.Editor.SetObjectReferences:.ctor ()
System.Reflection.RuntimeConstructorInfo:InternalInvoke (object,object[],bool)
System.RuntimeType:CreateInstanceMono (bool,bool)
System.RuntimeType:CreateInstanceSlow (bool,bool,bool,bool)
System.RuntimeType:CreateInstanceDefaultCtor (bool,bool,bool,bool,System.Threading.StackCrawlMark&)
System.Activator:CreateInstance (System.Type,bool,bool)
System.Activator:CreateInstance (System.Type,bool)
System.Activator:CreateInstance (System.Type)
VRC.SDKBase.Editor.BuildPipeline.VRCBuildPipelineCallbacks:Initialize ()
System.Reflection.RuntimeMethodInfo:Invoke (object,System.Reflection.BindingFlags,System.Reflection.Binder,object[],System.Globalization.CultureInfo)
System.Reflection.MethodBase:Invoke (object,object[])
UnityEditor.EditorAssemblies:ProcessInitializeOnLoadMethodAttributes ()

[C:\build\output\unity\unity\Runtime\Scripting\Scripting.cpp line 763]

jp.ootr.ImageDeviceController.Editor.SetObjectReference__ImageDeviceController must be instantiated using the ScriptableObject.CreateInstance method instead of new SetObjectReference__ImageDeviceController.
UnityEngine.StackTraceUtility:ExtractStackTrace ()
UnityEngine.ScriptableObject:.ctor ()
UnityEditor.Editor:.ctor ()
jp.ootr.ImageDeviceController.Editor.SetObjectReference__ImageDeviceController:.ctor ()
System.Reflection.RuntimeConstructorInfo:InternalInvoke (object,object[],bool)
System.RuntimeType:CreateInstanceMono (bool,bool)
System.RuntimeType:CreateInstanceSlow (bool,bool,bool,bool)
System.RuntimeType:CreateInstanceDefaultCtor (bool,bool,bool,bool,System.Threading.StackCrawlMark&)
System.Activator:CreateInstance (System.Type,bool,bool)
System.Activator:CreateInstance (System.Type,bool)
System.Activator:CreateInstance (System.Type)
VRC.SDKBase.Editor.BuildPipeline.VRCBuildPipelineCallbacks:Initialize ()
System.Reflection.RuntimeMethodInfo:Invoke (object,System.Reflection.BindingFlags,System.Reflection.Binder,object[],System.Globalization.CultureInfo)
System.Reflection.MethodBase:Invoke (object,object[])
UnityEditor.EditorAssemblies:ProcessInitializeOnLoadMethodAttributes ()

[C:\build\output\unity\unity\Runtime\Scripting\Scripting.cpp line 763]

System.Reflection.TargetInvocationException: Exception has been thrown by the target of an invocation. ---> System.NullReferenceException: Object reference not set to an instance of an object
  at Unity.XR.Oculus.OculusLoader.AssetPathToAbsolutePath (System.String assetPath) [0x00040] in .\Library\PackageCache\com.unity.xr.oculus@4.2.0\Runtime\OculusLoader.cs:298 
  at Unity.XR.Oculus.OculusLoader.EditorLoadOVRPlugin () [0x0008c] in .\Library\PackageCache\com.unity.xr.oculus@4.2.0\Runtime\OculusLoader.cs:283 
  at (wrapper managed-to-native) System.Reflection.RuntimeMethodInfo.InternalInvoke(System.Reflection.RuntimeMethodInfo,object,object[],System.Exception&)
  at System.Reflection.RuntimeMethodInfo.Invoke (System.Object obj, System.Reflection.BindingFlags invokeAttr, System.Reflection.Binder binder, System.Object[] parameters, System.Globalization.CultureInfo culture) [0x0006a] in <27124aa0e30a41659b903b822b959bc7>:0 
   --- End of inner exception stack trace ---
  at System.Reflection.RuntimeMethodInfo.Invoke (System.Object obj, System.Reflection.BindingFlags invokeAttr, System.Reflection.Binder binder, System.Object[] parameters, System.Globalization.CultureInfo culture) [0x00083] in <27124aa0e30a41659b903b822b959bc7>:0 
  at System.Reflection.MethodBase.Invoke (System.Object obj, System.Object[] parameters) [0x00000] in <27124aa0e30a41659b903b822b959bc7>:0 
  at UnityEditor.EditorAssemblies.ProcessInitializeOnLoadMethodAttributes () [0x000a5] in <80a8ce1980c648dca8e68f0d8aa3b930>:0 
UnityEngine.StackTraceUtility:ExtractStackTrace ()
UnityEngine.DebugLogHandler:LogFormat (UnityEngine.LogType,UnityEngine.Object,string,object[])
UnityEngine.Logger:Log (UnityEngine.LogType,object)
UnityEngine.Debug:LogError (object)
UnityEditor.EditorAssemblies:ProcessInitializeOnLoadMethodAttributes ()

Mono: successfully reloaded assembly
[Package Manager] Server::EnsureServerProcessIsRunning -- launch failed, reason: Unity was launched with the -noUpm command-line argument
[Package Manager] UpmClient::Send -- Unable to send message (not connected to UPM process).
[Package Manager] Cannot connect to Unity Package Manager local server
[Package Manager] Server::EnsureServerProcessIsRunning -- launch failed, reason: Unity was launched with the -noUpm command-line argument
[Package Manager] UpmClient::Send -- Unable to send message (not connected to UPM process).
[Package Manager] Cannot connect to Unity Package Manager local server
- Finished resetting the current domain, in 14.568 seconds
Domain Reload Profiling: 19389ms
	BeginReloadAssembly (663ms)
		ExecutionOrderSort (0ms)
		DisableScriptedObjects (10ms)
		BackupInstance (0ms)
		ReleaseScriptingObjects (0ms)
		CreateAndSetChildDomain (69ms)
	RebuildCommonClasses (73ms)
	RebuildNativeTypeToScriptingClass (20ms)
	initialDomainReloadingComplete (199ms)
	LoadAllAssembliesAndSetupDomain (3865ms)
		LoadAssemblies (3523ms)
		RebuildTransferFunctionScriptingTraits (0ms)
		AnalyzeDomain (798ms)
			TypeCache.Refresh (703ms)
				TypeCache.ScanAssembly (615ms)
			ScanForSourceGeneratedMonoScriptInfo (58ms)
			ResolveRequiredComponents (34ms)
	FinalizeReload (14569ms)
		ReleaseScriptCaches (0ms)
		RebuildScriptCaches (0ms)
		SetupLoadedEditorAssemblies (4322ms)
			LogAssemblyErrors (0ms)
			InitializePlatformSupportModulesInManaged (35ms)
			SetLoadedEditorAssemblies (19ms)
			RefreshPlugins (0ms)
			BeforeProcessingInitializeOnLoad (434ms)
			ProcessInitializeOnLoadAttributes (1951ms)
			ProcessInitializeOnLoadMethodAttributes (1570ms)
			AfterProcessingInitializeOnLoad (312ms)
			EditorAssembliesLoaded (1ms)
		ExecutionOrderSort2 (0ms)
		AwakeInstancesAfterBackupRestoration (47ms)
Shader 'Leviant's Shaders/ScreenSpace Ubershader v2.8': fallback shader 'Particles/Multiply' not found
Launched and connected shader compiler UnityShaderCompiler.exe after 0.32 seconds
Refreshing native plugins compatible for Editor in 400.12 ms, found 28 plugins.
Preloading 2 native plugins for Editor in 0.70 ms.
Unloading 4490 Unused Serialized files (Serialized files now loaded: 0)
Unloading 247 unused Assets / (7.3 MB). Loaded Objects now: 4946.
Memory consumption went from 300.3 MB to 293.1 MB.
Total: 244.068500 ms (FindLiveObjects: 0.502400 ms CreateObjectMapping: 0.236600 ms MarkObjects: 237.824700 ms  DeleteObjects: 5.501000 ms)

AssetImportParameters requested are different than current active one (requested -> active):
  custom:container-demuxer-ogg: 62fdf1f143b41e24485cea50d1cbac27 -> 
  custom:video-decoder-ogg-theora: a1e56fd34408186e4bbccfd4996cb3dc -> 
  custom:framework-win-MediaFoundation: 216162199b28c13a410421893ffa2e32 -> 
  custom:CustomObjectIndexerAttribute: 9a22284fe3817be447336de3de66b15e -> 
  custom:container-demuxer-webm: 4f35f7cbe854078d1ac9338744f61a02 -> 
  custom:container-muxer-webm: aa71ff27fc2769a1b78a27578f13a17b -> 
  custom:video-decoder-webm-vp8: 9c59270c3fd7afecdb556c50c9e8de78 -> 
  custom:SearchIndexIgnoredProperties: e643bd26f0fe6173181afceb89e7c659 -> 
  custom:AudioImporter_EditorPlatform: d09bf68614088b80899f8185d706f6e7 -> 
  custom:video-encoder-webm-vp8: eb34c28f22e8b96e1ab97ce403110664 -> 
  custom:audio-decoder-ogg-vorbis: bf7c407c2cedff20999df2af8eb42d56 -> 
  custom:audio-encoder-webm-vorbis: bf7c407c2cedff20999df2af8eb42d56 -> 
========================================================================
Received Import Request.
  Time since last request: 3911.783411 seconds.
  path: Assets/Furniture Pack/Prefabs/Pillows_4.prefab
  artifactKey: Guid(add2d7392d4198a4c9409dfaf63c0ec9) Importer(815301076,1909f56bfc062723c751e8b465ee728b)
Start importing Assets/Furniture Pack/Prefabs/Pillows_4.prefab using Guid(add2d7392d4198a4c9409dfaf63c0ec9) Importer(815301076,1909f56bfc062723c751e8b465ee728b)  -> (artifact id: '28ccd03a63102999b1afff335b51248e') in 0.533139 seconds
Number of updated asset objects reloaded before import = 0
Number of asset objects unloaded after import = 20
========================================================================
Received Import Request.
  Time since last request: 0.195934 seconds.
  path: Assets/Furniture Pack/Prefabs/Plants_Pots_12.prefab
  artifactKey: Guid(c1aa6b3f60abc7245a54afa198ec37d1) Importer(815301076,1909f56bfc062723c751e8b465ee728b)
Start importing Assets/Furniture Pack/Prefabs/Plants_Pots_12.prefab using Guid(c1aa6b3f60abc7245a54afa198ec37d1) Importer(815301076,1909f56bfc062723c751e8b465ee728b)  -> (artifact id: 'c90cba8581b76e636669bbcdb5cadcec') in 0.602510 seconds
Number of updated asset objects reloaded before import = 0
Number of asset objects unloaded after import = 25
========================================================================
Received Import Request.
  Time since last request: 0.010808 seconds.
  path: Assets/Furniture Pack/Prefabs/Plants_Pots_13.prefab
  artifactKey: Guid(5db52fcb5bd76ce419896403ff13ffa0) Importer(815301076,1909f56bfc062723c751e8b465ee728b)
Start importing Assets/Furniture Pack/Prefabs/Plants_Pots_13.prefab using Guid(5db52fcb5bd76ce419896403ff13ffa0) Importer(815301076,1909f56bfc062723c751e8b465ee728b)  -> (artifact id: 'a871d55dedd9835cba97085690965cac') in 0.144128 seconds
Number of updated asset objects reloaded before import = 0
Number of asset objects unloaded after import = 25
========================================================================
Received Import Request.
  Time since last request: 0.000735 seconds.
  path: Assets/Furniture Pack/Prefabs/Lights_Table_Lamps_2.prefab
  artifactKey: Guid(d01280c8456c60a40b6a5ca5db7fe1cd) Importer(815301076,1909f56bfc062723c751e8b465ee728b)
Start importing Assets/Furniture Pack/Prefabs/Lights_Table_Lamps_2.prefab using Guid(d01280c8456c60a40b6a5ca5db7fe1cd) Importer(815301076,1909f56bfc062723c751e8b465ee728b)  -> (artifact id: '8f673eccdd049ca54d789542af7fdb0c') in 0.116918 seconds
Number of updated asset objects reloaded before import = 0
Number of asset objects unloaded after import = 21
========================================================================
Received Import Request.
  Time since last request: 0.000414 seconds.
  path: Assets/Furniture Pack/Prefabs/Plants_Pots_9.prefab
  artifactKey: Guid(2ce2e912e495a1548952901dbefbc27f) Importer(815301076,1909f56bfc062723c751e8b465ee728b)
Start importing Assets/Furniture Pack/Prefabs/Plants_Pots_9.prefab using Guid(2ce2e912e495a1548952901dbefbc27f) Importer(815301076,1909f56bfc062723c751e8b465ee728b)  -> (artifact id: '69afb09012e49b7dc857d84f97e98cc4') in 0.033488 seconds
Number of updated asset objects reloaded before import = 0
Number of asset objects unloaded after import = 25
========================================================================
Received Import Request.
  Time since last request: 0.000388 seconds.
  path: Assets/Furniture Pack/Prefabs/Lights_Table_Lamps_4.prefab
  artifactKey: Guid(fbc0b85bb47b425418985629855dd9a9) Importer(815301076,1909f56bfc062723c751e8b465ee728b)
Start importing Assets/Furniture Pack/Prefabs/Lights_Table_Lamps_4.prefab using Guid(fbc0b85bb47b425418985629855dd9a9) Importer(815301076,1909f56bfc062723c751e8b465ee728b)  -> (artifact id: '4437994cfe0ea14d0c7fef0c6132dc08') in 0.178785 seconds
Number of updated asset objects reloaded before import = 0
Number of asset objects unloaded after import = 14
========================================================================
Received Import Request.
  Time since last request: 0.000327 seconds.
  path: Assets/Furniture Pack/Prefabs/Tables_Kitchen_Tables_1.prefab
  artifactKey: Guid(30835c8932efdb444969230f8ed19e97) Importer(815301076,1909f56bfc062723c751e8b465ee728b)
Start importing Assets/Furniture Pack/Prefabs/Tables_Kitchen_Tables_1.prefab using Guid(30835c8932efdb444969230f8ed19e97) Importer(815301076,1909f56bfc062723c751e8b465ee728b)  -> (artifact id: '5754448d6123b1795ea8e74509e53a86') in 0.103889 seconds
Number of updated asset objects reloaded before import = 0
Number of asset objects unloaded after import = 26
========================================================================
Received Import Request.
  Time since last request: 0.000251 seconds.
  path: Assets/Furniture Pack/Prefabs/Couches_Curved_Couch_Red.prefab
  artifactKey: Guid(08ecf7ed6ecd56749b5bfd9e138ef107) Importer(815301076,1909f56bfc062723c751e8b465ee728b)
Start importing Assets/Furniture Pack/Prefabs/Couches_Curved_Couch_Red.prefab using Guid(08ecf7ed6ecd56749b5bfd9e138ef107) Importer(815301076,1909f56bfc062723c751e8b465ee728b)  -> (artifact id: '79365820d4790477703a345f7e72137e') in 0.090627 seconds
Number of updated asset objects reloaded before import = 0
Number of asset objects unloaded after import = 52
========================================================================
Received Import Request.
  Time since last request: 0.006445 seconds.
  path: Assets/Furniture Pack/Prefabs/Lights_Floor_Lamps_5.prefab
  artifactKey: Guid(9d1d818f0e67b70459cc9c025d2bc1f2) Importer(815301076,1909f56bfc062723c751e8b465ee728b)
Start importing Assets/Furniture Pack/Prefabs/Lights_Floor_Lamps_5.prefab using Guid(9d1d818f0e67b70459cc9c025d2bc1f2) Importer(815301076,1909f56bfc062723c751e8b465ee728b)  -> (artifact id: '6ccdb699702b197168f82a074767901a') in 0.117872 seconds
Number of updated asset objects reloaded before import = 0
Number of asset objects unloaded after import = 22
========================================================================
Received Import Request.
  Time since last request: 0.000757 seconds.
  path: Assets/Furniture Pack/Prefabs/Plants_Pots_5.prefab
  artifactKey: Guid(bd8965e115b0b2a4fa844a99c232e918) Importer(815301076,1909f56bfc062723c751e8b465ee728b)
Start importing Assets/Furniture Pack/Prefabs/Plants_Pots_5.prefab using Guid(bd8965e115b0b2a4fa844a99c232e918) Importer(815301076,1909f56bfc062723c751e8b465ee728b)  -> (artifact id: '2ad10136a4bf6cfe34b0c4624ade8924') in 0.110987 seconds
Number of updated asset objects reloaded before import = 0
Number of asset objects unloaded after import = 25
========================================================================
Received Import Request.
  Time since last request: 0.000301 seconds.
  path: Assets/Furniture Pack/Prefabs/Tables_Kitchen_Tables_2.prefab
  artifactKey: Guid(9b6fad69fd6499846bae5778e93bf068) Importer(815301076,1909f56bfc062723c751e8b465ee728b)
Start importing Assets/Furniture Pack/Prefabs/Tables_Kitchen_Tables_2.prefab using Guid(9b6fad69fd6499846bae5778e93bf068) Importer(815301076,1909f56bfc062723c751e8b465ee728b)  -> (artifact id: '1d6436f91b0755012c6f81efe2a6f5cb') in 0.061951 seconds
Number of updated asset objects reloaded before import = 0
Number of asset objects unloaded after import = 26
========================================================================
Received Import Request.
  Time since last request: 0.000347 seconds.
  path: Assets/Furniture Pack/Prefabs/Beds_Red_Bed.prefab
  artifactKey: Guid(5a0d6eef14d2e3a4288364caaec892bb) Importer(815301076,1909f56bfc062723c751e8b465ee728b)
Start importing Assets/Furniture Pack/Prefabs/Beds_Red_Bed.prefab using Guid(5a0d6eef14d2e3a4288364caaec892bb) Importer(815301076,1909f56bfc062723c751e8b465ee728b)  -> (artifact id: '065ccc24e5186de27f8a5de8f253f40f') in 0.155534 seconds
Number of updated asset objects reloaded before import = 0
Number of asset objects unloaded after import = 21
========================================================================
Received Import Request.
  Time since last request: 0.000064 seconds.
  path: Assets/Furniture Pack/Prefabs/Lights_Table_Lamps_9.prefab
  artifactKey: Guid(d976f77b4ecc5444ba1a67c4ebbcca21) Importer(815301076,1909f56bfc062723c751e8b465ee728b)
Start importing Assets/Furniture Pack/Prefabs/Lights_Table_Lamps_9.prefab using Guid(d976f77b4ecc5444ba1a67c4ebbcca21) Importer(815301076,1909f56bfc062723c751e8b465ee728b)  -> (artifact id: '21be2a0042940e198927a189ae292684') in 0.100298 seconds
Number of updated asset objects reloaded before import = 0
Number of asset objects unloaded after import = 21
========================================================================
Received Import Request.
  Time since last request: 0.042702 seconds.
  path: Assets/Furniture Pack/Prefabs/Bathroom_And_Misc_2.prefab
  artifactKey: Guid(86ea558f9ccd7a64fa708f45783b54dc) Importer(815301076,1909f56bfc062723c751e8b465ee728b)
Start importing Assets/Furniture Pack/Prefabs/Bathroom_And_Misc_2.prefab using Guid(86ea558f9ccd7a64fa708f45783b54dc) Importer(815301076,1909f56bfc062723c751e8b465ee728b)  -> (artifact id: 'bb7db79ac7b2b04bd667dbcd61585777') in 0.034558 seconds
Number of updated asset objects reloaded before import = 0
Number of asset objects unloaded after import = 20
========================================================================
Received Import Request.
  Time since last request: 0.061423 seconds.
  path: Assets/Furniture Pack/Prefabs/Tables_Other_Tables_4.prefab
  artifactKey: Guid(3a0b2649c4ff8964e999ddd5bd20b8ee) Importer(815301076,1909f56bfc062723c751e8b465ee728b)
Start importing Assets/Furniture Pack/Prefabs/Tables_Other_Tables_4.prefab using Guid(3a0b2649c4ff8964e999ddd5bd20b8ee) Importer(815301076,1909f56bfc062723c751e8b465ee728b)  -> (artifact id: '1b26eae3138d2549a966303d1d2e22c5') in 0.030721 seconds
Number of updated asset objects reloaded before import = 0
Number of asset objects unloaded after import = 23
========================================================================
Received Import Request.
  Time since last request: 0.167330 seconds.
  path: Assets/Furniture Pack/Prefabs/Couches_Single_Sofa_Light_Dark_Grey_With_Pillow.prefab
  artifactKey: Guid(f392b02f8856376438378213fcc7f3f2) Importer(815301076,1909f56bfc062723c751e8b465ee728b)
Start importing Assets/Furniture Pack/Prefabs/Couches_Single_Sofa_Light_Dark_Grey_With_Pillow.prefab using Guid(f392b02f8856376438378213fcc7f3f2) Importer(815301076,1909f56bfc062723c751e8b465ee728b)  -> (artifact id: 'd592337fa368862850524150da42cd86') in 0.091676 seconds
Number of updated asset objects reloaded before import = 0
Number of asset objects unloaded after import = 24
========================================================================
Received Import Request.
  Time since last request: 0.010174 seconds.
  path: Assets/Furniture Pack/Prefabs/Chairs_Short_Chairs_2.prefab
  artifactKey: Guid(b5efa464641345647944c48e3027373f) Importer(815301076,1909f56bfc062723c751e8b465ee728b)
Start importing Assets/Furniture Pack/Prefabs/Chairs_Short_Chairs_2.prefab using Guid(b5efa464641345647944c48e3027373f) Importer(815301076,1909f56bfc062723c751e8b465ee728b)  -> (artifact id: '65d0855f8f12b5591e2c2a73b1a9456a') in 0.096023 seconds
Number of updated asset objects reloaded before import = 0
Number of asset objects unloaded after import = 20
========================================================================
Received Import Request.
  Time since last request: 0.174186 seconds.
  path: Assets/Furniture Pack/Prefabs/Couches_Couch_Dark_Blue.prefab
  artifactKey: Guid(c719afc9ca1a4ba4bad6b24824773975) Importer(815301076,1909f56bfc062723c751e8b465ee728b)
Start importing Assets/Furniture Pack/Prefabs/Couches_Couch_Dark_Blue.prefab using Guid(c719afc9ca1a4ba4bad6b24824773975) Importer(815301076,1909f56bfc062723c751e8b465ee728b)  -> (artifact id: 'c758f3b8ae349c31a6f02639ec3229db') in 0.085459 seconds
Number of updated asset objects reloaded before import = 0
Number of asset objects unloaded after import = 24
========================================================================
Received Import Request.
  Time since last request: 0.068247 seconds.
  path: Assets/Furniture Pack/Prefabs/Plants_Pots_7.prefab
  artifactKey: Guid(86e6ae55b4d2d6741a209f5ae91ad6ef) Importer(815301076,1909f56bfc062723c751e8b465ee728b)
Start importing Assets/Furniture Pack/Prefabs/Plants_Pots_7.prefab using Guid(86e6ae55b4d2d6741a209f5ae91ad6ef) Importer(815301076,1909f56bfc062723c751e8b465ee728b)  -> (artifact id: '3237b1b6f9c16372bdcb9d56522cedab') in 0.037243 seconds
Number of updated asset objects reloaded before import = 0
Number of asset objects unloaded after import = 24
========================================================================
Received Import Request.
  Time since last request: 0.063028 seconds.
  path: Assets/Furniture Pack/Prefabs/Pillows_2.prefab
  artifactKey: Guid(30ba40529c503cf4db4a0d426da11a8b) Importer(815301076,1909f56bfc062723c751e8b465ee728b)
Start importing Assets/Furniture Pack/Prefabs/Pillows_2.prefab using Guid(30ba40529c503cf4db4a0d426da11a8b) Importer(815301076,1909f56bfc062723c751e8b465ee728b)  -> (artifact id: 'e1a9a504abd82335c5864734f7b3c890') in 0.096794 seconds
Number of updated asset objects reloaded before import = 0
Number of asset objects unloaded after import = 20
========================================================================
Received Import Request.
  Time since last request: 0.000641 seconds.
  path: Assets/Furniture Pack/Prefabs/Lights_Overhead_1.prefab
  artifactKey: Guid(725489169d4fb7343bcf680fe65cb815) Importer(815301076,1909f56bfc062723c751e8b465ee728b)
Start importing Assets/Furniture Pack/Prefabs/Lights_Overhead_1.prefab using Guid(725489169d4fb7343bcf680fe65cb815) Importer(815301076,1909f56bfc062723c751e8b465ee728b)  -> (artifact id: 'd1ad4bdaf70a39a08fcf9cb173a32984') in 0.047970 seconds
Number of updated asset objects reloaded before import = 0
Number of asset objects unloaded after import = 20
========================================================================
Received Import Request.
  Time since last request: 0.000361 seconds.
  path: Assets/Furniture Pack/Prefabs/Lights_Table_Lamps_5.prefab
  artifactKey: Guid(10bb8ff73ebc9bc498c06f35607766e1) Importer(815301076,1909f56bfc062723c751e8b465ee728b)
Start importing Assets/Furniture Pack/Prefabs/Lights_Table_Lamps_5.prefab using Guid(10bb8ff73ebc9bc498c06f35607766e1) Importer(815301076,1909f56bfc062723c751e8b465ee728b)  -> (artifact id: '86d83cac34ed96eab507d339bb76290c') in 0.083439 seconds
Number of updated asset objects reloaded before import = 0
Number of asset objects unloaded after import = 21
========================================================================
Received Import Request.
  Time since last request: 0.000303 seconds.
  path: Assets/Furniture Pack/Prefabs/Chairs_Short_Chairs_1.prefab
  artifactKey: Guid(01e8f59cbd1921e44b270b023c8068e9) Importer(815301076,1909f56bfc062723c751e8b465ee728b)
Start importing Assets/Furniture Pack/Prefabs/Chairs_Short_Chairs_1.prefab using Guid(01e8f59cbd1921e44b270b023c8068e9) Importer(815301076,1909f56bfc062723c751e8b465ee728b)  -> (artifact id: '70e2de88451f2075cb8f41e8f6490dff') in 0.071929 seconds
Number of updated asset objects reloaded before import = 0
Number of asset objects unloaded after import = 20
========================================================================
Received Import Request.
  Time since last request: 0.000480 seconds.
  path: Assets/Furniture Pack/Prefabs/Chairs_Bar_Chairs_2.prefab
  artifactKey: Guid(2ff1bf33ee43f9e45a5d115a03d7d7fe) Importer(815301076,1909f56bfc062723c751e8b465ee728b)
Start importing Assets/Furniture Pack/Prefabs/Chairs_Bar_Chairs_2.prefab using Guid(2ff1bf33ee43f9e45a5d115a03d7d7fe) Importer(815301076,1909f56bfc062723c751e8b465ee728b)  -> (artifact id: '1228e5cb5a90121d61b583e6ec4a4187') in 0.038931 seconds
Number of updated asset objects reloaded before import = 0
Number of asset objects unloaded after import = 20
========================================================================
Received Import Request.
  Time since last request: 0.000050 seconds.
  path: Assets/Furniture Pack/Prefabs/Rocks_2.prefab
  artifactKey: Guid(a8585856da06fcf44b0387e40bb8c2f4) Importer(815301076,1909f56bfc062723c751e8b465ee728b)
Start importing Assets/Furniture Pack/Prefabs/Rocks_2.prefab using Guid(a8585856da06fcf44b0387e40bb8c2f4) Importer(815301076,1909f56bfc062723c751e8b465ee728b)  -> (artifact id: 'c799ba5e9fe30b9ba7da185b5ee99c8d') in 0.081599 seconds
Number of updated asset objects reloaded before import = 0
Number of asset objects unloaded after import = 24
========================================================================
Received Import Request.
  Time since last request: 0.014621 seconds.
  path: Assets/Furniture Pack/Prefabs/Couches_Theatre_Chair_Leather.prefab
  artifactKey: Guid(5af4c63319f0cb5459bfcbbe84ab557d) Importer(815301076,1909f56bfc062723c751e8b465ee728b)
Start importing Assets/Furniture Pack/Prefabs/Couches_Theatre_Chair_Leather.prefab using Guid(5af4c63319f0cb5459bfcbbe84ab557d) Importer(815301076,1909f56bfc062723c751e8b465ee728b)  -> (artifact id: 'bb5815f3a889ac8033e854e656b65075') in 0.143537 seconds
Number of updated asset objects reloaded before import = 0
Number of asset objects unloaded after import = 24
========================================================================
Received Import Request.
  Time since last request: 0.000669 seconds.
  path: Assets/Furniture Pack/Prefabs/Plants_Pots_8.prefab
  artifactKey: Guid(32c6fb79c927b004393c65e738ce37aa) Importer(815301076,1909f56bfc062723c751e8b465ee728b)
Start importing Assets/Furniture Pack/Prefabs/Plants_Pots_8.prefab using Guid(32c6fb79c927b004393c65e738ce37aa) Importer(815301076,1909f56bfc062723c751e8b465ee728b)  -> (artifact id: '618326f80e6b45268c42304478f0b1bc') in 0.112882 seconds
Number of updated asset objects reloaded before import = 0
Number of asset objects unloaded after import = 25
========================================================================
Received Import Request.
  Time since last request: 0.000520 seconds.
  path: Assets/Furniture Pack/Prefabs/Tables_Side_Tables_6.prefab
  artifactKey: Guid(95bf885eed1a4324c98619bb7a5a6554) Importer(815301076,1909f56bfc062723c751e8b465ee728b)
Start importing Assets/Furniture Pack/Prefabs/Tables_Side_Tables_6.prefab using Guid(95bf885eed1a4324c98619bb7a5a6554) Importer(815301076,1909f56bfc062723c751e8b465ee728b)  -> (artifact id: '9fc7704e4ae6580845d80684308260a5') in 0.071211 seconds
Number of updated asset objects reloaded before import = 0
Number of asset objects unloaded after import = 25
========================================================================
Received Import Request.
  Time since last request: 0.000353 seconds.
  path: Assets/Furniture Pack/Prefabs/Tables_Other_Tables_1.prefab
  artifactKey: Guid(2b31673fbc03e3648831eb193055d803) Importer(815301076,1909f56bfc062723c751e8b465ee728b)
Start importing Assets/Furniture Pack/Prefabs/Tables_Other_Tables_1.prefab using Guid(2b31673fbc03e3648831eb193055d803) Importer(815301076,1909f56bfc062723c751e8b465ee728b)  -> (artifact id: 'b2b3cfa8f31aeaced224cd61d130f0c1') in 0.058596 seconds
Number of updated asset objects reloaded before import = 0
Number of asset objects unloaded after import = 21
========================================================================
Received Import Request.
  Time since last request: 0.000406 seconds.
  path: Assets/Furniture Pack/Prefabs/Couches_U_Couch.prefab
  artifactKey: Guid(6f00eba0c1c9b0640a3e7841335e4c6f) Importer(815301076,1909f56bfc062723c751e8b465ee728b)
Start importing Assets/Furniture Pack/Prefabs/Couches_U_Couch.prefab using Guid(6f00eba0c1c9b0640a3e7841335e4c6f) Importer(815301076,1909f56bfc062723c751e8b465ee728b)  -> (artifact id: 'dfb67cc4adfb75bb98198512027a95bf') in 0.060596 seconds
Number of updated asset objects reloaded before import = 0
Number of asset objects unloaded after import = 24
========================================================================
Received Import Request.
  Time since last request: 0.000039 seconds.
  path: Assets/Furniture Pack/Prefabs/Couches_Misc_3.prefab
  artifactKey: Guid(24e435097297af74c9188d41f2efc112) Importer(815301076,1909f56bfc062723c751e8b465ee728b)
Start importing Assets/Furniture Pack/Prefabs/Couches_Misc_3.prefab using Guid(24e435097297af74c9188d41f2efc112) Importer(815301076,1909f56bfc062723c751e8b465ee728b)  -> (artifact id: '6e5028ecd0dd0df9308d26891bd0e2ec') in 0.046969 seconds
Number of updated asset objects reloaded before import = 0
Number of asset objects unloaded after import = 20
========================================================================
Received Import Request.
  Time since last request: 0.002525 seconds.
  path: Assets/Furniture Pack/Prefabs/Tables_Side_Tables_10.prefab
  artifactKey: Guid(bc0cd9f47a7450e4a8d46d06fae68ea6) Importer(815301076,1909f56bfc062723c751e8b465ee728b)
Start importing Assets/Furniture Pack/Prefabs/Tables_Side_Tables_10.prefab using Guid(bc0cd9f47a7450e4a8d46d06fae68ea6) Importer(815301076,1909f56bfc062723c751e8b465ee728b)  -> (artifact id: '4fad0fd9c6e2dbb97856bd18c1f85a99') in 0.048711 seconds
Number of updated asset objects reloaded before import = 0
Number of asset objects unloaded after import = 21
========================================================================
Received Import Request.
  Time since last request: 0.000064 seconds.
  path: Assets/Furniture Pack/Prefabs/Tables_Side_Tables_11.prefab
  artifactKey: Guid(2850dc9e804120847945db138bc487ac) Importer(815301076,1909f56bfc062723c751e8b465ee728b)
Start importing Assets/Furniture Pack/Prefabs/Tables_Side_Tables_11.prefab using Guid(2850dc9e804120847945db138bc487ac) Importer(815301076,1909f56bfc062723c751e8b465ee728b)  -> (artifact id: 'd630223256fe70427fc699a7a28e9180') in 0.072126 seconds
Number of updated asset objects reloaded before import = 0
Number of asset objects unloaded after import = 25
========================================================================
Received Import Request.
  Time since last request: 0.003958 seconds.
  path: Assets/Furniture Pack/Prefabs/Plants_Pots_14.prefab
  artifactKey: Guid(c4f282f6c98913444924cccc9f2a4a92) Importer(815301076,1909f56bfc062723c751e8b465ee728b)
Start importing Assets/Furniture Pack/Prefabs/Plants_Pots_14.prefab using Guid(c4f282f6c98913444924cccc9f2a4a92) Importer(815301076,1909f56bfc062723c751e8b465ee728b)  -> (artifact id: '9bd7fcc8c886dfc4b88ff823ffd23733') in 0.049668 seconds
Number of updated asset objects reloaded before import = 0
Number of asset objects unloaded after import = 25
========================================================================
Received Import Request.
  Time since last request: 0.005341 seconds.
  path: Assets/Furniture Pack/Prefabs/Tables_Side_Tables_9.prefab
  artifactKey: Guid(194d5e60b9e89954fbb977a9b8e459ff) Importer(815301076,1909f56bfc062723c751e8b465ee728b)
Start importing Assets/Furniture Pack/Prefabs/Tables_Side_Tables_9.prefab using Guid(194d5e60b9e89954fbb977a9b8e459ff) Importer(815301076,1909f56bfc062723c751e8b465ee728b)  -> (artifact id: '32e4e89e739f784b9940d3a5149873e6') in 0.072938 seconds
Number of updated asset objects reloaded before import = 0
Number of asset objects unloaded after import = 21
========================================================================
Received Import Request.
  Time since last request: 0.000036 seconds.
  path: Assets/Furniture Pack/Prefabs/Chairs_Bar_Chairs_5.prefab
  artifactKey: Guid(c783921b108d762468fa3cdee77d3d87) Importer(815301076,1909f56bfc062723c751e8b465ee728b)
Start importing Assets/Furniture Pack/Prefabs/Chairs_Bar_Chairs_5.prefab using Guid(c783921b108d762468fa3cdee77d3d87) Importer(815301076,1909f56bfc062723c751e8b465ee728b)  -> (artifact id: '3315827e7c64d923ac6c79edfbd560a7') in 0.035889 seconds
Number of updated asset objects reloaded before import = 0
Number of asset objects unloaded after import = 20
========================================================================
Received Import Request.
  Time since last request: 0.000521 seconds.
  path: Assets/Furniture Pack/Prefabs/Tables_Other_Tables_3.prefab
  artifactKey: Guid(f98f23864564eb4449a63c8983a1f31e) Importer(815301076,1909f56bfc062723c751e8b465ee728b)
Start importing Assets/Furniture Pack/Prefabs/Tables_Other_Tables_3.prefab using Guid(f98f23864564eb4449a63c8983a1f31e) Importer(815301076,1909f56bfc062723c751e8b465ee728b)  -> (artifact id: 'ab420dfef2df30caeb4e1c848739cfbd') in 0.037412 seconds
Number of updated asset objects reloaded before import = 0
Number of asset objects unloaded after import = 21
========================================================================
Received Import Request.
  Time since last request: 0.001287 seconds.
  path: Assets/Furniture Pack/Prefabs/Pillows_1.prefab
  artifactKey: Guid(b50a0e5f02f10564fb628f58f988ac6a) Importer(815301076,1909f56bfc062723c751e8b465ee728b)
Start importing Assets/Furniture Pack/Prefabs/Pillows_1.prefab using Guid(b50a0e5f02f10564fb628f58f988ac6a) Importer(815301076,1909f56bfc062723c751e8b465ee728b)  -> (artifact id: '95d1c6549df9797b1f05c6796cbf2901') in 0.047504 seconds
Number of updated asset objects reloaded before import = 0
Number of asset objects unloaded after import = 20
========================================================================
Received Import Request.
  Time since last request: 0.000043 seconds.
  path: Assets/Furniture Pack/Prefabs/Plants_Pots_2.prefab
  artifactKey: Guid(e7cefb55b40c0cf4ba81600211b8bcee) Importer(815301076,1909f56bfc062723c751e8b465ee728b)
Start importing Assets/Furniture Pack/Prefabs/Plants_Pots_2.prefab using Guid(e7cefb55b40c0cf4ba81600211b8bcee) Importer(815301076,1909f56bfc062723c751e8b465ee728b)  -> (artifact id: 'c1d5bbe16f03eb1b801a7333f32d1faf') in 0.041670 seconds
Number of updated asset objects reloaded before import = 0
Number of asset objects unloaded after import = 25
========================================================================
Received Import Request.
  Time since last request: 0.000036 seconds.
  path: Assets/Furniture Pack/Prefabs/Couches_Theatre_Chair_Fabric.prefab
  artifactKey: Guid(0abdf4631bfbcb34488b594ce8c43ab2) Importer(815301076,1909f56bfc062723c751e8b465ee728b)
Start importing Assets/Furniture Pack/Prefabs/Couches_Theatre_Chair_Fabric.prefab using Guid(0abdf4631bfbcb34488b594ce8c43ab2) Importer(815301076,1909f56bfc062723c751e8b465ee728b)  -> (artifact id: '859b4ae8ea1199799b2e69f36c381390') in 0.112139 seconds
Number of updated asset objects reloaded before import = 0
Number of asset objects unloaded after import = 23
========================================================================
Received Import Request.
  Time since last request: 0.001880 seconds.
  path: Assets/Furniture Pack/Prefabs/Bathroom_And_Misc_1.prefab
  artifactKey: Guid(45ea07716d594504fa108007850489d7) Importer(815301076,1909f56bfc062723c751e8b465ee728b)
Start importing Assets/Furniture Pack/Prefabs/Bathroom_And_Misc_1.prefab using Guid(45ea07716d594504fa108007850489d7) Importer(815301076,1909f56bfc062723c751e8b465ee728b)  -> (artifact id: 'e5a3524ecd8ecba1296ebbca1c9abc9f') in 0.033752 seconds
Number of updated asset objects reloaded before import = 0
Number of asset objects unloaded after import = 20
========================================================================
Received Import Request.
  Time since last request: 0.000742 seconds.
  path: Assets/Furniture Pack/Prefabs/Bathroom_And_Misc_6.prefab
  artifactKey: Guid(5e5272b11fa79d8499f5d25a02b04c97) Importer(815301076,1909f56bfc062723c751e8b465ee728b)
Start importing Assets/Furniture Pack/Prefabs/Bathroom_And_Misc_6.prefab using Guid(5e5272b11fa79d8499f5d25a02b04c97) Importer(815301076,1909f56bfc062723c751e8b465ee728b)  -> (artifact id: '4c097640eb76887377000e78afa524af') in 0.037404 seconds
Number of updated asset objects reloaded before import = 0
Number of asset objects unloaded after import = 20
========================================================================
Received Import Request.
  Time since last request: 0.010728 seconds.
  path: Assets/Furniture Pack/Prefabs/Lights_Floor_Lamps_2.prefab
  artifactKey: Guid(5f7c5f50959ba1349bb5716a967588d8) Importer(815301076,1909f56bfc062723c751e8b465ee728b)
Start importing Assets/Furniture Pack/Prefabs/Lights_Floor_Lamps_2.prefab using Guid(5f7c5f50959ba1349bb5716a967588d8) Importer(815301076,1909f56bfc062723c751e8b465ee728b)  -> (artifact id: 'ba373e20b6882c130d8aed717939513f') in 0.140205 seconds
Number of updated asset objects reloaded before import = 0
Number of asset objects unloaded after import = 27
========================================================================
Received Import Request.
  Time since last request: 0.010198 seconds.
  path: Assets/Furniture Pack/Prefabs/Chairs_Bar_Chairs_3.prefab
  artifactKey: Guid(2e67c43c515199d42afbe8de54b4c335) Importer(815301076,1909f56bfc062723c751e8b465ee728b)
Start importing Assets/Furniture Pack/Prefabs/Chairs_Bar_Chairs_3.prefab using Guid(2e67c43c515199d42afbe8de54b4c335) Importer(815301076,1909f56bfc062723c751e8b465ee728b)  -> (artifact id: '5335ad843205fc5cfc1af8b87ed28154') in 0.098276 seconds
Number of updated asset objects reloaded before import = 0
Number of asset objects unloaded after import = 20
========================================================================
Received Import Request.
  Time since last request: 0.000179 seconds.
  path: Assets/Furniture Pack/Prefabs/Tables_Side_Tables_5.prefab
  artifactKey: Guid(2afc8100d86c7c444a32c06ab1bbdde4) Importer(815301076,1909f56bfc062723c751e8b465ee728b)
Start importing Assets/Furniture Pack/Prefabs/Tables_Side_Tables_5.prefab using Guid(2afc8100d86c7c444a32c06ab1bbdde4) Importer(815301076,1909f56bfc062723c751e8b465ee728b)  -> (artifact id: '486a46e9572f540526ac18cb26c12fb6') in 0.090752 seconds
Number of updated asset objects reloaded before import = 0
Number of asset objects unloaded after import = 25
========================================================================
Received Import Request.
  Time since last request: 0.000223 seconds.
  path: Assets/Furniture Pack/Prefabs/Couches_Couch_Green.prefab
  artifactKey: Guid(b0f350924da2a504bb5b0339c01f82f0) Importer(815301076,1909f56bfc062723c751e8b465ee728b)
Start importing Assets/Furniture Pack/Prefabs/Couches_Couch_Green.prefab using Guid(b0f350924da2a504bb5b0339c01f82f0) Importer(815301076,1909f56bfc062723c751e8b465ee728b)  -> (artifact id: 'b4c401c51d449fd5a66a832a2e55f421') in 0.066282 seconds
Number of updated asset objects reloaded before import = 0
Number of asset objects unloaded after import = 24
========================================================================
Received Import Request.
  Time since last request: 0.005676 seconds.
  path: Assets/Furniture Pack/Prefabs/Chairs_Bar_Chairs_4.prefab
  artifactKey: Guid(ae3ac30c50ac59f48affd739cb30ce57) Importer(815301076,1909f56bfc062723c751e8b465ee728b)
Start importing Assets/Furniture Pack/Prefabs/Chairs_Bar_Chairs_4.prefab using Guid(ae3ac30c50ac59f48affd739cb30ce57) Importer(815301076,1909f56bfc062723c751e8b465ee728b)  -> (artifact id: '2cf1e8b25662296f627ebc7ff3b82f6f') in 0.067213 seconds
Number of updated asset objects reloaded before import = 0
Number of asset objects unloaded after import = 20
========================================================================
Received Import Request.
  Time since last request: 0.000031 seconds.
  path: Assets/Furniture Pack/Prefabs/Plants_Pots_3.prefab
  artifactKey: Guid(8c17f9e6dafe00d4f88dc5bc884af955) Importer(815301076,1909f56bfc062723c751e8b465ee728b)
Start importing Assets/Furniture Pack/Prefabs/Plants_Pots_3.prefab using Guid(8c17f9e6dafe00d4f88dc5bc884af955) Importer(815301076,1909f56bfc062723c751e8b465ee728b)  -> (artifact id: '44909314e4adf629caefa5381d4febb1') in 0.099752 seconds
Number of updated asset objects reloaded before import = 0
Number of asset objects unloaded after import = 25
========================================================================
Received Import Request.
  Time since last request: 0.000054 seconds.
  path: Assets/Furniture Pack/Prefabs/Couches_L_Couches_Light_Red.prefab
  artifactKey: Guid(9a5a3e647f230ae4882d6ced2b14ec41) Importer(815301076,1909f56bfc062723c751e8b465ee728b)
Start importing Assets/Furniture Pack/Prefabs/Couches_L_Couches_Light_Red.prefab using Guid(9a5a3e647f230ae4882d6ced2b14ec41) Importer(815301076,1909f56bfc062723c751e8b465ee728b)  -> (artifact id: 'f7f3bc3e8f21a9a8317c9e618480293a') in 0.099919 seconds
Number of updated asset objects reloaded before import = 0
Number of asset objects unloaded after import = 25
Editor requested this worker to shutdown with reason: Scaling down because of idle timeout
TcpMessagingSession - receive error
AssetImportWorkerClient::OnTransportError - code=2 error=End of file
AssetImportWorker is now disconnected from the server
Process exiting
Exiting without the bug reporter. Application will terminate with return code 0